<?xml version="1.0" encoding="UTF-8"?>
<testng-results ignored="0" total="122" passed="119" failed="3" skipped="0">
  <reporter-output>
  </reporter-output>
  <suite started-at="2022-01-12T11:34:05 PST" name="Default Suite" finished-at="2022-01-12T11:34:54 PST" duration-ms="49047">
    <groups>
    </groups>
    <test started-at="2022-01-12T11:34:05 PST" name="Revature_project2" finished-at="2022-01-12T11:34:54 PST" duration-ms="49047">
      <class name="service.CommentServiceTests">
        <test-method is-config="true" signature="setup()[pri:0, instance:service.CommentServiceTests@6a01e23]" started-at="2022-01-12T11:34:11 PST" name="setup" finished-at="2022-01-12T11:34:11 PST" duration-ms="478" status="PASS">
          <reporter-output>
          </reporter-output>
        </test-method> <!-- setup -->
        <test-method signature="serviceCreateComment()[pri:0, instance:service.CommentServiceTests@6a01e23]" started-at="2022-01-12T11:34:11 PST" name="serviceCreateComment" finished-at="2022-01-12T11:34:11 PST" duration-ms="11" status="PASS">
          <reporter-output>
          </reporter-output>
        </test-method> <!-- serviceCreateComment -->
        <test-method signature="serviceCreateLongComment()[pri:0, instance:service.CommentServiceTests@6a01e23]" started-at="2022-01-12T11:34:11 PST" name="serviceCreateLongComment" finished-at="2022-01-12T11:34:11 PST" duration-ms="0" status="PASS">
          <exception class="dev.chirp.customexceptions.InvalidInputException">
            <message>
              <![CDATA[Invalid Input]]>
            </message>
            <full-stacktrace>
              <![CDATA[dev.chirp.customexceptions.InvalidInputException: Invalid Input
at dev.chirp.service.implementations.CommentServiceImp.serviceCreateComment(CommentServiceImp.java:23)
at service.CommentServiceTests.serviceCreateLongComment(CommentServiceTests.java:44)
at java.base/jdk.internal.reflect.NativeMethodAccessorImpl.invoke0(Native Method)
at java.base/jdk.internal.reflect.NativeMethodAccessorImpl.invoke(NativeMethodAccessorImpl.java:77)
at java.base/jdk.internal.reflect.DelegatingMethodAccessorImpl.invoke(DelegatingMethodAccessorImpl.java:43)
at java.base/java.lang.reflect.Method.invoke(Method.java:568)
at org.testng.internal.MethodInvocationHelper.invokeMethod(MethodInvocationHelper.java:133)
at org.testng.internal.TestInvoker.invokeMethod(TestInvoker.java:598)
at org.testng.internal.TestInvoker.invokeTestMethod(TestInvoker.java:173)
at org.testng.internal.MethodRunner.runInSequence(MethodRunner.java:46)
at org.testng.internal.TestInvoker$MethodInvocationAgent.invoke(TestInvoker.java:824)
at org.testng.internal.TestInvoker.invokeTestMethods(TestInvoker.java:146)
at org.testng.internal.TestMethodWorker.invokeTestMethods(TestMethodWorker.java:146)
at org.testng.internal.TestMethodWorker.run(TestMethodWorker.java:128)
at java.base/java.util.ArrayList.forEach(ArrayList.java:1511)
at org.testng.TestRunner.privateRun(TestRunner.java:794)
at org.testng.TestRunner.run(TestRunner.java:596)
at org.testng.SuiteRunner.runTest(SuiteRunner.java:377)
at org.testng.SuiteRunner.runSequentially(SuiteRunner.java:371)
at org.testng.SuiteRunner.privateRun(SuiteRunner.java:332)
at org.testng.SuiteRunner.run(SuiteRunner.java:276)
at org.testng.SuiteRunnerWorker.runSuite(SuiteRunnerWorker.java:53)
at org.testng.SuiteRunnerWorker.run(SuiteRunnerWorker.java:96)
at org.testng.TestNG.runSuitesSequentially(TestNG.java:1212)
at org.testng.TestNG.runSuitesLocally(TestNG.java:1134)
at org.testng.TestNG.runSuites(TestNG.java:1063)
at org.testng.TestNG.run(TestNG.java:1031)
at com.intellij.rt.testng.IDEARemoteTestNG.run(IDEARemoteTestNG.java:66)
at com.intellij.rt.testng.RemoteTestNGStarter.main(RemoteTestNGStarter.java:109)
]]>
            </full-stacktrace>
          </exception> <!-- dev.chirp.customexceptions.InvalidInputException -->
          <reporter-output>
          </reporter-output>
        </test-method> <!-- serviceCreateLongComment -->
        <test-method signature="serviceCreateEmptyComment()[pri:0, instance:service.CommentServiceTests@6a01e23]" started-at="2022-01-12T11:34:11 PST" name="serviceCreateEmptyComment" finished-at="2022-01-12T11:34:11 PST" duration-ms="0" status="PASS">
          <exception class="dev.chirp.customexceptions.InvalidInputException">
            <message>
              <![CDATA[Invalid Input]]>
            </message>
            <full-stacktrace>
              <![CDATA[dev.chirp.customexceptions.InvalidInputException: Invalid Input
at dev.chirp.service.implementations.CommentServiceImp.serviceCreateComment(CommentServiceImp.java:23)
at service.CommentServiceTests.serviceCreateEmptyComment(CommentServiceTests.java:50)
at java.base/jdk.internal.reflect.NativeMethodAccessorImpl.invoke0(Native Method)
at java.base/jdk.internal.reflect.NativeMethodAccessorImpl.invoke(NativeMethodAccessorImpl.java:77)
at java.base/jdk.internal.reflect.DelegatingMethodAccessorImpl.invoke(DelegatingMethodAccessorImpl.java:43)
at java.base/java.lang.reflect.Method.invoke(Method.java:568)
at org.testng.internal.MethodInvocationHelper.invokeMethod(MethodInvocationHelper.java:133)
at org.testng.internal.TestInvoker.invokeMethod(TestInvoker.java:598)
at org.testng.internal.TestInvoker.invokeTestMethod(TestInvoker.java:173)
at org.testng.internal.MethodRunner.runInSequence(MethodRunner.java:46)
at org.testng.internal.TestInvoker$MethodInvocationAgent.invoke(TestInvoker.java:824)
at org.testng.internal.TestInvoker.invokeTestMethods(TestInvoker.java:146)
at org.testng.internal.TestMethodWorker.invokeTestMethods(TestMethodWorker.java:146)
at org.testng.internal.TestMethodWorker.run(TestMethodWorker.java:128)
at java.base/java.util.ArrayList.forEach(ArrayList.java:1511)
at org.testng.TestRunner.privateRun(TestRunner.java:794)
at org.testng.TestRunner.run(TestRunner.java:596)
at org.testng.SuiteRunner.runTest(SuiteRunner.java:377)
at org.testng.SuiteRunner.runSequentially(SuiteRunner.java:371)
at org.testng.SuiteRunner.privateRun(SuiteRunner.java:332)
at org.testng.SuiteRunner.run(SuiteRunner.java:276)
at org.testng.SuiteRunnerWorker.runSuite(SuiteRunnerWorker.java:53)
at org.testng.SuiteRunnerWorker.run(SuiteRunnerWorker.java:96)
at org.testng.TestNG.runSuitesSequentially(TestNG.java:1212)
at org.testng.TestNG.runSuitesLocally(TestNG.java:1134)
at org.testng.TestNG.runSuites(TestNG.java:1063)
at org.testng.TestNG.run(TestNG.java:1031)
at com.intellij.rt.testng.IDEARemoteTestNG.run(IDEARemoteTestNG.java:66)
at com.intellij.rt.testng.RemoteTestNGStarter.main(RemoteTestNGStarter.java:109)
]]>
            </full-stacktrace>
          </exception> <!-- dev.chirp.customexceptions.InvalidInputException -->
          <reporter-output>
          </reporter-output>
        </test-method> <!-- serviceCreateEmptyComment -->
        <test-method signature="serviceDeleteCommentByID()[pri:0, instance:service.CommentServiceTests@6a01e23]" started-at="2022-01-12T11:34:11 PST" name="serviceDeleteCommentByID" finished-at="2022-01-12T11:34:11 PST" duration-ms="2" status="PASS">
          <reporter-output>
          </reporter-output>
        </test-method> <!-- serviceDeleteCommentByID -->
        <test-method signature="serviceCreateNegativePostID()[pri:0, instance:service.CommentServiceTests@6a01e23]" started-at="2022-01-12T11:34:11 PST" name="serviceCreateNegativePostID" finished-at="2022-01-12T11:34:11 PST" duration-ms="0" status="PASS">
          <exception class="dev.chirp.customexceptions.InvalidInputException">
            <message>
              <![CDATA[Invalid Input]]>
            </message>
            <full-stacktrace>
              <![CDATA[dev.chirp.customexceptions.InvalidInputException: Invalid Input
at dev.chirp.service.implementations.CommentServiceImp.serviceCreateComment(CommentServiceImp.java:23)
at service.CommentServiceTests.serviceCreateNegativePostID(CommentServiceTests.java:56)
at java.base/jdk.internal.reflect.NativeMethodAccessorImpl.invoke0(Native Method)
at java.base/jdk.internal.reflect.NativeMethodAccessorImpl.invoke(NativeMethodAccessorImpl.java:77)
at java.base/jdk.internal.reflect.DelegatingMethodAccessorImpl.invoke(DelegatingMethodAccessorImpl.java:43)
at java.base/java.lang.reflect.Method.invoke(Method.java:568)
at org.testng.internal.MethodInvocationHelper.invokeMethod(MethodInvocationHelper.java:133)
at org.testng.internal.TestInvoker.invokeMethod(TestInvoker.java:598)
at org.testng.internal.TestInvoker.invokeTestMethod(TestInvoker.java:173)
at org.testng.internal.MethodRunner.runInSequence(MethodRunner.java:46)
at org.testng.internal.TestInvoker$MethodInvocationAgent.invoke(TestInvoker.java:824)
at org.testng.internal.TestInvoker.invokeTestMethods(TestInvoker.java:146)
at org.testng.internal.TestMethodWorker.invokeTestMethods(TestMethodWorker.java:146)
at org.testng.internal.TestMethodWorker.run(TestMethodWorker.java:128)
at java.base/java.util.ArrayList.forEach(ArrayList.java:1511)
at org.testng.TestRunner.privateRun(TestRunner.java:794)
at org.testng.TestRunner.run(TestRunner.java:596)
at org.testng.SuiteRunner.runTest(SuiteRunner.java:377)
at org.testng.SuiteRunner.runSequentially(SuiteRunner.java:371)
at org.testng.SuiteRunner.privateRun(SuiteRunner.java:332)
at org.testng.SuiteRunner.run(SuiteRunner.java:276)
at org.testng.SuiteRunnerWorker.runSuite(SuiteRunnerWorker.java:53)
at org.testng.SuiteRunnerWorker.run(SuiteRunnerWorker.java:96)
at org.testng.TestNG.runSuitesSequentially(TestNG.java:1212)
at org.testng.TestNG.runSuitesLocally(TestNG.java:1134)
at org.testng.TestNG.runSuites(TestNG.java:1063)
at org.testng.TestNG.run(TestNG.java:1031)
at com.intellij.rt.testng.IDEARemoteTestNG.run(IDEARemoteTestNG.java:66)
at com.intellij.rt.testng.RemoteTestNGStarter.main(RemoteTestNGStarter.java:109)
]]>
            </full-stacktrace>
          </exception> <!-- dev.chirp.customexceptions.InvalidInputException -->
          <reporter-output>
          </reporter-output>
        </test-method> <!-- serviceCreateNegativePostID -->
        <test-method signature="serviceCreateNegativeUserID()[pri:0, instance:service.CommentServiceTests@6a01e23]" started-at="2022-01-12T11:34:11 PST" name="serviceCreateNegativeUserID" finished-at="2022-01-12T11:34:11 PST" duration-ms="0" status="PASS">
          <exception class="dev.chirp.customexceptions.InvalidInputException">
            <message>
              <![CDATA[Invalid Input]]>
            </message>
            <full-stacktrace>
              <![CDATA[dev.chirp.customexceptions.InvalidInputException: Invalid Input
at dev.chirp.service.implementations.CommentServiceImp.serviceCreateComment(CommentServiceImp.java:23)
at service.CommentServiceTests.serviceCreateNegativeUserID(CommentServiceTests.java:62)
at java.base/jdk.internal.reflect.NativeMethodAccessorImpl.invoke0(Native Method)
at java.base/jdk.internal.reflect.NativeMethodAccessorImpl.invoke(NativeMethodAccessorImpl.java:77)
at java.base/jdk.internal.reflect.DelegatingMethodAccessorImpl.invoke(DelegatingMethodAccessorImpl.java:43)
at java.base/java.lang.reflect.Method.invoke(Method.java:568)
at org.testng.internal.MethodInvocationHelper.invokeMethod(MethodInvocationHelper.java:133)
at org.testng.internal.TestInvoker.invokeMethod(TestInvoker.java:598)
at org.testng.internal.TestInvoker.invokeTestMethod(TestInvoker.java:173)
at org.testng.internal.MethodRunner.runInSequence(MethodRunner.java:46)
at org.testng.internal.TestInvoker$MethodInvocationAgent.invoke(TestInvoker.java:824)
at org.testng.internal.TestInvoker.invokeTestMethods(TestInvoker.java:146)
at org.testng.internal.TestMethodWorker.invokeTestMethods(TestMethodWorker.java:146)
at org.testng.internal.TestMethodWorker.run(TestMethodWorker.java:128)
at java.base/java.util.ArrayList.forEach(ArrayList.java:1511)
at org.testng.TestRunner.privateRun(TestRunner.java:794)
at org.testng.TestRunner.run(TestRunner.java:596)
at org.testng.SuiteRunner.runTest(SuiteRunner.java:377)
at org.testng.SuiteRunner.runSequentially(SuiteRunner.java:371)
at org.testng.SuiteRunner.privateRun(SuiteRunner.java:332)
at org.testng.SuiteRunner.run(SuiteRunner.java:276)
at org.testng.SuiteRunnerWorker.runSuite(SuiteRunnerWorker.java:53)
at org.testng.SuiteRunnerWorker.run(SuiteRunnerWorker.java:96)
at org.testng.TestNG.runSuitesSequentially(TestNG.java:1212)
at org.testng.TestNG.runSuitesLocally(TestNG.java:1134)
at org.testng.TestNG.runSuites(TestNG.java:1063)
at org.testng.TestNG.run(TestNG.java:1031)
at com.intellij.rt.testng.IDEARemoteTestNG.run(IDEARemoteTestNG.java:66)
at com.intellij.rt.testng.RemoteTestNGStarter.main(RemoteTestNGStarter.java:109)
]]>
            </full-stacktrace>
          </exception> <!-- dev.chirp.customexceptions.InvalidInputException -->
          <reporter-output>
          </reporter-output>
        </test-method> <!-- serviceCreateNegativeUserID -->
        <test-method signature="serviceDeleteCommentByNegativeId()[pri:0, instance:service.CommentServiceTests@6a01e23]" started-at="2022-01-12T11:34:11 PST" name="serviceDeleteCommentByNegativeId" finished-at="2022-01-12T11:34:11 PST" duration-ms="0" status="PASS">
          <exception class="dev.chirp.customexceptions.InvalidInputException">
            <message>
              <![CDATA[Invalid Input]]>
            </message>
            <full-stacktrace>
              <![CDATA[dev.chirp.customexceptions.InvalidInputException: Invalid Input
at dev.chirp.service.implementations.CommentServiceImp.serviceDeleteCommentById(CommentServiceImp.java:52)
at service.CommentServiceTests.serviceDeleteCommentByNegativeId(CommentServiceTests.java:109)
at java.base/jdk.internal.reflect.NativeMethodAccessorImpl.invoke0(Native Method)
at java.base/jdk.internal.reflect.NativeMethodAccessorImpl.invoke(NativeMethodAccessorImpl.java:77)
at java.base/jdk.internal.reflect.DelegatingMethodAccessorImpl.invoke(DelegatingMethodAccessorImpl.java:43)
at java.base/java.lang.reflect.Method.invoke(Method.java:568)
at org.testng.internal.MethodInvocationHelper.invokeMethod(MethodInvocationHelper.java:133)
at org.testng.internal.TestInvoker.invokeMethod(TestInvoker.java:598)
at org.testng.internal.TestInvoker.invokeTestMethod(TestInvoker.java:173)
at org.testng.internal.MethodRunner.runInSequence(MethodRunner.java:46)
at org.testng.internal.TestInvoker$MethodInvocationAgent.invoke(TestInvoker.java:824)
at org.testng.internal.TestInvoker.invokeTestMethods(TestInvoker.java:146)
at org.testng.internal.TestMethodWorker.invokeTestMethods(TestMethodWorker.java:146)
at org.testng.internal.TestMethodWorker.run(TestMethodWorker.java:128)
at java.base/java.util.ArrayList.forEach(ArrayList.java:1511)
at org.testng.TestRunner.privateRun(TestRunner.java:794)
at org.testng.TestRunner.run(TestRunner.java:596)
at org.testng.SuiteRunner.runTest(SuiteRunner.java:377)
at org.testng.SuiteRunner.runSequentially(SuiteRunner.java:371)
at org.testng.SuiteRunner.privateRun(SuiteRunner.java:332)
at org.testng.SuiteRunner.run(SuiteRunner.java:276)
at org.testng.SuiteRunnerWorker.runSuite(SuiteRunnerWorker.java:53)
at org.testng.SuiteRunnerWorker.run(SuiteRunnerWorker.java:96)
at org.testng.TestNG.runSuitesSequentially(TestNG.java:1212)
at org.testng.TestNG.runSuitesLocally(TestNG.java:1134)
at org.testng.TestNG.runSuites(TestNG.java:1063)
at org.testng.TestNG.run(TestNG.java:1031)
at com.intellij.rt.testng.IDEARemoteTestNG.run(IDEARemoteTestNG.java:66)
at com.intellij.rt.testng.RemoteTestNGStarter.main(RemoteTestNGStarter.java:109)
]]>
            </full-stacktrace>
          </exception> <!-- dev.chirp.customexceptions.InvalidInputException -->
          <reporter-output>
          </reporter-output>
        </test-method> <!-- serviceDeleteCommentByNegativeId -->
        <test-method signature="serviceGetCommentByID()[pri:0, instance:service.CommentServiceTests@6a01e23]" started-at="2022-01-12T11:34:11 PST" name="serviceGetCommentByID" finished-at="2022-01-12T11:34:11 PST" duration-ms="0" status="PASS">
          <reporter-output>
          </reporter-output>
        </test-method> <!-- serviceGetCommentByID -->
        <test-method signature="serviceGetCommentByNegativeId()[pri:0, instance:service.CommentServiceTests@6a01e23]" started-at="2022-01-12T11:34:11 PST" name="serviceGetCommentByNegativeId" finished-at="2022-01-12T11:34:11 PST" duration-ms="0" status="PASS">
          <exception class="dev.chirp.customexceptions.InvalidInputException">
            <message>
              <![CDATA[Invalid Input]]>
            </message>
            <full-stacktrace>
              <![CDATA[dev.chirp.customexceptions.InvalidInputException: Invalid Input
at dev.chirp.service.implementations.CommentServiceImp.serviceGetCommentById(CommentServiceImp.java:31)
at service.CommentServiceTests.serviceGetCommentByNegativeId(CommentServiceTests.java:77)
at java.base/jdk.internal.reflect.NativeMethodAccessorImpl.invoke0(Native Method)
at java.base/jdk.internal.reflect.NativeMethodAccessorImpl.invoke(NativeMethodAccessorImpl.java:77)
at java.base/jdk.internal.reflect.DelegatingMethodAccessorImpl.invoke(DelegatingMethodAccessorImpl.java:43)
at java.base/java.lang.reflect.Method.invoke(Method.java:568)
at org.testng.internal.MethodInvocationHelper.invokeMethod(MethodInvocationHelper.java:133)
at org.testng.internal.TestInvoker.invokeMethod(TestInvoker.java:598)
at org.testng.internal.TestInvoker.invokeTestMethod(TestInvoker.java:173)
at org.testng.internal.MethodRunner.runInSequence(MethodRunner.java:46)
at org.testng.internal.TestInvoker$MethodInvocationAgent.invoke(TestInvoker.java:824)
at org.testng.internal.TestInvoker.invokeTestMethods(TestInvoker.java:146)
at org.testng.internal.TestMethodWorker.invokeTestMethods(TestMethodWorker.java:146)
at org.testng.internal.TestMethodWorker.run(TestMethodWorker.java:128)
at java.base/java.util.ArrayList.forEach(ArrayList.java:1511)
at org.testng.TestRunner.privateRun(TestRunner.java:794)
at org.testng.TestRunner.run(TestRunner.java:596)
at org.testng.SuiteRunner.runTest(SuiteRunner.java:377)
at org.testng.SuiteRunner.runSequentially(SuiteRunner.java:371)
at org.testng.SuiteRunner.privateRun(SuiteRunner.java:332)
at org.testng.SuiteRunner.run(SuiteRunner.java:276)
at org.testng.SuiteRunnerWorker.runSuite(SuiteRunnerWorker.java:53)
at org.testng.SuiteRunnerWorker.run(SuiteRunnerWorker.java:96)
at org.testng.TestNG.runSuitesSequentially(TestNG.java:1212)
at org.testng.TestNG.runSuitesLocally(TestNG.java:1134)
at org.testng.TestNG.runSuites(TestNG.java:1063)
at org.testng.TestNG.run(TestNG.java:1031)
at com.intellij.rt.testng.IDEARemoteTestNG.run(IDEARemoteTestNG.java:66)
at com.intellij.rt.testng.RemoteTestNGStarter.main(RemoteTestNGStarter.java:109)
]]>
            </full-stacktrace>
          </exception> <!-- dev.chirp.customexceptions.InvalidInputException -->
          <reporter-output>
          </reporter-output>
        </test-method> <!-- serviceGetCommentByNegativeId -->
        <test-method signature="serviceGetCommentsByPostID()[pri:0, instance:service.CommentServiceTests@6a01e23]" started-at="2022-01-12T11:34:11 PST" name="serviceGetCommentsByPostID" finished-at="2022-01-12T11:34:11 PST" duration-ms="1" status="PASS">
          <reporter-output>
          </reporter-output>
        </test-method> <!-- serviceGetCommentsByPostID -->
        <test-method signature="serviceGetCommentsByNegativePostID()[pri:0, instance:service.CommentServiceTests@6a01e23]" started-at="2022-01-12T11:34:11 PST" name="serviceGetCommentsByNegativePostID" finished-at="2022-01-12T11:34:11 PST" duration-ms="0" status="PASS">
          <exception class="dev.chirp.customexceptions.InvalidInputException">
            <message>
              <![CDATA[Invalid Input]]>
            </message>
            <full-stacktrace>
              <![CDATA[dev.chirp.customexceptions.InvalidInputException: Invalid Input
at dev.chirp.service.implementations.CommentServiceImp.serviceGetCommentsByPostId(CommentServiceImp.java:39)
at service.CommentServiceTests.serviceGetCommentsByNegativePostID(CommentServiceTests.java:92)
at java.base/jdk.internal.reflect.NativeMethodAccessorImpl.invoke0(Native Method)
at java.base/jdk.internal.reflect.NativeMethodAccessorImpl.invoke(NativeMethodAccessorImpl.java:77)
at java.base/jdk.internal.reflect.DelegatingMethodAccessorImpl.invoke(DelegatingMethodAccessorImpl.java:43)
at java.base/java.lang.reflect.Method.invoke(Method.java:568)
at org.testng.internal.MethodInvocationHelper.invokeMethod(MethodInvocationHelper.java:133)
at org.testng.internal.TestInvoker.invokeMethod(TestInvoker.java:598)
at org.testng.internal.TestInvoker.invokeTestMethod(TestInvoker.java:173)
at org.testng.internal.MethodRunner.runInSequence(MethodRunner.java:46)
at org.testng.internal.TestInvoker$MethodInvocationAgent.invoke(TestInvoker.java:824)
at org.testng.internal.TestInvoker.invokeTestMethods(TestInvoker.java:146)
at org.testng.internal.TestMethodWorker.invokeTestMethods(TestMethodWorker.java:146)
at org.testng.internal.TestMethodWorker.run(TestMethodWorker.java:128)
at java.base/java.util.ArrayList.forEach(ArrayList.java:1511)
at org.testng.TestRunner.privateRun(TestRunner.java:794)
at org.testng.TestRunner.run(TestRunner.java:596)
at org.testng.SuiteRunner.runTest(SuiteRunner.java:377)
at org.testng.SuiteRunner.runSequentially(SuiteRunner.java:371)
at org.testng.SuiteRunner.privateRun(SuiteRunner.java:332)
at org.testng.SuiteRunner.run(SuiteRunner.java:276)
at org.testng.SuiteRunnerWorker.runSuite(SuiteRunnerWorker.java:53)
at org.testng.SuiteRunnerWorker.run(SuiteRunnerWorker.java:96)
at org.testng.TestNG.runSuitesSequentially(TestNG.java:1212)
at org.testng.TestNG.runSuitesLocally(TestNG.java:1134)
at org.testng.TestNG.runSuites(TestNG.java:1063)
at org.testng.TestNG.run(TestNG.java:1031)
at com.intellij.rt.testng.IDEARemoteTestNG.run(IDEARemoteTestNG.java:66)
at com.intellij.rt.testng.RemoteTestNGStarter.main(RemoteTestNGStarter.java:109)
]]>
            </full-stacktrace>
          </exception> <!-- dev.chirp.customexceptions.InvalidInputException -->
          <reporter-output>
          </reporter-output>
        </test-method> <!-- serviceGetCommentsByNegativePostID -->
      </class> <!-- service.CommentServiceTests -->
      <class name="service.PostServiceTests">
        <test-method is-config="true" signature="setup()[pri:0, instance:service.PostServiceTests@7d3a22a9]" started-at="2022-01-12T11:34:54 PST" name="setup" finished-at="2022-01-12T11:34:54 PST" duration-ms="16" status="PASS">
          <reporter-output>
          </reporter-output>
        </test-method> <!-- setup -->
        <test-method signature="serviceCreatePostEmptyString()[pri:0, instance:service.PostServiceTests@7d3a22a9]" started-at="2022-01-12T11:34:54 PST" name="serviceCreatePostEmptyString" finished-at="2022-01-12T11:34:54 PST" duration-ms="0" status="PASS">
          <exception class="dev.chirp.customexceptions.InvalidInputException">
            <message>
              <![CDATA[Invalid Input]]>
            </message>
            <full-stacktrace>
              <![CDATA[dev.chirp.customexceptions.InvalidInputException: Invalid Input
at dev.chirp.service.implementations.PostService.serviceCreatePost(PostService.java:21)
at service.PostServiceTests.serviceCreatePostEmptyString(PostServiceTests.java:62)
at java.base/jdk.internal.reflect.NativeMethodAccessorImpl.invoke0(Native Method)
at java.base/jdk.internal.reflect.NativeMethodAccessorImpl.invoke(NativeMethodAccessorImpl.java:77)
at java.base/jdk.internal.reflect.DelegatingMethodAccessorImpl.invoke(DelegatingMethodAccessorImpl.java:43)
at java.base/java.lang.reflect.Method.invoke(Method.java:568)
at org.testng.internal.MethodInvocationHelper.invokeMethod(MethodInvocationHelper.java:133)
at org.testng.internal.TestInvoker.invokeMethod(TestInvoker.java:598)
at org.testng.internal.TestInvoker.invokeTestMethod(TestInvoker.java:173)
at org.testng.internal.MethodRunner.runInSequence(MethodRunner.java:46)
at org.testng.internal.TestInvoker$MethodInvocationAgent.invoke(TestInvoker.java:824)
at org.testng.internal.TestInvoker.invokeTestMethods(TestInvoker.java:146)
at org.testng.internal.TestMethodWorker.invokeTestMethods(TestMethodWorker.java:146)
at org.testng.internal.TestMethodWorker.run(TestMethodWorker.java:128)
at java.base/java.util.ArrayList.forEach(ArrayList.java:1511)
at org.testng.TestRunner.privateRun(TestRunner.java:794)
at org.testng.TestRunner.run(TestRunner.java:596)
at org.testng.SuiteRunner.runTest(SuiteRunner.java:377)
at org.testng.SuiteRunner.runSequentially(SuiteRunner.java:371)
at org.testng.SuiteRunner.privateRun(SuiteRunner.java:332)
at org.testng.SuiteRunner.run(SuiteRunner.java:276)
at org.testng.SuiteRunnerWorker.runSuite(SuiteRunnerWorker.java:53)
at org.testng.SuiteRunnerWorker.run(SuiteRunnerWorker.java:96)
at org.testng.TestNG.runSuitesSequentially(TestNG.java:1212)
at org.testng.TestNG.runSuitesLocally(TestNG.java:1134)
at org.testng.TestNG.runSuites(TestNG.java:1063)
at org.testng.TestNG.run(TestNG.java:1031)
at com.intellij.rt.testng.IDEARemoteTestNG.run(IDEARemoteTestNG.java:66)
at com.intellij.rt.testng.RemoteTestNGStarter.main(RemoteTestNGStarter.java:109)
]]>
            </full-stacktrace>
          </exception> <!-- dev.chirp.customexceptions.InvalidInputException -->
          <reporter-output>
          </reporter-output>
        </test-method> <!-- serviceCreatePostEmptyString -->
        <test-method signature="serviceCreatePostLongsString()[pri:0, instance:service.PostServiceTests@7d3a22a9]" started-at="2022-01-12T11:34:54 PST" name="serviceCreatePostLongsString" finished-at="2022-01-12T11:34:54 PST" duration-ms="0" status="PASS">
          <exception class="dev.chirp.customexceptions.InvalidInputException">
            <message>
              <![CDATA[Invalid Input]]>
            </message>
            <full-stacktrace>
              <![CDATA[dev.chirp.customexceptions.InvalidInputException: Invalid Input
at dev.chirp.service.implementations.PostService.serviceCreatePost(PostService.java:21)
at service.PostServiceTests.serviceCreatePostLongsString(PostServiceTests.java:56)
at java.base/jdk.internal.reflect.NativeMethodAccessorImpl.invoke0(Native Method)
at java.base/jdk.internal.reflect.NativeMethodAccessorImpl.invoke(NativeMethodAccessorImpl.java:77)
at java.base/jdk.internal.reflect.DelegatingMethodAccessorImpl.invoke(DelegatingMethodAccessorImpl.java:43)
at java.base/java.lang.reflect.Method.invoke(Method.java:568)
at org.testng.internal.MethodInvocationHelper.invokeMethod(MethodInvocationHelper.java:133)
at org.testng.internal.TestInvoker.invokeMethod(TestInvoker.java:598)
at org.testng.internal.TestInvoker.invokeTestMethod(TestInvoker.java:173)
at org.testng.internal.MethodRunner.runInSequence(MethodRunner.java:46)
at org.testng.internal.TestInvoker$MethodInvocationAgent.invoke(TestInvoker.java:824)
at org.testng.internal.TestInvoker.invokeTestMethods(TestInvoker.java:146)
at org.testng.internal.TestMethodWorker.invokeTestMethods(TestMethodWorker.java:146)
at org.testng.internal.TestMethodWorker.run(TestMethodWorker.java:128)
at java.base/java.util.ArrayList.forEach(ArrayList.java:1511)
at org.testng.TestRunner.privateRun(TestRunner.java:794)
at org.testng.TestRunner.run(TestRunner.java:596)
at org.testng.SuiteRunner.runTest(SuiteRunner.java:377)
at org.testng.SuiteRunner.runSequentially(SuiteRunner.java:371)
at org.testng.SuiteRunner.privateRun(SuiteRunner.java:332)
at org.testng.SuiteRunner.run(SuiteRunner.java:276)
at org.testng.SuiteRunnerWorker.runSuite(SuiteRunnerWorker.java:53)
at org.testng.SuiteRunnerWorker.run(SuiteRunnerWorker.java:96)
at org.testng.TestNG.runSuitesSequentially(TestNG.java:1212)
at org.testng.TestNG.runSuitesLocally(TestNG.java:1134)
at org.testng.TestNG.runSuites(TestNG.java:1063)
at org.testng.TestNG.run(TestNG.java:1031)
at com.intellij.rt.testng.IDEARemoteTestNG.run(IDEARemoteTestNG.java:66)
at com.intellij.rt.testng.RemoteTestNGStarter.main(RemoteTestNGStarter.java:109)
]]>
            </full-stacktrace>
          </exception> <!-- dev.chirp.customexceptions.InvalidInputException -->
          <reporter-output>
          </reporter-output>
        </test-method> <!-- serviceCreatePostLongsString -->
        <test-method signature="serviceCreatePostNegativeUserId()[pri:0, instance:service.PostServiceTests@7d3a22a9]" started-at="2022-01-12T11:34:54 PST" name="serviceCreatePostNegativeUserId" finished-at="2022-01-12T11:34:54 PST" duration-ms="0" status="PASS">
          <exception class="dev.chirp.customexceptions.InvalidInputException">
            <message>
              <![CDATA[Invalid Input]]>
            </message>
            <full-stacktrace>
              <![CDATA[dev.chirp.customexceptions.InvalidInputException: Invalid Input
at dev.chirp.service.implementations.PostService.serviceCreatePost(PostService.java:21)
at service.PostServiceTests.serviceCreatePostNegativeUserId(PostServiceTests.java:68)
at java.base/jdk.internal.reflect.NativeMethodAccessorImpl.invoke0(Native Method)
at java.base/jdk.internal.reflect.NativeMethodAccessorImpl.invoke(NativeMethodAccessorImpl.java:77)
at java.base/jdk.internal.reflect.DelegatingMethodAccessorImpl.invoke(DelegatingMethodAccessorImpl.java:43)
at java.base/java.lang.reflect.Method.invoke(Method.java:568)
at org.testng.internal.MethodInvocationHelper.invokeMethod(MethodInvocationHelper.java:133)
at org.testng.internal.TestInvoker.invokeMethod(TestInvoker.java:598)
at org.testng.internal.TestInvoker.invokeTestMethod(TestInvoker.java:173)
at org.testng.internal.MethodRunner.runInSequence(MethodRunner.java:46)
at org.testng.internal.TestInvoker$MethodInvocationAgent.invoke(TestInvoker.java:824)
at org.testng.internal.TestInvoker.invokeTestMethods(TestInvoker.java:146)
at org.testng.internal.TestMethodWorker.invokeTestMethods(TestMethodWorker.java:146)
at org.testng.internal.TestMethodWorker.run(TestMethodWorker.java:128)
at java.base/java.util.ArrayList.forEach(ArrayList.java:1511)
at org.testng.TestRunner.privateRun(TestRunner.java:794)
at org.testng.TestRunner.run(TestRunner.java:596)
at org.testng.SuiteRunner.runTest(SuiteRunner.java:377)
at org.testng.SuiteRunner.runSequentially(SuiteRunner.java:371)
at org.testng.SuiteRunner.privateRun(SuiteRunner.java:332)
at org.testng.SuiteRunner.run(SuiteRunner.java:276)
at org.testng.SuiteRunnerWorker.runSuite(SuiteRunnerWorker.java:53)
at org.testng.SuiteRunnerWorker.run(SuiteRunnerWorker.java:96)
at org.testng.TestNG.runSuitesSequentially(TestNG.java:1212)
at org.testng.TestNG.runSuitesLocally(TestNG.java:1134)
at org.testng.TestNG.runSuites(TestNG.java:1063)
at org.testng.TestNG.run(TestNG.java:1031)
at com.intellij.rt.testng.IDEARemoteTestNG.run(IDEARemoteTestNG.java:66)
at com.intellij.rt.testng.RemoteTestNGStarter.main(RemoteTestNGStarter.java:109)
]]>
            </full-stacktrace>
          </exception> <!-- dev.chirp.customexceptions.InvalidInputException -->
          <reporter-output>
          </reporter-output>
        </test-method> <!-- serviceCreatePostNegativeUserId -->
        <test-method signature="serviceCreatePostValid()[pri:0, instance:service.PostServiceTests@7d3a22a9]" started-at="2022-01-12T11:34:54 PST" name="serviceCreatePostValid" finished-at="2022-01-12T11:34:54 PST" duration-ms="0" status="PASS">
          <reporter-output>
          </reporter-output>
        </test-method> <!-- serviceCreatePostValid -->
        <test-method signature="serviceGetPostByIdValid()[pri:0, instance:service.PostServiceTests@7d3a22a9]" started-at="2022-01-12T11:34:54 PST" name="serviceGetPostByIdValid" finished-at="2022-01-12T11:34:54 PST" duration-ms="0" status="PASS">
          <reporter-output>
          </reporter-output>
        </test-method> <!-- serviceGetPostByIdValid -->
        <test-method signature="serviceDeletePostByIdValid()[pri:0, instance:service.PostServiceTests@7d3a22a9]" started-at="2022-01-12T11:34:54 PST" name="serviceDeletePostByIdValid" finished-at="2022-01-12T11:34:54 PST" duration-ms="0" status="PASS">
          <reporter-output>
          </reporter-output>
        </test-method> <!-- serviceDeletePostByIdValid -->
        <test-method signature="serviceGetPostByUserIdValid()[pri:0, instance:service.PostServiceTests@7d3a22a9]" started-at="2022-01-12T11:34:54 PST" name="serviceGetPostByUserIdValid" finished-at="2022-01-12T11:34:54 PST" duration-ms="0" status="PASS">
          <reporter-output>
          </reporter-output>
        </test-method> <!-- serviceGetPostByUserIdValid -->
        <test-method signature="serviceGetPostByUserIdInvalidId()[pri:0, instance:service.PostServiceTests@7d3a22a9]" started-at="2022-01-12T11:34:54 PST" name="serviceGetPostByUserIdInvalidId" finished-at="2022-01-12T11:34:54 PST" duration-ms="0" status="PASS">
          <exception class="dev.chirp.customexceptions.InvalidInputException">
            <message>
              <![CDATA[Invalid Input]]>
            </message>
            <full-stacktrace>
              <![CDATA[dev.chirp.customexceptions.InvalidInputException: Invalid Input
at dev.chirp.service.implementations.PostService.serviceGetPostByUserId(PostService.java:50)
at service.PostServiceTests.serviceGetPostByUserIdInvalidId(PostServiceTests.java:119)
at java.base/jdk.internal.reflect.NativeMethodAccessorImpl.invoke0(Native Method)
at java.base/jdk.internal.reflect.NativeMethodAccessorImpl.invoke(NativeMethodAccessorImpl.java:77)
at java.base/jdk.internal.reflect.DelegatingMethodAccessorImpl.invoke(DelegatingMethodAccessorImpl.java:43)
at java.base/java.lang.reflect.Method.invoke(Method.java:568)
at org.testng.internal.MethodInvocationHelper.invokeMethod(MethodInvocationHelper.java:133)
at org.testng.internal.TestInvoker.invokeMethod(TestInvoker.java:598)
at org.testng.internal.TestInvoker.invokeTestMethod(TestInvoker.java:173)
at org.testng.internal.MethodRunner.runInSequence(MethodRunner.java:46)
at org.testng.internal.TestInvoker$MethodInvocationAgent.invoke(TestInvoker.java:824)
at org.testng.internal.TestInvoker.invokeTestMethods(TestInvoker.java:146)
at org.testng.internal.TestMethodWorker.invokeTestMethods(TestMethodWorker.java:146)
at org.testng.internal.TestMethodWorker.run(TestMethodWorker.java:128)
at java.base/java.util.ArrayList.forEach(ArrayList.java:1511)
at org.testng.TestRunner.privateRun(TestRunner.java:794)
at org.testng.TestRunner.run(TestRunner.java:596)
at org.testng.SuiteRunner.runTest(SuiteRunner.java:377)
at org.testng.SuiteRunner.runSequentially(SuiteRunner.java:371)
at org.testng.SuiteRunner.privateRun(SuiteRunner.java:332)
at org.testng.SuiteRunner.run(SuiteRunner.java:276)
at org.testng.SuiteRunnerWorker.runSuite(SuiteRunnerWorker.java:53)
at org.testng.SuiteRunnerWorker.run(SuiteRunnerWorker.java:96)
at org.testng.TestNG.runSuitesSequentially(TestNG.java:1212)
at org.testng.TestNG.runSuitesLocally(TestNG.java:1134)
at org.testng.TestNG.runSuites(TestNG.java:1063)
at org.testng.TestNG.run(TestNG.java:1031)
at com.intellij.rt.testng.IDEARemoteTestNG.run(IDEARemoteTestNG.java:66)
at com.intellij.rt.testng.RemoteTestNGStarter.main(RemoteTestNGStarter.java:109)
]]>
            </full-stacktrace>
          </exception> <!-- dev.chirp.customexceptions.InvalidInputException -->
          <reporter-output>
          </reporter-output>
        </test-method> <!-- serviceGetPostByUserIdInvalidId -->
        <test-method signature="serviceGetPostByIdInvalidId()[pri:0, instance:service.PostServiceTests@7d3a22a9]" started-at="2022-01-12T11:34:54 PST" name="serviceGetPostByIdInvalidId" finished-at="2022-01-12T11:34:54 PST" duration-ms="0" status="PASS">
          <exception class="dev.chirp.customexceptions.InvalidInputException">
            <message>
              <![CDATA[Invalid Input]]>
            </message>
            <full-stacktrace>
              <![CDATA[dev.chirp.customexceptions.InvalidInputException: Invalid Input
at dev.chirp.service.implementations.PostService.serviceGetPostById(PostService.java:29)
at service.PostServiceTests.serviceGetPostByIdInvalidId(PostServiceTests.java:83)
at java.base/jdk.internal.reflect.NativeMethodAccessorImpl.invoke0(Native Method)
at java.base/jdk.internal.reflect.NativeMethodAccessorImpl.invoke(NativeMethodAccessorImpl.java:77)
at java.base/jdk.internal.reflect.DelegatingMethodAccessorImpl.invoke(DelegatingMethodAccessorImpl.java:43)
at java.base/java.lang.reflect.Method.invoke(Method.java:568)
at org.testng.internal.MethodInvocationHelper.invokeMethod(MethodInvocationHelper.java:133)
at org.testng.internal.TestInvoker.invokeMethod(TestInvoker.java:598)
at org.testng.internal.TestInvoker.invokeTestMethod(TestInvoker.java:173)
at org.testng.internal.MethodRunner.runInSequence(MethodRunner.java:46)
at org.testng.internal.TestInvoker$MethodInvocationAgent.invoke(TestInvoker.java:824)
at org.testng.internal.TestInvoker.invokeTestMethods(TestInvoker.java:146)
at org.testng.internal.TestMethodWorker.invokeTestMethods(TestMethodWorker.java:146)
at org.testng.internal.TestMethodWorker.run(TestMethodWorker.java:128)
at java.base/java.util.ArrayList.forEach(ArrayList.java:1511)
at org.testng.TestRunner.privateRun(TestRunner.java:794)
at org.testng.TestRunner.run(TestRunner.java:596)
at org.testng.SuiteRunner.runTest(SuiteRunner.java:377)
at org.testng.SuiteRunner.runSequentially(SuiteRunner.java:371)
at org.testng.SuiteRunner.privateRun(SuiteRunner.java:332)
at org.testng.SuiteRunner.run(SuiteRunner.java:276)
at org.testng.SuiteRunnerWorker.runSuite(SuiteRunnerWorker.java:53)
at org.testng.SuiteRunnerWorker.run(SuiteRunnerWorker.java:96)
at org.testng.TestNG.runSuitesSequentially(TestNG.java:1212)
at org.testng.TestNG.runSuitesLocally(TestNG.java:1134)
at org.testng.TestNG.runSuites(TestNG.java:1063)
at org.testng.TestNG.run(TestNG.java:1031)
at com.intellij.rt.testng.IDEARemoteTestNG.run(IDEARemoteTestNG.java:66)
at com.intellij.rt.testng.RemoteTestNGStarter.main(RemoteTestNGStarter.java:109)
]]>
            </full-stacktrace>
          </exception> <!-- dev.chirp.customexceptions.InvalidInputException -->
          <reporter-output>
          </reporter-output>
        </test-method> <!-- serviceGetPostByIdInvalidId -->
        <test-method signature="serviceDeletePostByIdInvalidId()[pri:0, instance:service.PostServiceTests@7d3a22a9]" started-at="2022-01-12T11:34:54 PST" name="serviceDeletePostByIdInvalidId" finished-at="2022-01-12T11:34:54 PST" duration-ms="0" status="PASS">
          <exception class="dev.chirp.customexceptions.InvalidInputException">
            <message>
              <![CDATA[Invalid Input]]>
            </message>
            <full-stacktrace>
              <![CDATA[dev.chirp.customexceptions.InvalidInputException: Invalid Input
at dev.chirp.service.implementations.PostService.serviceDeletePostById(PostService.java:58)
at service.PostServiceTests.serviceDeletePostByIdInvalidId(PostServiceTests.java:134)
at java.base/jdk.internal.reflect.NativeMethodAccessorImpl.invoke0(Native Method)
at java.base/jdk.internal.reflect.NativeMethodAccessorImpl.invoke(NativeMethodAccessorImpl.java:77)
at java.base/jdk.internal.reflect.DelegatingMethodAccessorImpl.invoke(DelegatingMethodAccessorImpl.java:43)
at java.base/java.lang.reflect.Method.invoke(Method.java:568)
at org.testng.internal.MethodInvocationHelper.invokeMethod(MethodInvocationHelper.java:133)
at org.testng.internal.TestInvoker.invokeMethod(TestInvoker.java:598)
at org.testng.internal.TestInvoker.invokeTestMethod(TestInvoker.java:173)
at org.testng.internal.MethodRunner.runInSequence(MethodRunner.java:46)
at org.testng.internal.TestInvoker$MethodInvocationAgent.invoke(TestInvoker.java:824)
at org.testng.internal.TestInvoker.invokeTestMethods(TestInvoker.java:146)
at org.testng.internal.TestMethodWorker.invokeTestMethods(TestMethodWorker.java:146)
at org.testng.internal.TestMethodWorker.run(TestMethodWorker.java:128)
at java.base/java.util.ArrayList.forEach(ArrayList.java:1511)
at org.testng.TestRunner.privateRun(TestRunner.java:794)
at org.testng.TestRunner.run(TestRunner.java:596)
at org.testng.SuiteRunner.runTest(SuiteRunner.java:377)
at org.testng.SuiteRunner.runSequentially(SuiteRunner.java:371)
at org.testng.SuiteRunner.privateRun(SuiteRunner.java:332)
at org.testng.SuiteRunner.run(SuiteRunner.java:276)
at org.testng.SuiteRunnerWorker.runSuite(SuiteRunnerWorker.java:53)
at org.testng.SuiteRunnerWorker.run(SuiteRunnerWorker.java:96)
at org.testng.TestNG.runSuitesSequentially(TestNG.java:1212)
at org.testng.TestNG.runSuitesLocally(TestNG.java:1134)
at org.testng.TestNG.runSuites(TestNG.java:1063)
at org.testng.TestNG.run(TestNG.java:1031)
at com.intellij.rt.testng.IDEARemoteTestNG.run(IDEARemoteTestNG.java:66)
at com.intellij.rt.testng.RemoteTestNGStarter.main(RemoteTestNGStarter.java:109)
]]>
            </full-stacktrace>
          </exception> <!-- dev.chirp.customexceptions.InvalidInputException -->
          <reporter-output>
          </reporter-output>
        </test-method> <!-- serviceDeletePostByIdInvalidId -->
        <test-method signature="serviceGetPostModuleByIdValid()[pri:0, instance:service.PostServiceTests@7d3a22a9]" started-at="2022-01-12T11:34:54 PST" name="serviceGetPostModuleByIdValid" finished-at="2022-01-12T11:34:54 PST" duration-ms="0" status="PASS">
          <reporter-output>
          </reporter-output>
        </test-method> <!-- serviceGetPostModuleByIdValid -->
        <test-method signature="serviceGetPostModuleByIdInvalidId()[pri:0, instance:service.PostServiceTests@7d3a22a9]" started-at="2022-01-12T11:34:54 PST" name="serviceGetPostModuleByIdInvalidId" finished-at="2022-01-12T11:34:54 PST" duration-ms="0" status="PASS">
          <exception class="dev.chirp.customexceptions.InvalidInputException">
            <message>
              <![CDATA[Invalid Input]]>
            </message>
            <full-stacktrace>
              <![CDATA[dev.chirp.customexceptions.InvalidInputException: Invalid Input
at dev.chirp.service.implementations.PostService.serviceGetPostModuleByPostId(PostService.java:37)
at service.PostServiceTests.serviceGetPostModuleByIdInvalidId(PostServiceTests.java:101)
at java.base/jdk.internal.reflect.NativeMethodAccessorImpl.invoke0(Native Method)
at java.base/jdk.internal.reflect.NativeMethodAccessorImpl.invoke(NativeMethodAccessorImpl.java:77)
at java.base/jdk.internal.reflect.DelegatingMethodAccessorImpl.invoke(DelegatingMethodAccessorImpl.java:43)
at java.base/java.lang.reflect.Method.invoke(Method.java:568)
at org.testng.internal.MethodInvocationHelper.invokeMethod(MethodInvocationHelper.java:133)
at org.testng.internal.TestInvoker.invokeMethod(TestInvoker.java:598)
at org.testng.internal.TestInvoker.invokeTestMethod(TestInvoker.java:173)
at org.testng.internal.MethodRunner.runInSequence(MethodRunner.java:46)
at org.testng.internal.TestInvoker$MethodInvocationAgent.invoke(TestInvoker.java:824)
at org.testng.internal.TestInvoker.invokeTestMethods(TestInvoker.java:146)
at org.testng.internal.TestMethodWorker.invokeTestMethods(TestMethodWorker.java:146)
at org.testng.internal.TestMethodWorker.run(TestMethodWorker.java:128)
at java.base/java.util.ArrayList.forEach(ArrayList.java:1511)
at org.testng.TestRunner.privateRun(TestRunner.java:794)
at org.testng.TestRunner.run(TestRunner.java:596)
at org.testng.SuiteRunner.runTest(SuiteRunner.java:377)
at org.testng.SuiteRunner.runSequentially(SuiteRunner.java:371)
at org.testng.SuiteRunner.privateRun(SuiteRunner.java:332)
at org.testng.SuiteRunner.run(SuiteRunner.java:276)
at org.testng.SuiteRunnerWorker.runSuite(SuiteRunnerWorker.java:53)
at org.testng.SuiteRunnerWorker.run(SuiteRunnerWorker.java:96)
at org.testng.TestNG.runSuitesSequentially(TestNG.java:1212)
at org.testng.TestNG.runSuitesLocally(TestNG.java:1134)
at org.testng.TestNG.runSuites(TestNG.java:1063)
at org.testng.TestNG.run(TestNG.java:1031)
at com.intellij.rt.testng.IDEARemoteTestNG.run(IDEARemoteTestNG.java:66)
at com.intellij.rt.testng.RemoteTestNGStarter.main(RemoteTestNGStarter.java:109)
]]>
            </full-stacktrace>
          </exception> <!-- dev.chirp.customexceptions.InvalidInputException -->
          <reporter-output>
          </reporter-output>
        </test-method> <!-- serviceGetPostModuleByIdInvalidId -->
      </class> <!-- service.PostServiceTests -->
      <class name="service.UserServiceTests">
        <test-method is-config="true" signature="setup()[pri:0, instance:service.UserServiceTests@4c15e7fd]" started-at="2022-01-12T11:34:46 PST" name="setup" finished-at="2022-01-12T11:34:46 PST" duration-ms="18" status="PASS">
          <reporter-output>
          </reporter-output>
        </test-method> <!-- setup -->
        <test-method signature="serviceRequestLoginEmptyUserName()[pri:0, instance:service.UserServiceTests@4c15e7fd]" started-at="2022-01-12T11:34:46 PST" name="serviceRequestLoginEmptyUserName" finished-at="2022-01-12T11:34:46 PST" duration-ms="0" status="PASS">
          <exception class="dev.chirp.customexceptions.InvalidInputException">
            <message>
              <![CDATA[Invalid Input]]>
            </message>
            <full-stacktrace>
              <![CDATA[dev.chirp.customexceptions.InvalidInputException: Invalid Input
at dev.chirp.service.implementations.UserService.serviceRequestLogin(UserService.java:23)
at service.UserServiceTests.serviceRequestLoginEmptyUserName(UserServiceTests.java:49)
at java.base/jdk.internal.reflect.NativeMethodAccessorImpl.invoke0(Native Method)
at java.base/jdk.internal.reflect.NativeMethodAccessorImpl.invoke(NativeMethodAccessorImpl.java:77)
at java.base/jdk.internal.reflect.DelegatingMethodAccessorImpl.invoke(DelegatingMethodAccessorImpl.java:43)
at java.base/java.lang.reflect.Method.invoke(Method.java:568)
at org.testng.internal.MethodInvocationHelper.invokeMethod(MethodInvocationHelper.java:133)
at org.testng.internal.TestInvoker.invokeMethod(TestInvoker.java:598)
at org.testng.internal.TestInvoker.invokeTestMethod(TestInvoker.java:173)
at org.testng.internal.MethodRunner.runInSequence(MethodRunner.java:46)
at org.testng.internal.TestInvoker$MethodInvocationAgent.invoke(TestInvoker.java:824)
at org.testng.internal.TestInvoker.invokeTestMethods(TestInvoker.java:146)
at org.testng.internal.TestMethodWorker.invokeTestMethods(TestMethodWorker.java:146)
at org.testng.internal.TestMethodWorker.run(TestMethodWorker.java:128)
at java.base/java.util.ArrayList.forEach(ArrayList.java:1511)
at org.testng.TestRunner.privateRun(TestRunner.java:794)
at org.testng.TestRunner.run(TestRunner.java:596)
at org.testng.SuiteRunner.runTest(SuiteRunner.java:377)
at org.testng.SuiteRunner.runSequentially(SuiteRunner.java:371)
at org.testng.SuiteRunner.privateRun(SuiteRunner.java:332)
at org.testng.SuiteRunner.run(SuiteRunner.java:276)
at org.testng.SuiteRunnerWorker.runSuite(SuiteRunnerWorker.java:53)
at org.testng.SuiteRunnerWorker.run(SuiteRunnerWorker.java:96)
at org.testng.TestNG.runSuitesSequentially(TestNG.java:1212)
at org.testng.TestNG.runSuitesLocally(TestNG.java:1134)
at org.testng.TestNG.runSuites(TestNG.java:1063)
at org.testng.TestNG.run(TestNG.java:1031)
at com.intellij.rt.testng.IDEARemoteTestNG.run(IDEARemoteTestNG.java:66)
at com.intellij.rt.testng.RemoteTestNGStarter.main(RemoteTestNGStarter.java:109)
]]>
            </full-stacktrace>
          </exception> <!-- dev.chirp.customexceptions.InvalidInputException -->
          <reporter-output>
          </reporter-output>
        </test-method> <!-- serviceRequestLoginEmptyUserName -->
        <test-method signature="serviceRequestLoginEmptyPassword()[pri:0, instance:service.UserServiceTests@4c15e7fd]" started-at="2022-01-12T11:34:46 PST" name="serviceRequestLoginEmptyPassword" finished-at="2022-01-12T11:34:46 PST" duration-ms="0" status="PASS">
          <exception class="dev.chirp.customexceptions.InvalidInputException">
            <message>
              <![CDATA[Invalid Input]]>
            </message>
            <full-stacktrace>
              <![CDATA[dev.chirp.customexceptions.InvalidInputException: Invalid Input
at dev.chirp.service.implementations.UserService.serviceRequestLogin(UserService.java:23)
at service.UserServiceTests.serviceRequestLoginEmptyPassword(UserServiceTests.java:54)
at java.base/jdk.internal.reflect.NativeMethodAccessorImpl.invoke0(Native Method)
at java.base/jdk.internal.reflect.NativeMethodAccessorImpl.invoke(NativeMethodAccessorImpl.java:77)
at java.base/jdk.internal.reflect.DelegatingMethodAccessorImpl.invoke(DelegatingMethodAccessorImpl.java:43)
at java.base/java.lang.reflect.Method.invoke(Method.java:568)
at org.testng.internal.MethodInvocationHelper.invokeMethod(MethodInvocationHelper.java:133)
at org.testng.internal.TestInvoker.invokeMethod(TestInvoker.java:598)
at org.testng.internal.TestInvoker.invokeTestMethod(TestInvoker.java:173)
at org.testng.internal.MethodRunner.runInSequence(MethodRunner.java:46)
at org.testng.internal.TestInvoker$MethodInvocationAgent.invoke(TestInvoker.java:824)
at org.testng.internal.TestInvoker.invokeTestMethods(TestInvoker.java:146)
at org.testng.internal.TestMethodWorker.invokeTestMethods(TestMethodWorker.java:146)
at org.testng.internal.TestMethodWorker.run(TestMethodWorker.java:128)
at java.base/java.util.ArrayList.forEach(ArrayList.java:1511)
at org.testng.TestRunner.privateRun(TestRunner.java:794)
at org.testng.TestRunner.run(TestRunner.java:596)
at org.testng.SuiteRunner.runTest(SuiteRunner.java:377)
at org.testng.SuiteRunner.runSequentially(SuiteRunner.java:371)
at org.testng.SuiteRunner.privateRun(SuiteRunner.java:332)
at org.testng.SuiteRunner.run(SuiteRunner.java:276)
at org.testng.SuiteRunnerWorker.runSuite(SuiteRunnerWorker.java:53)
at org.testng.SuiteRunnerWorker.run(SuiteRunnerWorker.java:96)
at org.testng.TestNG.runSuitesSequentially(TestNG.java:1212)
at org.testng.TestNG.runSuitesLocally(TestNG.java:1134)
at org.testng.TestNG.runSuites(TestNG.java:1063)
at org.testng.TestNG.run(TestNG.java:1031)
at com.intellij.rt.testng.IDEARemoteTestNG.run(IDEARemoteTestNG.java:66)
at com.intellij.rt.testng.RemoteTestNGStarter.main(RemoteTestNGStarter.java:109)
]]>
            </full-stacktrace>
          </exception> <!-- dev.chirp.customexceptions.InvalidInputException -->
          <reporter-output>
          </reporter-output>
        </test-method> <!-- serviceRequestLoginEmptyPassword -->
        <test-method signature="serviceRequestLoginLongUserName()[pri:0, instance:service.UserServiceTests@4c15e7fd]" started-at="2022-01-12T11:34:46 PST" name="serviceRequestLoginLongUserName" finished-at="2022-01-12T11:34:46 PST" duration-ms="0" status="PASS">
          <exception class="dev.chirp.customexceptions.InvalidInputException">
            <message>
              <![CDATA[Invalid Input]]>
            </message>
            <full-stacktrace>
              <![CDATA[dev.chirp.customexceptions.InvalidInputException: Invalid Input
at dev.chirp.service.implementations.UserService.serviceRequestLogin(UserService.java:23)
at service.UserServiceTests.serviceRequestLoginLongUserName(UserServiceTests.java:34)
at java.base/jdk.internal.reflect.NativeMethodAccessorImpl.invoke0(Native Method)
at java.base/jdk.internal.reflect.NativeMethodAccessorImpl.invoke(NativeMethodAccessorImpl.java:77)
at java.base/jdk.internal.reflect.DelegatingMethodAccessorImpl.invoke(DelegatingMethodAccessorImpl.java:43)
at java.base/java.lang.reflect.Method.invoke(Method.java:568)
at org.testng.internal.MethodInvocationHelper.invokeMethod(MethodInvocationHelper.java:133)
at org.testng.internal.TestInvoker.invokeMethod(TestInvoker.java:598)
at org.testng.internal.TestInvoker.invokeTestMethod(TestInvoker.java:173)
at org.testng.internal.MethodRunner.runInSequence(MethodRunner.java:46)
at org.testng.internal.TestInvoker$MethodInvocationAgent.invoke(TestInvoker.java:824)
at org.testng.internal.TestInvoker.invokeTestMethods(TestInvoker.java:146)
at org.testng.internal.TestMethodWorker.invokeTestMethods(TestMethodWorker.java:146)
at org.testng.internal.TestMethodWorker.run(TestMethodWorker.java:128)
at java.base/java.util.ArrayList.forEach(ArrayList.java:1511)
at org.testng.TestRunner.privateRun(TestRunner.java:794)
at org.testng.TestRunner.run(TestRunner.java:596)
at org.testng.SuiteRunner.runTest(SuiteRunner.java:377)
at org.testng.SuiteRunner.runSequentially(SuiteRunner.java:371)
at org.testng.SuiteRunner.privateRun(SuiteRunner.java:332)
at org.testng.SuiteRunner.run(SuiteRunner.java:276)
at org.testng.SuiteRunnerWorker.runSuite(SuiteRunnerWorker.java:53)
at org.testng.SuiteRunnerWorker.run(SuiteRunnerWorker.java:96)
at org.testng.TestNG.runSuitesSequentially(TestNG.java:1212)
at org.testng.TestNG.runSuitesLocally(TestNG.java:1134)
at org.testng.TestNG.runSuites(TestNG.java:1063)
at org.testng.TestNG.run(TestNG.java:1031)
at com.intellij.rt.testng.IDEARemoteTestNG.run(IDEARemoteTestNG.java:66)
at com.intellij.rt.testng.RemoteTestNGStarter.main(RemoteTestNGStarter.java:109)
]]>
            </full-stacktrace>
          </exception> <!-- dev.chirp.customexceptions.InvalidInputException -->
          <reporter-output>
          </reporter-output>
        </test-method> <!-- serviceRequestLoginLongUserName -->
        <test-method signature="serviceRequestLoginLongPassword()[pri:0, instance:service.UserServiceTests@4c15e7fd]" started-at="2022-01-12T11:34:46 PST" name="serviceRequestLoginLongPassword" finished-at="2022-01-12T11:34:46 PST" duration-ms="0" status="PASS">
          <exception class="dev.chirp.customexceptions.InvalidInputException">
            <message>
              <![CDATA[Invalid Input]]>
            </message>
            <full-stacktrace>
              <![CDATA[dev.chirp.customexceptions.InvalidInputException: Invalid Input
at dev.chirp.service.implementations.UserService.serviceRequestLogin(UserService.java:23)
at service.UserServiceTests.serviceRequestLoginLongPassword(UserServiceTests.java:39)
at java.base/jdk.internal.reflect.NativeMethodAccessorImpl.invoke0(Native Method)
at java.base/jdk.internal.reflect.NativeMethodAccessorImpl.invoke(NativeMethodAccessorImpl.java:77)
at java.base/jdk.internal.reflect.DelegatingMethodAccessorImpl.invoke(DelegatingMethodAccessorImpl.java:43)
at java.base/java.lang.reflect.Method.invoke(Method.java:568)
at org.testng.internal.MethodInvocationHelper.invokeMethod(MethodInvocationHelper.java:133)
at org.testng.internal.TestInvoker.invokeMethod(TestInvoker.java:598)
at org.testng.internal.TestInvoker.invokeTestMethod(TestInvoker.java:173)
at org.testng.internal.MethodRunner.runInSequence(MethodRunner.java:46)
at org.testng.internal.TestInvoker$MethodInvocationAgent.invoke(TestInvoker.java:824)
at org.testng.internal.TestInvoker.invokeTestMethods(TestInvoker.java:146)
at org.testng.internal.TestMethodWorker.invokeTestMethods(TestMethodWorker.java:146)
at org.testng.internal.TestMethodWorker.run(TestMethodWorker.java:128)
at java.base/java.util.ArrayList.forEach(ArrayList.java:1511)
at org.testng.TestRunner.privateRun(TestRunner.java:794)
at org.testng.TestRunner.run(TestRunner.java:596)
at org.testng.SuiteRunner.runTest(SuiteRunner.java:377)
at org.testng.SuiteRunner.runSequentially(SuiteRunner.java:371)
at org.testng.SuiteRunner.privateRun(SuiteRunner.java:332)
at org.testng.SuiteRunner.run(SuiteRunner.java:276)
at org.testng.SuiteRunnerWorker.runSuite(SuiteRunnerWorker.java:53)
at org.testng.SuiteRunnerWorker.run(SuiteRunnerWorker.java:96)
at org.testng.TestNG.runSuitesSequentially(TestNG.java:1212)
at org.testng.TestNG.runSuitesLocally(TestNG.java:1134)
at org.testng.TestNG.runSuites(TestNG.java:1063)
at org.testng.TestNG.run(TestNG.java:1031)
at com.intellij.rt.testng.IDEARemoteTestNG.run(IDEARemoteTestNG.java:66)
at com.intellij.rt.testng.RemoteTestNGStarter.main(RemoteTestNGStarter.java:109)
]]>
            </full-stacktrace>
          </exception> <!-- dev.chirp.customexceptions.InvalidInputException -->
          <reporter-output>
          </reporter-output>
        </test-method> <!-- serviceRequestLoginLongPassword -->
        <test-method signature="serviceRequestLoginLongUserNameAndPassword()[pri:0, instance:service.UserServiceTests@4c15e7fd]" started-at="2022-01-12T11:34:46 PST" name="serviceRequestLoginLongUserNameAndPassword" finished-at="2022-01-12T11:34:46 PST" duration-ms="1" status="PASS">
          <exception class="dev.chirp.customexceptions.InvalidInputException">
            <message>
              <![CDATA[Invalid Input]]>
            </message>
            <full-stacktrace>
              <![CDATA[dev.chirp.customexceptions.InvalidInputException: Invalid Input
at dev.chirp.service.implementations.UserService.serviceRequestLogin(UserService.java:23)
at service.UserServiceTests.serviceRequestLoginLongUserNameAndPassword(UserServiceTests.java:44)
at java.base/jdk.internal.reflect.NativeMethodAccessorImpl.invoke0(Native Method)
at java.base/jdk.internal.reflect.NativeMethodAccessorImpl.invoke(NativeMethodAccessorImpl.java:77)
at java.base/jdk.internal.reflect.DelegatingMethodAccessorImpl.invoke(DelegatingMethodAccessorImpl.java:43)
at java.base/java.lang.reflect.Method.invoke(Method.java:568)
at org.testng.internal.MethodInvocationHelper.invokeMethod(MethodInvocationHelper.java:133)
at org.testng.internal.TestInvoker.invokeMethod(TestInvoker.java:598)
at org.testng.internal.TestInvoker.invokeTestMethod(TestInvoker.java:173)
at org.testng.internal.MethodRunner.runInSequence(MethodRunner.java:46)
at org.testng.internal.TestInvoker$MethodInvocationAgent.invoke(TestInvoker.java:824)
at org.testng.internal.TestInvoker.invokeTestMethods(TestInvoker.java:146)
at org.testng.internal.TestMethodWorker.invokeTestMethods(TestMethodWorker.java:146)
at org.testng.internal.TestMethodWorker.run(TestMethodWorker.java:128)
at java.base/java.util.ArrayList.forEach(ArrayList.java:1511)
at org.testng.TestRunner.privateRun(TestRunner.java:794)
at org.testng.TestRunner.run(TestRunner.java:596)
at org.testng.SuiteRunner.runTest(SuiteRunner.java:377)
at org.testng.SuiteRunner.runSequentially(SuiteRunner.java:371)
at org.testng.SuiteRunner.privateRun(SuiteRunner.java:332)
at org.testng.SuiteRunner.run(SuiteRunner.java:276)
at org.testng.SuiteRunnerWorker.runSuite(SuiteRunnerWorker.java:53)
at org.testng.SuiteRunnerWorker.run(SuiteRunnerWorker.java:96)
at org.testng.TestNG.runSuitesSequentially(TestNG.java:1212)
at org.testng.TestNG.runSuitesLocally(TestNG.java:1134)
at org.testng.TestNG.runSuites(TestNG.java:1063)
at org.testng.TestNG.run(TestNG.java:1031)
at com.intellij.rt.testng.IDEARemoteTestNG.run(IDEARemoteTestNG.java:66)
at com.intellij.rt.testng.RemoteTestNGStarter.main(RemoteTestNGStarter.java:109)
]]>
            </full-stacktrace>
          </exception> <!-- dev.chirp.customexceptions.InvalidInputException -->
          <reporter-output>
          </reporter-output>
        </test-method> <!-- serviceRequestLoginLongUserNameAndPassword -->
        <test-method signature="serviceRequestLoginEmptyUserNameAndPassword()[pri:0, instance:service.UserServiceTests@4c15e7fd]" started-at="2022-01-12T11:34:46 PST" name="serviceRequestLoginEmptyUserNameAndPassword" finished-at="2022-01-12T11:34:46 PST" duration-ms="0" status="PASS">
          <exception class="dev.chirp.customexceptions.InvalidInputException">
            <message>
              <![CDATA[Invalid Input]]>
            </message>
            <full-stacktrace>
              <![CDATA[dev.chirp.customexceptions.InvalidInputException: Invalid Input
at dev.chirp.service.implementations.UserService.serviceRequestLogin(UserService.java:23)
at service.UserServiceTests.serviceRequestLoginEmptyUserNameAndPassword(UserServiceTests.java:59)
at java.base/jdk.internal.reflect.NativeMethodAccessorImpl.invoke0(Native Method)
at java.base/jdk.internal.reflect.NativeMethodAccessorImpl.invoke(NativeMethodAccessorImpl.java:77)
at java.base/jdk.internal.reflect.DelegatingMethodAccessorImpl.invoke(DelegatingMethodAccessorImpl.java:43)
at java.base/java.lang.reflect.Method.invoke(Method.java:568)
at org.testng.internal.MethodInvocationHelper.invokeMethod(MethodInvocationHelper.java:133)
at org.testng.internal.TestInvoker.invokeMethod(TestInvoker.java:598)
at org.testng.internal.TestInvoker.invokeTestMethod(TestInvoker.java:173)
at org.testng.internal.MethodRunner.runInSequence(MethodRunner.java:46)
at org.testng.internal.TestInvoker$MethodInvocationAgent.invoke(TestInvoker.java:824)
at org.testng.internal.TestInvoker.invokeTestMethods(TestInvoker.java:146)
at org.testng.internal.TestMethodWorker.invokeTestMethods(TestMethodWorker.java:146)
at org.testng.internal.TestMethodWorker.run(TestMethodWorker.java:128)
at java.base/java.util.ArrayList.forEach(ArrayList.java:1511)
at org.testng.TestRunner.privateRun(TestRunner.java:794)
at org.testng.TestRunner.run(TestRunner.java:596)
at org.testng.SuiteRunner.runTest(SuiteRunner.java:377)
at org.testng.SuiteRunner.runSequentially(SuiteRunner.java:371)
at org.testng.SuiteRunner.privateRun(SuiteRunner.java:332)
at org.testng.SuiteRunner.run(SuiteRunner.java:276)
at org.testng.SuiteRunnerWorker.runSuite(SuiteRunnerWorker.java:53)
at org.testng.SuiteRunnerWorker.run(SuiteRunnerWorker.java:96)
at org.testng.TestNG.runSuitesSequentially(TestNG.java:1212)
at org.testng.TestNG.runSuitesLocally(TestNG.java:1134)
at org.testng.TestNG.runSuites(TestNG.java:1063)
at org.testng.TestNG.run(TestNG.java:1031)
at com.intellij.rt.testng.IDEARemoteTestNG.run(IDEARemoteTestNG.java:66)
at com.intellij.rt.testng.RemoteTestNGStarter.main(RemoteTestNGStarter.java:109)
]]>
            </full-stacktrace>
          </exception> <!-- dev.chirp.customexceptions.InvalidInputException -->
          <reporter-output>
          </reporter-output>
        </test-method> <!-- serviceRequestLoginEmptyUserNameAndPassword -->
        <test-method signature="testServiceCreateAccountEmptyLastName()[pri:0, instance:service.UserServiceTests@4c15e7fd]" started-at="2022-01-12T11:34:46 PST" name="testServiceCreateAccountEmptyLastName" finished-at="2022-01-12T11:34:46 PST" duration-ms="0" status="PASS">
          <exception class="dev.chirp.customexceptions.InvalidInputException">
            <message>
              <![CDATA[Invalid Input]]>
            </message>
            <full-stacktrace>
              <![CDATA[dev.chirp.customexceptions.InvalidInputException: Invalid Input
at dev.chirp.service.implementations.UserService.serviceCreateAccount(UserService.java:35)
at service.UserServiceTests.testServiceCreateAccountEmptyLastName(UserServiceTests.java:110)
at java.base/jdk.internal.reflect.NativeMethodAccessorImpl.invoke0(Native Method)
at java.base/jdk.internal.reflect.NativeMethodAccessorImpl.invoke(NativeMethodAccessorImpl.java:77)
at java.base/jdk.internal.reflect.DelegatingMethodAccessorImpl.invoke(DelegatingMethodAccessorImpl.java:43)
at java.base/java.lang.reflect.Method.invoke(Method.java:568)
at org.testng.internal.MethodInvocationHelper.invokeMethod(MethodInvocationHelper.java:133)
at org.testng.internal.TestInvoker.invokeMethod(TestInvoker.java:598)
at org.testng.internal.TestInvoker.invokeTestMethod(TestInvoker.java:173)
at org.testng.internal.MethodRunner.runInSequence(MethodRunner.java:46)
at org.testng.internal.TestInvoker$MethodInvocationAgent.invoke(TestInvoker.java:824)
at org.testng.internal.TestInvoker.invokeTestMethods(TestInvoker.java:146)
at org.testng.internal.TestMethodWorker.invokeTestMethods(TestMethodWorker.java:146)
at org.testng.internal.TestMethodWorker.run(TestMethodWorker.java:128)
at java.base/java.util.ArrayList.forEach(ArrayList.java:1511)
at org.testng.TestRunner.privateRun(TestRunner.java:794)
at org.testng.TestRunner.run(TestRunner.java:596)
at org.testng.SuiteRunner.runTest(SuiteRunner.java:377)
at org.testng.SuiteRunner.runSequentially(SuiteRunner.java:371)
at org.testng.SuiteRunner.privateRun(SuiteRunner.java:332)
at org.testng.SuiteRunner.run(SuiteRunner.java:276)
at org.testng.SuiteRunnerWorker.runSuite(SuiteRunnerWorker.java:53)
at org.testng.SuiteRunnerWorker.run(SuiteRunnerWorker.java:96)
at org.testng.TestNG.runSuitesSequentially(TestNG.java:1212)
at org.testng.TestNG.runSuitesLocally(TestNG.java:1134)
at org.testng.TestNG.runSuites(TestNG.java:1063)
at org.testng.TestNG.run(TestNG.java:1031)
at com.intellij.rt.testng.IDEARemoteTestNG.run(IDEARemoteTestNG.java:66)
at com.intellij.rt.testng.RemoteTestNGStarter.main(RemoteTestNGStarter.java:109)
]]>
            </full-stacktrace>
          </exception> <!-- dev.chirp.customexceptions.InvalidInputException -->
          <reporter-output>
          </reporter-output>
        </test-method> <!-- testServiceCreateAccountEmptyLastName -->
        <test-method signature="testServiceCreateAccountEmptyEmail()[pri:0, instance:service.UserServiceTests@4c15e7fd]" started-at="2022-01-12T11:34:46 PST" name="testServiceCreateAccountEmptyEmail" finished-at="2022-01-12T11:34:46 PST" duration-ms="0" status="PASS">
          <exception class="dev.chirp.customexceptions.InvalidInputException">
            <message>
              <![CDATA[Invalid Input]]>
            </message>
            <full-stacktrace>
              <![CDATA[dev.chirp.customexceptions.InvalidInputException: Invalid Input
at dev.chirp.service.implementations.UserService.serviceCreateAccount(UserService.java:35)
at service.UserServiceTests.testServiceCreateAccountEmptyEmail(UserServiceTests.java:115)
at java.base/jdk.internal.reflect.NativeMethodAccessorImpl.invoke0(Native Method)
at java.base/jdk.internal.reflect.NativeMethodAccessorImpl.invoke(NativeMethodAccessorImpl.java:77)
at java.base/jdk.internal.reflect.DelegatingMethodAccessorImpl.invoke(DelegatingMethodAccessorImpl.java:43)
at java.base/java.lang.reflect.Method.invoke(Method.java:568)
at org.testng.internal.MethodInvocationHelper.invokeMethod(MethodInvocationHelper.java:133)
at org.testng.internal.TestInvoker.invokeMethod(TestInvoker.java:598)
at org.testng.internal.TestInvoker.invokeTestMethod(TestInvoker.java:173)
at org.testng.internal.MethodRunner.runInSequence(MethodRunner.java:46)
at org.testng.internal.TestInvoker$MethodInvocationAgent.invoke(TestInvoker.java:824)
at org.testng.internal.TestInvoker.invokeTestMethods(TestInvoker.java:146)
at org.testng.internal.TestMethodWorker.invokeTestMethods(TestMethodWorker.java:146)
at org.testng.internal.TestMethodWorker.run(TestMethodWorker.java:128)
at java.base/java.util.ArrayList.forEach(ArrayList.java:1511)
at org.testng.TestRunner.privateRun(TestRunner.java:794)
at org.testng.TestRunner.run(TestRunner.java:596)
at org.testng.SuiteRunner.runTest(SuiteRunner.java:377)
at org.testng.SuiteRunner.runSequentially(SuiteRunner.java:371)
at org.testng.SuiteRunner.privateRun(SuiteRunner.java:332)
at org.testng.SuiteRunner.run(SuiteRunner.java:276)
at org.testng.SuiteRunnerWorker.runSuite(SuiteRunnerWorker.java:53)
at org.testng.SuiteRunnerWorker.run(SuiteRunnerWorker.java:96)
at org.testng.TestNG.runSuitesSequentially(TestNG.java:1212)
at org.testng.TestNG.runSuitesLocally(TestNG.java:1134)
at org.testng.TestNG.runSuites(TestNG.java:1063)
at org.testng.TestNG.run(TestNG.java:1031)
at com.intellij.rt.testng.IDEARemoteTestNG.run(IDEARemoteTestNG.java:66)
at com.intellij.rt.testng.RemoteTestNGStarter.main(RemoteTestNGStarter.java:109)
]]>
            </full-stacktrace>
          </exception> <!-- dev.chirp.customexceptions.InvalidInputException -->
          <reporter-output>
          </reporter-output>
        </test-method> <!-- testServiceCreateAccountEmptyEmail -->
        <test-method signature="testServiceCreateAccountEmptyFirstName()[pri:0, instance:service.UserServiceTests@4c15e7fd]" started-at="2022-01-12T11:34:46 PST" name="testServiceCreateAccountEmptyFirstName" finished-at="2022-01-12T11:34:46 PST" duration-ms="0" status="PASS">
          <exception class="dev.chirp.customexceptions.InvalidInputException">
            <message>
              <![CDATA[Invalid Input]]>
            </message>
            <full-stacktrace>
              <![CDATA[dev.chirp.customexceptions.InvalidInputException: Invalid Input
at dev.chirp.service.implementations.UserService.serviceCreateAccount(UserService.java:35)
at service.UserServiceTests.testServiceCreateAccountEmptyFirstName(UserServiceTests.java:105)
at java.base/jdk.internal.reflect.NativeMethodAccessorImpl.invoke0(Native Method)
at java.base/jdk.internal.reflect.NativeMethodAccessorImpl.invoke(NativeMethodAccessorImpl.java:77)
at java.base/jdk.internal.reflect.DelegatingMethodAccessorImpl.invoke(DelegatingMethodAccessorImpl.java:43)
at java.base/java.lang.reflect.Method.invoke(Method.java:568)
at org.testng.internal.MethodInvocationHelper.invokeMethod(MethodInvocationHelper.java:133)
at org.testng.internal.TestInvoker.invokeMethod(TestInvoker.java:598)
at org.testng.internal.TestInvoker.invokeTestMethod(TestInvoker.java:173)
at org.testng.internal.MethodRunner.runInSequence(MethodRunner.java:46)
at org.testng.internal.TestInvoker$MethodInvocationAgent.invoke(TestInvoker.java:824)
at org.testng.internal.TestInvoker.invokeTestMethods(TestInvoker.java:146)
at org.testng.internal.TestMethodWorker.invokeTestMethods(TestMethodWorker.java:146)
at org.testng.internal.TestMethodWorker.run(TestMethodWorker.java:128)
at java.base/java.util.ArrayList.forEach(ArrayList.java:1511)
at org.testng.TestRunner.privateRun(TestRunner.java:794)
at org.testng.TestRunner.run(TestRunner.java:596)
at org.testng.SuiteRunner.runTest(SuiteRunner.java:377)
at org.testng.SuiteRunner.runSequentially(SuiteRunner.java:371)
at org.testng.SuiteRunner.privateRun(SuiteRunner.java:332)
at org.testng.SuiteRunner.run(SuiteRunner.java:276)
at org.testng.SuiteRunnerWorker.runSuite(SuiteRunnerWorker.java:53)
at org.testng.SuiteRunnerWorker.run(SuiteRunnerWorker.java:96)
at org.testng.TestNG.runSuitesSequentially(TestNG.java:1212)
at org.testng.TestNG.runSuitesLocally(TestNG.java:1134)
at org.testng.TestNG.runSuites(TestNG.java:1063)
at org.testng.TestNG.run(TestNG.java:1031)
at com.intellij.rt.testng.IDEARemoteTestNG.run(IDEARemoteTestNG.java:66)
at com.intellij.rt.testng.RemoteTestNGStarter.main(RemoteTestNGStarter.java:109)
]]>
            </full-stacktrace>
          </exception> <!-- dev.chirp.customexceptions.InvalidInputException -->
          <reporter-output>
          </reporter-output>
        </test-method> <!-- testServiceCreateAccountEmptyFirstName -->
        <test-method signature="testServiceCreateAccountLongEmail()[pri:0, instance:service.UserServiceTests@4c15e7fd]" started-at="2022-01-12T11:34:46 PST" name="testServiceCreateAccountLongEmail" finished-at="2022-01-12T11:34:46 PST" duration-ms="0" status="PASS">
          <exception class="dev.chirp.customexceptions.InvalidInputException">
            <message>
              <![CDATA[Invalid Input]]>
            </message>
            <full-stacktrace>
              <![CDATA[dev.chirp.customexceptions.InvalidInputException: Invalid Input
at dev.chirp.service.implementations.UserService.serviceCreateAccount(UserService.java:35)
at service.UserServiceTests.testServiceCreateAccountLongEmail(UserServiceTests.java:90)
at java.base/jdk.internal.reflect.NativeMethodAccessorImpl.invoke0(Native Method)
at java.base/jdk.internal.reflect.NativeMethodAccessorImpl.invoke(NativeMethodAccessorImpl.java:77)
at java.base/jdk.internal.reflect.DelegatingMethodAccessorImpl.invoke(DelegatingMethodAccessorImpl.java:43)
at java.base/java.lang.reflect.Method.invoke(Method.java:568)
at org.testng.internal.MethodInvocationHelper.invokeMethod(MethodInvocationHelper.java:133)
at org.testng.internal.TestInvoker.invokeMethod(TestInvoker.java:598)
at org.testng.internal.TestInvoker.invokeTestMethod(TestInvoker.java:173)
at org.testng.internal.MethodRunner.runInSequence(MethodRunner.java:46)
at org.testng.internal.TestInvoker$MethodInvocationAgent.invoke(TestInvoker.java:824)
at org.testng.internal.TestInvoker.invokeTestMethods(TestInvoker.java:146)
at org.testng.internal.TestMethodWorker.invokeTestMethods(TestMethodWorker.java:146)
at org.testng.internal.TestMethodWorker.run(TestMethodWorker.java:128)
at java.base/java.util.ArrayList.forEach(ArrayList.java:1511)
at org.testng.TestRunner.privateRun(TestRunner.java:794)
at org.testng.TestRunner.run(TestRunner.java:596)
at org.testng.SuiteRunner.runTest(SuiteRunner.java:377)
at org.testng.SuiteRunner.runSequentially(SuiteRunner.java:371)
at org.testng.SuiteRunner.privateRun(SuiteRunner.java:332)
at org.testng.SuiteRunner.run(SuiteRunner.java:276)
at org.testng.SuiteRunnerWorker.runSuite(SuiteRunnerWorker.java:53)
at org.testng.SuiteRunnerWorker.run(SuiteRunnerWorker.java:96)
at org.testng.TestNG.runSuitesSequentially(TestNG.java:1212)
at org.testng.TestNG.runSuitesLocally(TestNG.java:1134)
at org.testng.TestNG.runSuites(TestNG.java:1063)
at org.testng.TestNG.run(TestNG.java:1031)
at com.intellij.rt.testng.IDEARemoteTestNG.run(IDEARemoteTestNG.java:66)
at com.intellij.rt.testng.RemoteTestNGStarter.main(RemoteTestNGStarter.java:109)
]]>
            </full-stacktrace>
          </exception> <!-- dev.chirp.customexceptions.InvalidInputException -->
          <reporter-output>
          </reporter-output>
        </test-method> <!-- testServiceCreateAccountLongEmail -->
        <test-method signature="testServiceCreateAccountLongFirstName()[pri:0, instance:service.UserServiceTests@4c15e7fd]" started-at="2022-01-12T11:34:46 PST" name="testServiceCreateAccountLongFirstName" finished-at="2022-01-12T11:34:46 PST" duration-ms="0" status="PASS">
          <exception class="dev.chirp.customexceptions.InvalidInputException">
            <message>
              <![CDATA[Invalid Input]]>
            </message>
            <full-stacktrace>
              <![CDATA[dev.chirp.customexceptions.InvalidInputException: Invalid Input
at dev.chirp.service.implementations.UserService.serviceCreateAccount(UserService.java:35)
at service.UserServiceTests.testServiceCreateAccountLongFirstName(UserServiceTests.java:80)
at java.base/jdk.internal.reflect.NativeMethodAccessorImpl.invoke0(Native Method)
at java.base/jdk.internal.reflect.NativeMethodAccessorImpl.invoke(NativeMethodAccessorImpl.java:77)
at java.base/jdk.internal.reflect.DelegatingMethodAccessorImpl.invoke(DelegatingMethodAccessorImpl.java:43)
at java.base/java.lang.reflect.Method.invoke(Method.java:568)
at org.testng.internal.MethodInvocationHelper.invokeMethod(MethodInvocationHelper.java:133)
at org.testng.internal.TestInvoker.invokeMethod(TestInvoker.java:598)
at org.testng.internal.TestInvoker.invokeTestMethod(TestInvoker.java:173)
at org.testng.internal.MethodRunner.runInSequence(MethodRunner.java:46)
at org.testng.internal.TestInvoker$MethodInvocationAgent.invoke(TestInvoker.java:824)
at org.testng.internal.TestInvoker.invokeTestMethods(TestInvoker.java:146)
at org.testng.internal.TestMethodWorker.invokeTestMethods(TestMethodWorker.java:146)
at org.testng.internal.TestMethodWorker.run(TestMethodWorker.java:128)
at java.base/java.util.ArrayList.forEach(ArrayList.java:1511)
at org.testng.TestRunner.privateRun(TestRunner.java:794)
at org.testng.TestRunner.run(TestRunner.java:596)
at org.testng.SuiteRunner.runTest(SuiteRunner.java:377)
at org.testng.SuiteRunner.runSequentially(SuiteRunner.java:371)
at org.testng.SuiteRunner.privateRun(SuiteRunner.java:332)
at org.testng.SuiteRunner.run(SuiteRunner.java:276)
at org.testng.SuiteRunnerWorker.runSuite(SuiteRunnerWorker.java:53)
at org.testng.SuiteRunnerWorker.run(SuiteRunnerWorker.java:96)
at org.testng.TestNG.runSuitesSequentially(TestNG.java:1212)
at org.testng.TestNG.runSuitesLocally(TestNG.java:1134)
at org.testng.TestNG.runSuites(TestNG.java:1063)
at org.testng.TestNG.run(TestNG.java:1031)
at com.intellij.rt.testng.IDEARemoteTestNG.run(IDEARemoteTestNG.java:66)
at com.intellij.rt.testng.RemoteTestNGStarter.main(RemoteTestNGStarter.java:109)
]]>
            </full-stacktrace>
          </exception> <!-- dev.chirp.customexceptions.InvalidInputException -->
          <reporter-output>
          </reporter-output>
        </test-method> <!-- testServiceCreateAccountLongFirstName -->
        <test-method signature="testServiceCreateAccountEmptyPassword()[pri:0, instance:service.UserServiceTests@4c15e7fd]" started-at="2022-01-12T11:34:46 PST" name="testServiceCreateAccountEmptyPassword" finished-at="2022-01-12T11:34:46 PST" duration-ms="0" status="PASS">
          <exception class="dev.chirp.customexceptions.InvalidInputException">
            <message>
              <![CDATA[Invalid Input]]>
            </message>
            <full-stacktrace>
              <![CDATA[dev.chirp.customexceptions.InvalidInputException: Invalid Input
at dev.chirp.service.implementations.UserService.serviceCreateAccount(UserService.java:35)
at service.UserServiceTests.testServiceCreateAccountEmptyPassword(UserServiceTests.java:100)
at java.base/jdk.internal.reflect.NativeMethodAccessorImpl.invoke0(Native Method)
at java.base/jdk.internal.reflect.NativeMethodAccessorImpl.invoke(NativeMethodAccessorImpl.java:77)
at java.base/jdk.internal.reflect.DelegatingMethodAccessorImpl.invoke(DelegatingMethodAccessorImpl.java:43)
at java.base/java.lang.reflect.Method.invoke(Method.java:568)
at org.testng.internal.MethodInvocationHelper.invokeMethod(MethodInvocationHelper.java:133)
at org.testng.internal.TestInvoker.invokeMethod(TestInvoker.java:598)
at org.testng.internal.TestInvoker.invokeTestMethod(TestInvoker.java:173)
at org.testng.internal.MethodRunner.runInSequence(MethodRunner.java:46)
at org.testng.internal.TestInvoker$MethodInvocationAgent.invoke(TestInvoker.java:824)
at org.testng.internal.TestInvoker.invokeTestMethods(TestInvoker.java:146)
at org.testng.internal.TestMethodWorker.invokeTestMethods(TestMethodWorker.java:146)
at org.testng.internal.TestMethodWorker.run(TestMethodWorker.java:128)
at java.base/java.util.ArrayList.forEach(ArrayList.java:1511)
at org.testng.TestRunner.privateRun(TestRunner.java:794)
at org.testng.TestRunner.run(TestRunner.java:596)
at org.testng.SuiteRunner.runTest(SuiteRunner.java:377)
at org.testng.SuiteRunner.runSequentially(SuiteRunner.java:371)
at org.testng.SuiteRunner.privateRun(SuiteRunner.java:332)
at org.testng.SuiteRunner.run(SuiteRunner.java:276)
at org.testng.SuiteRunnerWorker.runSuite(SuiteRunnerWorker.java:53)
at org.testng.SuiteRunnerWorker.run(SuiteRunnerWorker.java:96)
at org.testng.TestNG.runSuitesSequentially(TestNG.java:1212)
at org.testng.TestNG.runSuitesLocally(TestNG.java:1134)
at org.testng.TestNG.runSuites(TestNG.java:1063)
at org.testng.TestNG.run(TestNG.java:1031)
at com.intellij.rt.testng.IDEARemoteTestNG.run(IDEARemoteTestNG.java:66)
at com.intellij.rt.testng.RemoteTestNGStarter.main(RemoteTestNGStarter.java:109)
]]>
            </full-stacktrace>
          </exception> <!-- dev.chirp.customexceptions.InvalidInputException -->
          <reporter-output>
          </reporter-output>
        </test-method> <!-- testServiceCreateAccountEmptyPassword -->
        <test-method signature="testServiceCreateAccountEmptyUserName()[pri:0, instance:service.UserServiceTests@4c15e7fd]" started-at="2022-01-12T11:34:46 PST" name="testServiceCreateAccountEmptyUserName" finished-at="2022-01-12T11:34:46 PST" duration-ms="0" status="PASS">
          <exception class="dev.chirp.customexceptions.InvalidInputException">
            <message>
              <![CDATA[Invalid Input]]>
            </message>
            <full-stacktrace>
              <![CDATA[dev.chirp.customexceptions.InvalidInputException: Invalid Input
at dev.chirp.service.implementations.UserService.serviceCreateAccount(UserService.java:35)
at service.UserServiceTests.testServiceCreateAccountEmptyUserName(UserServiceTests.java:95)
at java.base/jdk.internal.reflect.NativeMethodAccessorImpl.invoke0(Native Method)
at java.base/jdk.internal.reflect.NativeMethodAccessorImpl.invoke(NativeMethodAccessorImpl.java:77)
at java.base/jdk.internal.reflect.DelegatingMethodAccessorImpl.invoke(DelegatingMethodAccessorImpl.java:43)
at java.base/java.lang.reflect.Method.invoke(Method.java:568)
at org.testng.internal.MethodInvocationHelper.invokeMethod(MethodInvocationHelper.java:133)
at org.testng.internal.TestInvoker.invokeMethod(TestInvoker.java:598)
at org.testng.internal.TestInvoker.invokeTestMethod(TestInvoker.java:173)
at org.testng.internal.MethodRunner.runInSequence(MethodRunner.java:46)
at org.testng.internal.TestInvoker$MethodInvocationAgent.invoke(TestInvoker.java:824)
at org.testng.internal.TestInvoker.invokeTestMethods(TestInvoker.java:146)
at org.testng.internal.TestMethodWorker.invokeTestMethods(TestMethodWorker.java:146)
at org.testng.internal.TestMethodWorker.run(TestMethodWorker.java:128)
at java.base/java.util.ArrayList.forEach(ArrayList.java:1511)
at org.testng.TestRunner.privateRun(TestRunner.java:794)
at org.testng.TestRunner.run(TestRunner.java:596)
at org.testng.SuiteRunner.runTest(SuiteRunner.java:377)
at org.testng.SuiteRunner.runSequentially(SuiteRunner.java:371)
at org.testng.SuiteRunner.privateRun(SuiteRunner.java:332)
at org.testng.SuiteRunner.run(SuiteRunner.java:276)
at org.testng.SuiteRunnerWorker.runSuite(SuiteRunnerWorker.java:53)
at org.testng.SuiteRunnerWorker.run(SuiteRunnerWorker.java:96)
at org.testng.TestNG.runSuitesSequentially(TestNG.java:1212)
at org.testng.TestNG.runSuitesLocally(TestNG.java:1134)
at org.testng.TestNG.runSuites(TestNG.java:1063)
at org.testng.TestNG.run(TestNG.java:1031)
at com.intellij.rt.testng.IDEARemoteTestNG.run(IDEARemoteTestNG.java:66)
at com.intellij.rt.testng.RemoteTestNGStarter.main(RemoteTestNGStarter.java:109)
]]>
            </full-stacktrace>
          </exception> <!-- dev.chirp.customexceptions.InvalidInputException -->
          <reporter-output>
          </reporter-output>
        </test-method> <!-- testServiceCreateAccountEmptyUserName -->
        <test-method signature="testServiceDeleteUserByIdNegativeId()[pri:0, instance:service.UserServiceTests@4c15e7fd]" started-at="2022-01-12T11:34:46 PST" name="testServiceDeleteUserByIdNegativeId" finished-at="2022-01-12T11:34:46 PST" duration-ms="0" status="PASS">
          <exception class="dev.chirp.customexceptions.InvalidInputException">
            <message>
              <![CDATA[Invalid Input]]>
            </message>
            <full-stacktrace>
              <![CDATA[dev.chirp.customexceptions.InvalidInputException: Invalid Input
at dev.chirp.service.implementations.UserService.serviceDeleteUserById(UserService.java:76)
at service.UserServiceTests.testServiceDeleteUserByIdNegativeId(UserServiceTests.java:201)
at java.base/jdk.internal.reflect.NativeMethodAccessorImpl.invoke0(Native Method)
at java.base/jdk.internal.reflect.NativeMethodAccessorImpl.invoke(NativeMethodAccessorImpl.java:77)
at java.base/jdk.internal.reflect.DelegatingMethodAccessorImpl.invoke(DelegatingMethodAccessorImpl.java:43)
at java.base/java.lang.reflect.Method.invoke(Method.java:568)
at org.testng.internal.MethodInvocationHelper.invokeMethod(MethodInvocationHelper.java:133)
at org.testng.internal.TestInvoker.invokeMethod(TestInvoker.java:598)
at org.testng.internal.TestInvoker.invokeTestMethod(TestInvoker.java:173)
at org.testng.internal.MethodRunner.runInSequence(MethodRunner.java:46)
at org.testng.internal.TestInvoker$MethodInvocationAgent.invoke(TestInvoker.java:824)
at org.testng.internal.TestInvoker.invokeTestMethods(TestInvoker.java:146)
at org.testng.internal.TestMethodWorker.invokeTestMethods(TestMethodWorker.java:146)
at org.testng.internal.TestMethodWorker.run(TestMethodWorker.java:128)
at java.base/java.util.ArrayList.forEach(ArrayList.java:1511)
at org.testng.TestRunner.privateRun(TestRunner.java:794)
at org.testng.TestRunner.run(TestRunner.java:596)
at org.testng.SuiteRunner.runTest(SuiteRunner.java:377)
at org.testng.SuiteRunner.runSequentially(SuiteRunner.java:371)
at org.testng.SuiteRunner.privateRun(SuiteRunner.java:332)
at org.testng.SuiteRunner.run(SuiteRunner.java:276)
at org.testng.SuiteRunnerWorker.runSuite(SuiteRunnerWorker.java:53)
at org.testng.SuiteRunnerWorker.run(SuiteRunnerWorker.java:96)
at org.testng.TestNG.runSuitesSequentially(TestNG.java:1212)
at org.testng.TestNG.runSuitesLocally(TestNG.java:1134)
at org.testng.TestNG.runSuites(TestNG.java:1063)
at org.testng.TestNG.run(TestNG.java:1031)
at com.intellij.rt.testng.IDEARemoteTestNG.run(IDEARemoteTestNG.java:66)
at com.intellij.rt.testng.RemoteTestNGStarter.main(RemoteTestNGStarter.java:109)
]]>
            </full-stacktrace>
          </exception> <!-- dev.chirp.customexceptions.InvalidInputException -->
          <reporter-output>
          </reporter-output>
        </test-method> <!-- testServiceDeleteUserByIdNegativeId -->
        <test-method signature="testServiceCreateAccountLongLastName()[pri:0, instance:service.UserServiceTests@4c15e7fd]" started-at="2022-01-12T11:34:46 PST" name="testServiceCreateAccountLongLastName" finished-at="2022-01-12T11:34:46 PST" duration-ms="0" status="PASS">
          <exception class="dev.chirp.customexceptions.InvalidInputException">
            <message>
              <![CDATA[Invalid Input]]>
            </message>
            <full-stacktrace>
              <![CDATA[dev.chirp.customexceptions.InvalidInputException: Invalid Input
at dev.chirp.service.implementations.UserService.serviceCreateAccount(UserService.java:35)
at service.UserServiceTests.testServiceCreateAccountLongLastName(UserServiceTests.java:85)
at java.base/jdk.internal.reflect.NativeMethodAccessorImpl.invoke0(Native Method)
at java.base/jdk.internal.reflect.NativeMethodAccessorImpl.invoke(NativeMethodAccessorImpl.java:77)
at java.base/jdk.internal.reflect.DelegatingMethodAccessorImpl.invoke(DelegatingMethodAccessorImpl.java:43)
at java.base/java.lang.reflect.Method.invoke(Method.java:568)
at org.testng.internal.MethodInvocationHelper.invokeMethod(MethodInvocationHelper.java:133)
at org.testng.internal.TestInvoker.invokeMethod(TestInvoker.java:598)
at org.testng.internal.TestInvoker.invokeTestMethod(TestInvoker.java:173)
at org.testng.internal.MethodRunner.runInSequence(MethodRunner.java:46)
at org.testng.internal.TestInvoker$MethodInvocationAgent.invoke(TestInvoker.java:824)
at org.testng.internal.TestInvoker.invokeTestMethods(TestInvoker.java:146)
at org.testng.internal.TestMethodWorker.invokeTestMethods(TestMethodWorker.java:146)
at org.testng.internal.TestMethodWorker.run(TestMethodWorker.java:128)
at java.base/java.util.ArrayList.forEach(ArrayList.java:1511)
at org.testng.TestRunner.privateRun(TestRunner.java:794)
at org.testng.TestRunner.run(TestRunner.java:596)
at org.testng.SuiteRunner.runTest(SuiteRunner.java:377)
at org.testng.SuiteRunner.runSequentially(SuiteRunner.java:371)
at org.testng.SuiteRunner.privateRun(SuiteRunner.java:332)
at org.testng.SuiteRunner.run(SuiteRunner.java:276)
at org.testng.SuiteRunnerWorker.runSuite(SuiteRunnerWorker.java:53)
at org.testng.SuiteRunnerWorker.run(SuiteRunnerWorker.java:96)
at org.testng.TestNG.runSuitesSequentially(TestNG.java:1212)
at org.testng.TestNG.runSuitesLocally(TestNG.java:1134)
at org.testng.TestNG.runSuites(TestNG.java:1063)
at org.testng.TestNG.run(TestNG.java:1031)
at com.intellij.rt.testng.IDEARemoteTestNG.run(IDEARemoteTestNG.java:66)
at com.intellij.rt.testng.RemoteTestNGStarter.main(RemoteTestNGStarter.java:109)
]]>
            </full-stacktrace>
          </exception> <!-- dev.chirp.customexceptions.InvalidInputException -->
          <reporter-output>
          </reporter-output>
        </test-method> <!-- testServiceCreateAccountLongLastName -->
        <test-method signature="testServiceCreateAccountLongPassword()[pri:0, instance:service.UserServiceTests@4c15e7fd]" started-at="2022-01-12T11:34:46 PST" name="testServiceCreateAccountLongPassword" finished-at="2022-01-12T11:34:46 PST" duration-ms="0" status="PASS">
          <exception class="dev.chirp.customexceptions.InvalidInputException">
            <message>
              <![CDATA[Invalid Input]]>
            </message>
            <full-stacktrace>
              <![CDATA[dev.chirp.customexceptions.InvalidInputException: Invalid Input
at dev.chirp.service.implementations.UserService.serviceCreateAccount(UserService.java:35)
at service.UserServiceTests.testServiceCreateAccountLongPassword(UserServiceTests.java:74)
at java.base/jdk.internal.reflect.NativeMethodAccessorImpl.invoke0(Native Method)
at java.base/jdk.internal.reflect.NativeMethodAccessorImpl.invoke(NativeMethodAccessorImpl.java:77)
at java.base/jdk.internal.reflect.DelegatingMethodAccessorImpl.invoke(DelegatingMethodAccessorImpl.java:43)
at java.base/java.lang.reflect.Method.invoke(Method.java:568)
at org.testng.internal.MethodInvocationHelper.invokeMethod(MethodInvocationHelper.java:133)
at org.testng.internal.TestInvoker.invokeMethod(TestInvoker.java:598)
at org.testng.internal.TestInvoker.invokeTestMethod(TestInvoker.java:173)
at org.testng.internal.MethodRunner.runInSequence(MethodRunner.java:46)
at org.testng.internal.TestInvoker$MethodInvocationAgent.invoke(TestInvoker.java:824)
at org.testng.internal.TestInvoker.invokeTestMethods(TestInvoker.java:146)
at org.testng.internal.TestMethodWorker.invokeTestMethods(TestMethodWorker.java:146)
at org.testng.internal.TestMethodWorker.run(TestMethodWorker.java:128)
at java.base/java.util.ArrayList.forEach(ArrayList.java:1511)
at org.testng.TestRunner.privateRun(TestRunner.java:794)
at org.testng.TestRunner.run(TestRunner.java:596)
at org.testng.SuiteRunner.runTest(SuiteRunner.java:377)
at org.testng.SuiteRunner.runSequentially(SuiteRunner.java:371)
at org.testng.SuiteRunner.privateRun(SuiteRunner.java:332)
at org.testng.SuiteRunner.run(SuiteRunner.java:276)
at org.testng.SuiteRunnerWorker.runSuite(SuiteRunnerWorker.java:53)
at org.testng.SuiteRunnerWorker.run(SuiteRunnerWorker.java:96)
at org.testng.TestNG.runSuitesSequentially(TestNG.java:1212)
at org.testng.TestNG.runSuitesLocally(TestNG.java:1134)
at org.testng.TestNG.runSuites(TestNG.java:1063)
at org.testng.TestNG.run(TestNG.java:1031)
at com.intellij.rt.testng.IDEARemoteTestNG.run(IDEARemoteTestNG.java:66)
at com.intellij.rt.testng.RemoteTestNGStarter.main(RemoteTestNGStarter.java:109)
]]>
            </full-stacktrace>
          </exception> <!-- dev.chirp.customexceptions.InvalidInputException -->
          <reporter-output>
          </reporter-output>
        </test-method> <!-- testServiceCreateAccountLongPassword -->
        <test-method signature="testServiceCreateAccountLongUserName()[pri:0, instance:service.UserServiceTests@4c15e7fd]" started-at="2022-01-12T11:34:46 PST" name="testServiceCreateAccountLongUserName" finished-at="2022-01-12T11:34:46 PST" duration-ms="0" status="PASS">
          <exception class="dev.chirp.customexceptions.InvalidInputException">
            <message>
              <![CDATA[Invalid Input]]>
            </message>
            <full-stacktrace>
              <![CDATA[dev.chirp.customexceptions.InvalidInputException: Invalid Input
at dev.chirp.service.implementations.UserService.serviceCreateAccount(UserService.java:35)
at service.UserServiceTests.testServiceCreateAccountLongUserName(UserServiceTests.java:69)
at java.base/jdk.internal.reflect.NativeMethodAccessorImpl.invoke0(Native Method)
at java.base/jdk.internal.reflect.NativeMethodAccessorImpl.invoke(NativeMethodAccessorImpl.java:77)
at java.base/jdk.internal.reflect.DelegatingMethodAccessorImpl.invoke(DelegatingMethodAccessorImpl.java:43)
at java.base/java.lang.reflect.Method.invoke(Method.java:568)
at org.testng.internal.MethodInvocationHelper.invokeMethod(MethodInvocationHelper.java:133)
at org.testng.internal.TestInvoker.invokeMethod(TestInvoker.java:598)
at org.testng.internal.TestInvoker.invokeTestMethod(TestInvoker.java:173)
at org.testng.internal.MethodRunner.runInSequence(MethodRunner.java:46)
at org.testng.internal.TestInvoker$MethodInvocationAgent.invoke(TestInvoker.java:824)
at org.testng.internal.TestInvoker.invokeTestMethods(TestInvoker.java:146)
at org.testng.internal.TestMethodWorker.invokeTestMethods(TestMethodWorker.java:146)
at org.testng.internal.TestMethodWorker.run(TestMethodWorker.java:128)
at java.base/java.util.ArrayList.forEach(ArrayList.java:1511)
at org.testng.TestRunner.privateRun(TestRunner.java:794)
at org.testng.TestRunner.run(TestRunner.java:596)
at org.testng.SuiteRunner.runTest(SuiteRunner.java:377)
at org.testng.SuiteRunner.runSequentially(SuiteRunner.java:371)
at org.testng.SuiteRunner.privateRun(SuiteRunner.java:332)
at org.testng.SuiteRunner.run(SuiteRunner.java:276)
at org.testng.SuiteRunnerWorker.runSuite(SuiteRunnerWorker.java:53)
at org.testng.SuiteRunnerWorker.run(SuiteRunnerWorker.java:96)
at org.testng.TestNG.runSuitesSequentially(TestNG.java:1212)
at org.testng.TestNG.runSuitesLocally(TestNG.java:1134)
at org.testng.TestNG.runSuites(TestNG.java:1063)
at org.testng.TestNG.run(TestNG.java:1031)
at com.intellij.rt.testng.IDEARemoteTestNG.run(IDEARemoteTestNG.java:66)
at com.intellij.rt.testng.RemoteTestNGStarter.main(RemoteTestNGStarter.java:109)
]]>
            </full-stacktrace>
          </exception> <!-- dev.chirp.customexceptions.InvalidInputException -->
          <reporter-output>
          </reporter-output>
        </test-method> <!-- testServiceCreateAccountLongUserName -->
        <test-method signature="testServiceEditUserInformationByIdEmptyFirstName()[pri:0, instance:service.UserServiceTests@4c15e7fd]" started-at="2022-01-12T11:34:46 PST" name="testServiceEditUserInformationByIdEmptyFirstName" finished-at="2022-01-12T11:34:46 PST" duration-ms="0" status="PASS">
          <exception class="dev.chirp.customexceptions.InvalidInputException">
            <message>
              <![CDATA[Invalid Input]]>
            </message>
            <full-stacktrace>
              <![CDATA[dev.chirp.customexceptions.InvalidInputException: Invalid Input
at dev.chirp.service.implementations.UserService.serviceEditUserInformationById(UserService.java:68)
at service.UserServiceTests.testServiceEditUserInformationByIdEmptyFirstName(UserServiceTests.java:182)
at java.base/jdk.internal.reflect.NativeMethodAccessorImpl.invoke0(Native Method)
at java.base/jdk.internal.reflect.NativeMethodAccessorImpl.invoke(NativeMethodAccessorImpl.java:77)
at java.base/jdk.internal.reflect.DelegatingMethodAccessorImpl.invoke(DelegatingMethodAccessorImpl.java:43)
at java.base/java.lang.reflect.Method.invoke(Method.java:568)
at org.testng.internal.MethodInvocationHelper.invokeMethod(MethodInvocationHelper.java:133)
at org.testng.internal.TestInvoker.invokeMethod(TestInvoker.java:598)
at org.testng.internal.TestInvoker.invokeTestMethod(TestInvoker.java:173)
at org.testng.internal.MethodRunner.runInSequence(MethodRunner.java:46)
at org.testng.internal.TestInvoker$MethodInvocationAgent.invoke(TestInvoker.java:824)
at org.testng.internal.TestInvoker.invokeTestMethods(TestInvoker.java:146)
at org.testng.internal.TestMethodWorker.invokeTestMethods(TestMethodWorker.java:146)
at org.testng.internal.TestMethodWorker.run(TestMethodWorker.java:128)
at java.base/java.util.ArrayList.forEach(ArrayList.java:1511)
at org.testng.TestRunner.privateRun(TestRunner.java:794)
at org.testng.TestRunner.run(TestRunner.java:596)
at org.testng.SuiteRunner.runTest(SuiteRunner.java:377)
at org.testng.SuiteRunner.runSequentially(SuiteRunner.java:371)
at org.testng.SuiteRunner.privateRun(SuiteRunner.java:332)
at org.testng.SuiteRunner.run(SuiteRunner.java:276)
at org.testng.SuiteRunnerWorker.runSuite(SuiteRunnerWorker.java:53)
at org.testng.SuiteRunnerWorker.run(SuiteRunnerWorker.java:96)
at org.testng.TestNG.runSuitesSequentially(TestNG.java:1212)
at org.testng.TestNG.runSuitesLocally(TestNG.java:1134)
at org.testng.TestNG.runSuites(TestNG.java:1063)
at org.testng.TestNG.run(TestNG.java:1031)
at com.intellij.rt.testng.IDEARemoteTestNG.run(IDEARemoteTestNG.java:66)
at com.intellij.rt.testng.RemoteTestNGStarter.main(RemoteTestNGStarter.java:109)
]]>
            </full-stacktrace>
          </exception> <!-- dev.chirp.customexceptions.InvalidInputException -->
          <reporter-output>
          </reporter-output>
        </test-method> <!-- testServiceEditUserInformationByIdEmptyFirstName -->
        <test-method signature="testServiceEditUserInformationByIdEmptyUserName()[pri:0, instance:service.UserServiceTests@4c15e7fd]" started-at="2022-01-12T11:34:46 PST" name="testServiceEditUserInformationByIdEmptyUserName" finished-at="2022-01-12T11:34:46 PST" duration-ms="0" status="PASS">
          <exception class="dev.chirp.customexceptions.InvalidInputException">
            <message>
              <![CDATA[Invalid Input]]>
            </message>
            <full-stacktrace>
              <![CDATA[dev.chirp.customexceptions.InvalidInputException: Invalid Input
at dev.chirp.service.implementations.UserService.serviceEditUserInformationById(UserService.java:68)
at service.UserServiceTests.testServiceEditUserInformationByIdEmptyUserName(UserServiceTests.java:177)
at java.base/jdk.internal.reflect.NativeMethodAccessorImpl.invoke0(Native Method)
at java.base/jdk.internal.reflect.NativeMethodAccessorImpl.invoke(NativeMethodAccessorImpl.java:77)
at java.base/jdk.internal.reflect.DelegatingMethodAccessorImpl.invoke(DelegatingMethodAccessorImpl.java:43)
at java.base/java.lang.reflect.Method.invoke(Method.java:568)
at org.testng.internal.MethodInvocationHelper.invokeMethod(MethodInvocationHelper.java:133)
at org.testng.internal.TestInvoker.invokeMethod(TestInvoker.java:598)
at org.testng.internal.TestInvoker.invokeTestMethod(TestInvoker.java:173)
at org.testng.internal.MethodRunner.runInSequence(MethodRunner.java:46)
at org.testng.internal.TestInvoker$MethodInvocationAgent.invoke(TestInvoker.java:824)
at org.testng.internal.TestInvoker.invokeTestMethods(TestInvoker.java:146)
at org.testng.internal.TestMethodWorker.invokeTestMethods(TestMethodWorker.java:146)
at org.testng.internal.TestMethodWorker.run(TestMethodWorker.java:128)
at java.base/java.util.ArrayList.forEach(ArrayList.java:1511)
at org.testng.TestRunner.privateRun(TestRunner.java:794)
at org.testng.TestRunner.run(TestRunner.java:596)
at org.testng.SuiteRunner.runTest(SuiteRunner.java:377)
at org.testng.SuiteRunner.runSequentially(SuiteRunner.java:371)
at org.testng.SuiteRunner.privateRun(SuiteRunner.java:332)
at org.testng.SuiteRunner.run(SuiteRunner.java:276)
at org.testng.SuiteRunnerWorker.runSuite(SuiteRunnerWorker.java:53)
at org.testng.SuiteRunnerWorker.run(SuiteRunnerWorker.java:96)
at org.testng.TestNG.runSuitesSequentially(TestNG.java:1212)
at org.testng.TestNG.runSuitesLocally(TestNG.java:1134)
at org.testng.TestNG.runSuites(TestNG.java:1063)
at org.testng.TestNG.run(TestNG.java:1031)
at com.intellij.rt.testng.IDEARemoteTestNG.run(IDEARemoteTestNG.java:66)
at com.intellij.rt.testng.RemoteTestNGStarter.main(RemoteTestNGStarter.java:109)
]]>
            </full-stacktrace>
          </exception> <!-- dev.chirp.customexceptions.InvalidInputException -->
          <reporter-output>
          </reporter-output>
        </test-method> <!-- testServiceEditUserInformationByIdEmptyUserName -->
        <test-method signature="testServiceEditUserInformationByIdLongEmail()[pri:0, instance:service.UserServiceTests@4c15e7fd]" started-at="2022-01-12T11:34:46 PST" name="testServiceEditUserInformationByIdLongEmail" finished-at="2022-01-12T11:34:46 PST" duration-ms="1" status="PASS">
          <exception class="dev.chirp.customexceptions.InvalidInputException">
            <message>
              <![CDATA[Invalid Input]]>
            </message>
            <full-stacktrace>
              <![CDATA[dev.chirp.customexceptions.InvalidInputException: Invalid Input
at dev.chirp.service.implementations.UserService.serviceEditUserInformationById(UserService.java:68)
at service.UserServiceTests.testServiceEditUserInformationByIdLongEmail(UserServiceTests.java:172)
at java.base/jdk.internal.reflect.NativeMethodAccessorImpl.invoke0(Native Method)
at java.base/jdk.internal.reflect.NativeMethodAccessorImpl.invoke(NativeMethodAccessorImpl.java:77)
at java.base/jdk.internal.reflect.DelegatingMethodAccessorImpl.invoke(DelegatingMethodAccessorImpl.java:43)
at java.base/java.lang.reflect.Method.invoke(Method.java:568)
at org.testng.internal.MethodInvocationHelper.invokeMethod(MethodInvocationHelper.java:133)
at org.testng.internal.TestInvoker.invokeMethod(TestInvoker.java:598)
at org.testng.internal.TestInvoker.invokeTestMethod(TestInvoker.java:173)
at org.testng.internal.MethodRunner.runInSequence(MethodRunner.java:46)
at org.testng.internal.TestInvoker$MethodInvocationAgent.invoke(TestInvoker.java:824)
at org.testng.internal.TestInvoker.invokeTestMethods(TestInvoker.java:146)
at org.testng.internal.TestMethodWorker.invokeTestMethods(TestMethodWorker.java:146)
at org.testng.internal.TestMethodWorker.run(TestMethodWorker.java:128)
at java.base/java.util.ArrayList.forEach(ArrayList.java:1511)
at org.testng.TestRunner.privateRun(TestRunner.java:794)
at org.testng.TestRunner.run(TestRunner.java:596)
at org.testng.SuiteRunner.runTest(SuiteRunner.java:377)
at org.testng.SuiteRunner.runSequentially(SuiteRunner.java:371)
at org.testng.SuiteRunner.privateRun(SuiteRunner.java:332)
at org.testng.SuiteRunner.run(SuiteRunner.java:276)
at org.testng.SuiteRunnerWorker.runSuite(SuiteRunnerWorker.java:53)
at org.testng.SuiteRunnerWorker.run(SuiteRunnerWorker.java:96)
at org.testng.TestNG.runSuitesSequentially(TestNG.java:1212)
at org.testng.TestNG.runSuitesLocally(TestNG.java:1134)
at org.testng.TestNG.runSuites(TestNG.java:1063)
at org.testng.TestNG.run(TestNG.java:1031)
at com.intellij.rt.testng.IDEARemoteTestNG.run(IDEARemoteTestNG.java:66)
at com.intellij.rt.testng.RemoteTestNGStarter.main(RemoteTestNGStarter.java:109)
]]>
            </full-stacktrace>
          </exception> <!-- dev.chirp.customexceptions.InvalidInputException -->
          <reporter-output>
          </reporter-output>
        </test-method> <!-- testServiceEditUserInformationByIdLongEmail -->
        <test-method signature="testServiceEditUserInformationByIdEmptyEmail()[pri:0, instance:service.UserServiceTests@4c15e7fd]" started-at="2022-01-12T11:34:46 PST" name="testServiceEditUserInformationByIdEmptyEmail" finished-at="2022-01-12T11:34:46 PST" duration-ms="0" status="PASS">
          <exception class="dev.chirp.customexceptions.InvalidInputException">
            <message>
              <![CDATA[Invalid Input]]>
            </message>
            <full-stacktrace>
              <![CDATA[dev.chirp.customexceptions.InvalidInputException: Invalid Input
at dev.chirp.service.implementations.UserService.serviceEditUserInformationById(UserService.java:68)
at service.UserServiceTests.testServiceEditUserInformationByIdEmptyEmail(UserServiceTests.java:192)
at java.base/jdk.internal.reflect.NativeMethodAccessorImpl.invoke0(Native Method)
at java.base/jdk.internal.reflect.NativeMethodAccessorImpl.invoke(NativeMethodAccessorImpl.java:77)
at java.base/jdk.internal.reflect.DelegatingMethodAccessorImpl.invoke(DelegatingMethodAccessorImpl.java:43)
at java.base/java.lang.reflect.Method.invoke(Method.java:568)
at org.testng.internal.MethodInvocationHelper.invokeMethod(MethodInvocationHelper.java:133)
at org.testng.internal.TestInvoker.invokeMethod(TestInvoker.java:598)
at org.testng.internal.TestInvoker.invokeTestMethod(TestInvoker.java:173)
at org.testng.internal.MethodRunner.runInSequence(MethodRunner.java:46)
at org.testng.internal.TestInvoker$MethodInvocationAgent.invoke(TestInvoker.java:824)
at org.testng.internal.TestInvoker.invokeTestMethods(TestInvoker.java:146)
at org.testng.internal.TestMethodWorker.invokeTestMethods(TestMethodWorker.java:146)
at org.testng.internal.TestMethodWorker.run(TestMethodWorker.java:128)
at java.base/java.util.ArrayList.forEach(ArrayList.java:1511)
at org.testng.TestRunner.privateRun(TestRunner.java:794)
at org.testng.TestRunner.run(TestRunner.java:596)
at org.testng.SuiteRunner.runTest(SuiteRunner.java:377)
at org.testng.SuiteRunner.runSequentially(SuiteRunner.java:371)
at org.testng.SuiteRunner.privateRun(SuiteRunner.java:332)
at org.testng.SuiteRunner.run(SuiteRunner.java:276)
at org.testng.SuiteRunnerWorker.runSuite(SuiteRunnerWorker.java:53)
at org.testng.SuiteRunnerWorker.run(SuiteRunnerWorker.java:96)
at org.testng.TestNG.runSuitesSequentially(TestNG.java:1212)
at org.testng.TestNG.runSuitesLocally(TestNG.java:1134)
at org.testng.TestNG.runSuites(TestNG.java:1063)
at org.testng.TestNG.run(TestNG.java:1031)
at com.intellij.rt.testng.IDEARemoteTestNG.run(IDEARemoteTestNG.java:66)
at com.intellij.rt.testng.RemoteTestNGStarter.main(RemoteTestNGStarter.java:109)
]]>
            </full-stacktrace>
          </exception> <!-- dev.chirp.customexceptions.InvalidInputException -->
          <reporter-output>
          </reporter-output>
        </test-method> <!-- testServiceEditUserInformationByIdEmptyEmail -->
        <test-method signature="testServiceEditUserInformationByIdEmptyLastName()[pri:0, instance:service.UserServiceTests@4c15e7fd]" started-at="2022-01-12T11:34:46 PST" name="testServiceEditUserInformationByIdEmptyLastName" finished-at="2022-01-12T11:34:46 PST" duration-ms="0" status="PASS">
          <exception class="dev.chirp.customexceptions.InvalidInputException">
            <message>
              <![CDATA[Invalid Input]]>
            </message>
            <full-stacktrace>
              <![CDATA[dev.chirp.customexceptions.InvalidInputException: Invalid Input
at dev.chirp.service.implementations.UserService.serviceEditUserInformationById(UserService.java:68)
at service.UserServiceTests.testServiceEditUserInformationByIdEmptyLastName(UserServiceTests.java:187)
at java.base/jdk.internal.reflect.NativeMethodAccessorImpl.invoke0(Native Method)
at java.base/jdk.internal.reflect.NativeMethodAccessorImpl.invoke(NativeMethodAccessorImpl.java:77)
at java.base/jdk.internal.reflect.DelegatingMethodAccessorImpl.invoke(DelegatingMethodAccessorImpl.java:43)
at java.base/java.lang.reflect.Method.invoke(Method.java:568)
at org.testng.internal.MethodInvocationHelper.invokeMethod(MethodInvocationHelper.java:133)
at org.testng.internal.TestInvoker.invokeMethod(TestInvoker.java:598)
at org.testng.internal.TestInvoker.invokeTestMethod(TestInvoker.java:173)
at org.testng.internal.MethodRunner.runInSequence(MethodRunner.java:46)
at org.testng.internal.TestInvoker$MethodInvocationAgent.invoke(TestInvoker.java:824)
at org.testng.internal.TestInvoker.invokeTestMethods(TestInvoker.java:146)
at org.testng.internal.TestMethodWorker.invokeTestMethods(TestMethodWorker.java:146)
at org.testng.internal.TestMethodWorker.run(TestMethodWorker.java:128)
at java.base/java.util.ArrayList.forEach(ArrayList.java:1511)
at org.testng.TestRunner.privateRun(TestRunner.java:794)
at org.testng.TestRunner.run(TestRunner.java:596)
at org.testng.SuiteRunner.runTest(SuiteRunner.java:377)
at org.testng.SuiteRunner.runSequentially(SuiteRunner.java:371)
at org.testng.SuiteRunner.privateRun(SuiteRunner.java:332)
at org.testng.SuiteRunner.run(SuiteRunner.java:276)
at org.testng.SuiteRunnerWorker.runSuite(SuiteRunnerWorker.java:53)
at org.testng.SuiteRunnerWorker.run(SuiteRunnerWorker.java:96)
at org.testng.TestNG.runSuitesSequentially(TestNG.java:1212)
at org.testng.TestNG.runSuitesLocally(TestNG.java:1134)
at org.testng.TestNG.runSuites(TestNG.java:1063)
at org.testng.TestNG.run(TestNG.java:1031)
at com.intellij.rt.testng.IDEARemoteTestNG.run(IDEARemoteTestNG.java:66)
at com.intellij.rt.testng.RemoteTestNGStarter.main(RemoteTestNGStarter.java:109)
]]>
            </full-stacktrace>
          </exception> <!-- dev.chirp.customexceptions.InvalidInputException -->
          <reporter-output>
          </reporter-output>
        </test-method> <!-- testServiceEditUserInformationByIdEmptyLastName -->
        <test-method signature="testServiceEditUserInformationByIdLongFirstName()[pri:0, instance:service.UserServiceTests@4c15e7fd]" started-at="2022-01-12T11:34:46 PST" name="testServiceEditUserInformationByIdLongFirstName" finished-at="2022-01-12T11:34:46 PST" duration-ms="0" status="PASS">
          <exception class="dev.chirp.customexceptions.InvalidInputException">
            <message>
              <![CDATA[Invalid Input]]>
            </message>
            <full-stacktrace>
              <![CDATA[dev.chirp.customexceptions.InvalidInputException: Invalid Input
at dev.chirp.service.implementations.UserService.serviceEditUserInformationById(UserService.java:68)
at service.UserServiceTests.testServiceEditUserInformationByIdLongFirstName(UserServiceTests.java:162)
at java.base/jdk.internal.reflect.NativeMethodAccessorImpl.invoke0(Native Method)
at java.base/jdk.internal.reflect.NativeMethodAccessorImpl.invoke(NativeMethodAccessorImpl.java:77)
at java.base/jdk.internal.reflect.DelegatingMethodAccessorImpl.invoke(DelegatingMethodAccessorImpl.java:43)
at java.base/java.lang.reflect.Method.invoke(Method.java:568)
at org.testng.internal.MethodInvocationHelper.invokeMethod(MethodInvocationHelper.java:133)
at org.testng.internal.TestInvoker.invokeMethod(TestInvoker.java:598)
at org.testng.internal.TestInvoker.invokeTestMethod(TestInvoker.java:173)
at org.testng.internal.MethodRunner.runInSequence(MethodRunner.java:46)
at org.testng.internal.TestInvoker$MethodInvocationAgent.invoke(TestInvoker.java:824)
at org.testng.internal.TestInvoker.invokeTestMethods(TestInvoker.java:146)
at org.testng.internal.TestMethodWorker.invokeTestMethods(TestMethodWorker.java:146)
at org.testng.internal.TestMethodWorker.run(TestMethodWorker.java:128)
at java.base/java.util.ArrayList.forEach(ArrayList.java:1511)
at org.testng.TestRunner.privateRun(TestRunner.java:794)
at org.testng.TestRunner.run(TestRunner.java:596)
at org.testng.SuiteRunner.runTest(SuiteRunner.java:377)
at org.testng.SuiteRunner.runSequentially(SuiteRunner.java:371)
at org.testng.SuiteRunner.privateRun(SuiteRunner.java:332)
at org.testng.SuiteRunner.run(SuiteRunner.java:276)
at org.testng.SuiteRunnerWorker.runSuite(SuiteRunnerWorker.java:53)
at org.testng.SuiteRunnerWorker.run(SuiteRunnerWorker.java:96)
at org.testng.TestNG.runSuitesSequentially(TestNG.java:1212)
at org.testng.TestNG.runSuitesLocally(TestNG.java:1134)
at org.testng.TestNG.runSuites(TestNG.java:1063)
at org.testng.TestNG.run(TestNG.java:1031)
at com.intellij.rt.testng.IDEARemoteTestNG.run(IDEARemoteTestNG.java:66)
at com.intellij.rt.testng.RemoteTestNGStarter.main(RemoteTestNGStarter.java:109)
]]>
            </full-stacktrace>
          </exception> <!-- dev.chirp.customexceptions.InvalidInputException -->
          <reporter-output>
          </reporter-output>
        </test-method> <!-- testServiceEditUserInformationByIdLongFirstName -->
        <test-method signature="testServiceEditUserInformationByIdLongLastName()[pri:0, instance:service.UserServiceTests@4c15e7fd]" started-at="2022-01-12T11:34:46 PST" name="testServiceEditUserInformationByIdLongLastName" finished-at="2022-01-12T11:34:46 PST" duration-ms="0" status="PASS">
          <exception class="dev.chirp.customexceptions.InvalidInputException">
            <message>
              <![CDATA[Invalid Input]]>
            </message>
            <full-stacktrace>
              <![CDATA[dev.chirp.customexceptions.InvalidInputException: Invalid Input
at dev.chirp.service.implementations.UserService.serviceEditUserInformationById(UserService.java:68)
at service.UserServiceTests.testServiceEditUserInformationByIdLongLastName(UserServiceTests.java:167)
at java.base/jdk.internal.reflect.NativeMethodAccessorImpl.invoke0(Native Method)
at java.base/jdk.internal.reflect.NativeMethodAccessorImpl.invoke(NativeMethodAccessorImpl.java:77)
at java.base/jdk.internal.reflect.DelegatingMethodAccessorImpl.invoke(DelegatingMethodAccessorImpl.java:43)
at java.base/java.lang.reflect.Method.invoke(Method.java:568)
at org.testng.internal.MethodInvocationHelper.invokeMethod(MethodInvocationHelper.java:133)
at org.testng.internal.TestInvoker.invokeMethod(TestInvoker.java:598)
at org.testng.internal.TestInvoker.invokeTestMethod(TestInvoker.java:173)
at org.testng.internal.MethodRunner.runInSequence(MethodRunner.java:46)
at org.testng.internal.TestInvoker$MethodInvocationAgent.invoke(TestInvoker.java:824)
at org.testng.internal.TestInvoker.invokeTestMethods(TestInvoker.java:146)
at org.testng.internal.TestMethodWorker.invokeTestMethods(TestMethodWorker.java:146)
at org.testng.internal.TestMethodWorker.run(TestMethodWorker.java:128)
at java.base/java.util.ArrayList.forEach(ArrayList.java:1511)
at org.testng.TestRunner.privateRun(TestRunner.java:794)
at org.testng.TestRunner.run(TestRunner.java:596)
at org.testng.SuiteRunner.runTest(SuiteRunner.java:377)
at org.testng.SuiteRunner.runSequentially(SuiteRunner.java:371)
at org.testng.SuiteRunner.privateRun(SuiteRunner.java:332)
at org.testng.SuiteRunner.run(SuiteRunner.java:276)
at org.testng.SuiteRunnerWorker.runSuite(SuiteRunnerWorker.java:53)
at org.testng.SuiteRunnerWorker.run(SuiteRunnerWorker.java:96)
at org.testng.TestNG.runSuitesSequentially(TestNG.java:1212)
at org.testng.TestNG.runSuitesLocally(TestNG.java:1134)
at org.testng.TestNG.runSuites(TestNG.java:1063)
at org.testng.TestNG.run(TestNG.java:1031)
at com.intellij.rt.testng.IDEARemoteTestNG.run(IDEARemoteTestNG.java:66)
at com.intellij.rt.testng.RemoteTestNGStarter.main(RemoteTestNGStarter.java:109)
]]>
            </full-stacktrace>
          </exception> <!-- dev.chirp.customexceptions.InvalidInputException -->
          <reporter-output>
          </reporter-output>
        </test-method> <!-- testServiceEditUserInformationByIdLongLastName -->
        <test-method signature="testServiceEditUserInformationByIdLongUserName()[pri:0, instance:service.UserServiceTests@4c15e7fd]" started-at="2022-01-12T11:34:46 PST" name="testServiceEditUserInformationByIdLongUserName" finished-at="2022-01-12T11:34:46 PST" duration-ms="1" status="PASS">
          <exception class="dev.chirp.customexceptions.InvalidInputException">
            <message>
              <![CDATA[Invalid Input]]>
            </message>
            <full-stacktrace>
              <![CDATA[dev.chirp.customexceptions.InvalidInputException: Invalid Input
at dev.chirp.service.implementations.UserService.serviceEditUserInformationById(UserService.java:68)
at service.UserServiceTests.testServiceEditUserInformationByIdLongUserName(UserServiceTests.java:152)
at java.base/jdk.internal.reflect.NativeMethodAccessorImpl.invoke0(Native Method)
at java.base/jdk.internal.reflect.NativeMethodAccessorImpl.invoke(NativeMethodAccessorImpl.java:77)
at java.base/jdk.internal.reflect.DelegatingMethodAccessorImpl.invoke(DelegatingMethodAccessorImpl.java:43)
at java.base/java.lang.reflect.Method.invoke(Method.java:568)
at org.testng.internal.MethodInvocationHelper.invokeMethod(MethodInvocationHelper.java:133)
at org.testng.internal.TestInvoker.invokeMethod(TestInvoker.java:598)
at org.testng.internal.TestInvoker.invokeTestMethod(TestInvoker.java:173)
at org.testng.internal.MethodRunner.runInSequence(MethodRunner.java:46)
at org.testng.internal.TestInvoker$MethodInvocationAgent.invoke(TestInvoker.java:824)
at org.testng.internal.TestInvoker.invokeTestMethods(TestInvoker.java:146)
at org.testng.internal.TestMethodWorker.invokeTestMethods(TestMethodWorker.java:146)
at org.testng.internal.TestMethodWorker.run(TestMethodWorker.java:128)
at java.base/java.util.ArrayList.forEach(ArrayList.java:1511)
at org.testng.TestRunner.privateRun(TestRunner.java:794)
at org.testng.TestRunner.run(TestRunner.java:596)
at org.testng.SuiteRunner.runTest(SuiteRunner.java:377)
at org.testng.SuiteRunner.runSequentially(SuiteRunner.java:371)
at org.testng.SuiteRunner.privateRun(SuiteRunner.java:332)
at org.testng.SuiteRunner.run(SuiteRunner.java:276)
at org.testng.SuiteRunnerWorker.runSuite(SuiteRunnerWorker.java:53)
at org.testng.SuiteRunnerWorker.run(SuiteRunnerWorker.java:96)
at org.testng.TestNG.runSuitesSequentially(TestNG.java:1212)
at org.testng.TestNG.runSuitesLocally(TestNG.java:1134)
at org.testng.TestNG.runSuites(TestNG.java:1063)
at org.testng.TestNG.run(TestNG.java:1031)
at com.intellij.rt.testng.IDEARemoteTestNG.run(IDEARemoteTestNG.java:66)
at com.intellij.rt.testng.RemoteTestNGStarter.main(RemoteTestNGStarter.java:109)
]]>
            </full-stacktrace>
          </exception> <!-- dev.chirp.customexceptions.InvalidInputException -->
          <reporter-output>
          </reporter-output>
        </test-method> <!-- testServiceEditUserInformationByIdLongUserName -->
        <test-method signature="testServiceEditUserInformationByIdLongPassword()[pri:0, instance:service.UserServiceTests@4c15e7fd]" started-at="2022-01-12T11:34:46 PST" name="testServiceEditUserInformationByIdLongPassword" finished-at="2022-01-12T11:34:46 PST" duration-ms="0" status="PASS">
          <exception class="dev.chirp.customexceptions.InvalidInputException">
            <message>
              <![CDATA[Invalid Input]]>
            </message>
            <full-stacktrace>
              <![CDATA[dev.chirp.customexceptions.InvalidInputException: Invalid Input
at dev.chirp.service.implementations.UserService.serviceEditUserInformationById(UserService.java:68)
at service.UserServiceTests.testServiceEditUserInformationByIdLongPassword(UserServiceTests.java:157)
at java.base/jdk.internal.reflect.NativeMethodAccessorImpl.invoke0(Native Method)
at java.base/jdk.internal.reflect.NativeMethodAccessorImpl.invoke(NativeMethodAccessorImpl.java:77)
at java.base/jdk.internal.reflect.DelegatingMethodAccessorImpl.invoke(DelegatingMethodAccessorImpl.java:43)
at java.base/java.lang.reflect.Method.invoke(Method.java:568)
at org.testng.internal.MethodInvocationHelper.invokeMethod(MethodInvocationHelper.java:133)
at org.testng.internal.TestInvoker.invokeMethod(TestInvoker.java:598)
at org.testng.internal.TestInvoker.invokeTestMethod(TestInvoker.java:173)
at org.testng.internal.MethodRunner.runInSequence(MethodRunner.java:46)
at org.testng.internal.TestInvoker$MethodInvocationAgent.invoke(TestInvoker.java:824)
at org.testng.internal.TestInvoker.invokeTestMethods(TestInvoker.java:146)
at org.testng.internal.TestMethodWorker.invokeTestMethods(TestMethodWorker.java:146)
at org.testng.internal.TestMethodWorker.run(TestMethodWorker.java:128)
at java.base/java.util.ArrayList.forEach(ArrayList.java:1511)
at org.testng.TestRunner.privateRun(TestRunner.java:794)
at org.testng.TestRunner.run(TestRunner.java:596)
at org.testng.SuiteRunner.runTest(SuiteRunner.java:377)
at org.testng.SuiteRunner.runSequentially(SuiteRunner.java:371)
at org.testng.SuiteRunner.privateRun(SuiteRunner.java:332)
at org.testng.SuiteRunner.run(SuiteRunner.java:276)
at org.testng.SuiteRunnerWorker.runSuite(SuiteRunnerWorker.java:53)
at org.testng.SuiteRunnerWorker.run(SuiteRunnerWorker.java:96)
at org.testng.TestNG.runSuitesSequentially(TestNG.java:1212)
at org.testng.TestNG.runSuitesLocally(TestNG.java:1134)
at org.testng.TestNG.runSuites(TestNG.java:1063)
at org.testng.TestNG.run(TestNG.java:1031)
at com.intellij.rt.testng.IDEARemoteTestNG.run(IDEARemoteTestNG.java:66)
at com.intellij.rt.testng.RemoteTestNGStarter.main(RemoteTestNGStarter.java:109)
]]>
            </full-stacktrace>
          </exception> <!-- dev.chirp.customexceptions.InvalidInputException -->
          <reporter-output>
          </reporter-output>
        </test-method> <!-- testServiceEditUserInformationByIdLongPassword -->
        <test-method signature="testServiceGetUserByFirstNameEmptyFirstName()[pri:0, instance:service.UserServiceTests@4c15e7fd]" started-at="2022-01-12T11:34:46 PST" name="testServiceGetUserByFirstNameEmptyFirstName" finished-at="2022-01-12T11:34:46 PST" duration-ms="0" status="PASS">
          <exception class="dev.chirp.customexceptions.InvalidInputException">
            <message>
              <![CDATA[Invalid Input]]>
            </message>
            <full-stacktrace>
              <![CDATA[dev.chirp.customexceptions.InvalidInputException: Invalid Input
at dev.chirp.service.implementations.UserService.serviceGetUsersByFirstName(UserService.java:56)
at service.UserServiceTests.testServiceGetUserByFirstNameEmptyFirstName(UserServiceTests.java:138)
at java.base/jdk.internal.reflect.NativeMethodAccessorImpl.invoke0(Native Method)
at java.base/jdk.internal.reflect.NativeMethodAccessorImpl.invoke(NativeMethodAccessorImpl.java:77)
at java.base/jdk.internal.reflect.DelegatingMethodAccessorImpl.invoke(DelegatingMethodAccessorImpl.java:43)
at java.base/java.lang.reflect.Method.invoke(Method.java:568)
at org.testng.internal.MethodInvocationHelper.invokeMethod(MethodInvocationHelper.java:133)
at org.testng.internal.TestInvoker.invokeMethod(TestInvoker.java:598)
at org.testng.internal.TestInvoker.invokeTestMethod(TestInvoker.java:173)
at org.testng.internal.MethodRunner.runInSequence(MethodRunner.java:46)
at org.testng.internal.TestInvoker$MethodInvocationAgent.invoke(TestInvoker.java:824)
at org.testng.internal.TestInvoker.invokeTestMethods(TestInvoker.java:146)
at org.testng.internal.TestMethodWorker.invokeTestMethods(TestMethodWorker.java:146)
at org.testng.internal.TestMethodWorker.run(TestMethodWorker.java:128)
at java.base/java.util.ArrayList.forEach(ArrayList.java:1511)
at org.testng.TestRunner.privateRun(TestRunner.java:794)
at org.testng.TestRunner.run(TestRunner.java:596)
at org.testng.SuiteRunner.runTest(SuiteRunner.java:377)
at org.testng.SuiteRunner.runSequentially(SuiteRunner.java:371)
at org.testng.SuiteRunner.privateRun(SuiteRunner.java:332)
at org.testng.SuiteRunner.run(SuiteRunner.java:276)
at org.testng.SuiteRunnerWorker.runSuite(SuiteRunnerWorker.java:53)
at org.testng.SuiteRunnerWorker.run(SuiteRunnerWorker.java:96)
at org.testng.TestNG.runSuitesSequentially(TestNG.java:1212)
at org.testng.TestNG.runSuitesLocally(TestNG.java:1134)
at org.testng.TestNG.runSuites(TestNG.java:1063)
at org.testng.TestNG.run(TestNG.java:1031)
at com.intellij.rt.testng.IDEARemoteTestNG.run(IDEARemoteTestNG.java:66)
at com.intellij.rt.testng.RemoteTestNGStarter.main(RemoteTestNGStarter.java:109)
]]>
            </full-stacktrace>
          </exception> <!-- dev.chirp.customexceptions.InvalidInputException -->
          <reporter-output>
          </reporter-output>
        </test-method> <!-- testServiceGetUserByFirstNameEmptyFirstName -->
        <test-method signature="testServiceGetUserByFirstNameLongFirstName()[pri:0, instance:service.UserServiceTests@4c15e7fd]" started-at="2022-01-12T11:34:46 PST" name="testServiceGetUserByFirstNameLongFirstName" finished-at="2022-01-12T11:34:46 PST" duration-ms="0" status="PASS">
          <exception class="dev.chirp.customexceptions.InvalidInputException">
            <message>
              <![CDATA[Invalid Input]]>
            </message>
            <full-stacktrace>
              <![CDATA[dev.chirp.customexceptions.InvalidInputException: Invalid Input
at dev.chirp.service.implementations.UserService.serviceGetUsersByFirstName(UserService.java:56)
at service.UserServiceTests.testServiceGetUserByFirstNameLongFirstName(UserServiceTests.java:133)
at java.base/jdk.internal.reflect.NativeMethodAccessorImpl.invoke0(Native Method)
at java.base/jdk.internal.reflect.NativeMethodAccessorImpl.invoke(NativeMethodAccessorImpl.java:77)
at java.base/jdk.internal.reflect.DelegatingMethodAccessorImpl.invoke(DelegatingMethodAccessorImpl.java:43)
at java.base/java.lang.reflect.Method.invoke(Method.java:568)
at org.testng.internal.MethodInvocationHelper.invokeMethod(MethodInvocationHelper.java:133)
at org.testng.internal.TestInvoker.invokeMethod(TestInvoker.java:598)
at org.testng.internal.TestInvoker.invokeTestMethod(TestInvoker.java:173)
at org.testng.internal.MethodRunner.runInSequence(MethodRunner.java:46)
at org.testng.internal.TestInvoker$MethodInvocationAgent.invoke(TestInvoker.java:824)
at org.testng.internal.TestInvoker.invokeTestMethods(TestInvoker.java:146)
at org.testng.internal.TestMethodWorker.invokeTestMethods(TestMethodWorker.java:146)
at org.testng.internal.TestMethodWorker.run(TestMethodWorker.java:128)
at java.base/java.util.ArrayList.forEach(ArrayList.java:1511)
at org.testng.TestRunner.privateRun(TestRunner.java:794)
at org.testng.TestRunner.run(TestRunner.java:596)
at org.testng.SuiteRunner.runTest(SuiteRunner.java:377)
at org.testng.SuiteRunner.runSequentially(SuiteRunner.java:371)
at org.testng.SuiteRunner.privateRun(SuiteRunner.java:332)
at org.testng.SuiteRunner.run(SuiteRunner.java:276)
at org.testng.SuiteRunnerWorker.runSuite(SuiteRunnerWorker.java:53)
at org.testng.SuiteRunnerWorker.run(SuiteRunnerWorker.java:96)
at org.testng.TestNG.runSuitesSequentially(TestNG.java:1212)
at org.testng.TestNG.runSuitesLocally(TestNG.java:1134)
at org.testng.TestNG.runSuites(TestNG.java:1063)
at org.testng.TestNG.run(TestNG.java:1031)
at com.intellij.rt.testng.IDEARemoteTestNG.run(IDEARemoteTestNG.java:66)
at com.intellij.rt.testng.RemoteTestNGStarter.main(RemoteTestNGStarter.java:109)
]]>
            </full-stacktrace>
          </exception> <!-- dev.chirp.customexceptions.InvalidInputException -->
          <reporter-output>
          </reporter-output>
        </test-method> <!-- testServiceGetUserByFirstNameLongFirstName -->
        <test-method signature="testServiceEditUserInformationByIdNegativeId()[pri:0, instance:service.UserServiceTests@4c15e7fd]" started-at="2022-01-12T11:34:46 PST" name="testServiceEditUserInformationByIdNegativeId" finished-at="2022-01-12T11:34:46 PST" duration-ms="0" status="PASS">
          <exception class="dev.chirp.customexceptions.InvalidInputException">
            <message>
              <![CDATA[Invalid Input]]>
            </message>
            <full-stacktrace>
              <![CDATA[dev.chirp.customexceptions.InvalidInputException: Invalid Input
at dev.chirp.service.implementations.UserService.serviceEditUserInformationById(UserService.java:68)
at service.UserServiceTests.testServiceEditUserInformationByIdNegativeId(UserServiceTests.java:147)
at java.base/jdk.internal.reflect.NativeMethodAccessorImpl.invoke0(Native Method)
at java.base/jdk.internal.reflect.NativeMethodAccessorImpl.invoke(NativeMethodAccessorImpl.java:77)
at java.base/jdk.internal.reflect.DelegatingMethodAccessorImpl.invoke(DelegatingMethodAccessorImpl.java:43)
at java.base/java.lang.reflect.Method.invoke(Method.java:568)
at org.testng.internal.MethodInvocationHelper.invokeMethod(MethodInvocationHelper.java:133)
at org.testng.internal.TestInvoker.invokeMethod(TestInvoker.java:598)
at org.testng.internal.TestInvoker.invokeTestMethod(TestInvoker.java:173)
at org.testng.internal.MethodRunner.runInSequence(MethodRunner.java:46)
at org.testng.internal.TestInvoker$MethodInvocationAgent.invoke(TestInvoker.java:824)
at org.testng.internal.TestInvoker.invokeTestMethods(TestInvoker.java:146)
at org.testng.internal.TestMethodWorker.invokeTestMethods(TestMethodWorker.java:146)
at org.testng.internal.TestMethodWorker.run(TestMethodWorker.java:128)
at java.base/java.util.ArrayList.forEach(ArrayList.java:1511)
at org.testng.TestRunner.privateRun(TestRunner.java:794)
at org.testng.TestRunner.run(TestRunner.java:596)
at org.testng.SuiteRunner.runTest(SuiteRunner.java:377)
at org.testng.SuiteRunner.runSequentially(SuiteRunner.java:371)
at org.testng.SuiteRunner.privateRun(SuiteRunner.java:332)
at org.testng.SuiteRunner.run(SuiteRunner.java:276)
at org.testng.SuiteRunnerWorker.runSuite(SuiteRunnerWorker.java:53)
at org.testng.SuiteRunnerWorker.run(SuiteRunnerWorker.java:96)
at org.testng.TestNG.runSuitesSequentially(TestNG.java:1212)
at org.testng.TestNG.runSuitesLocally(TestNG.java:1134)
at org.testng.TestNG.runSuites(TestNG.java:1063)
at org.testng.TestNG.run(TestNG.java:1031)
at com.intellij.rt.testng.IDEARemoteTestNG.run(IDEARemoteTestNG.java:66)
at com.intellij.rt.testng.RemoteTestNGStarter.main(RemoteTestNGStarter.java:109)
]]>
            </full-stacktrace>
          </exception> <!-- dev.chirp.customexceptions.InvalidInputException -->
          <reporter-output>
          </reporter-output>
        </test-method> <!-- testServiceEditUserInformationByIdNegativeId -->
        <test-method signature="testServiceGetUserByIdNegativeId()[pri:0, instance:service.UserServiceTests@4c15e7fd]" started-at="2022-01-12T11:34:46 PST" name="testServiceGetUserByIdNegativeId" finished-at="2022-01-12T11:34:46 PST" duration-ms="0" status="PASS">
          <exception class="dev.chirp.customexceptions.InvalidInputException">
            <message>
              <![CDATA[Invalid Input]]>
            </message>
            <full-stacktrace>
              <![CDATA[dev.chirp.customexceptions.InvalidInputException: Invalid Input
at dev.chirp.service.implementations.UserService.serviceGetUserById(UserService.java:48)
at service.UserServiceTests.testServiceGetUserByIdNegativeId(UserServiceTests.java:124)
at java.base/jdk.internal.reflect.NativeMethodAccessorImpl.invoke0(Native Method)
at java.base/jdk.internal.reflect.NativeMethodAccessorImpl.invoke(NativeMethodAccessorImpl.java:77)
at java.base/jdk.internal.reflect.DelegatingMethodAccessorImpl.invoke(DelegatingMethodAccessorImpl.java:43)
at java.base/java.lang.reflect.Method.invoke(Method.java:568)
at org.testng.internal.MethodInvocationHelper.invokeMethod(MethodInvocationHelper.java:133)
at org.testng.internal.TestInvoker.invokeMethod(TestInvoker.java:598)
at org.testng.internal.TestInvoker.invokeTestMethod(TestInvoker.java:173)
at org.testng.internal.MethodRunner.runInSequence(MethodRunner.java:46)
at org.testng.internal.TestInvoker$MethodInvocationAgent.invoke(TestInvoker.java:824)
at org.testng.internal.TestInvoker.invokeTestMethods(TestInvoker.java:146)
at org.testng.internal.TestMethodWorker.invokeTestMethods(TestMethodWorker.java:146)
at org.testng.internal.TestMethodWorker.run(TestMethodWorker.java:128)
at java.base/java.util.ArrayList.forEach(ArrayList.java:1511)
at org.testng.TestRunner.privateRun(TestRunner.java:794)
at org.testng.TestRunner.run(TestRunner.java:596)
at org.testng.SuiteRunner.runTest(SuiteRunner.java:377)
at org.testng.SuiteRunner.runSequentially(SuiteRunner.java:371)
at org.testng.SuiteRunner.privateRun(SuiteRunner.java:332)
at org.testng.SuiteRunner.run(SuiteRunner.java:276)
at org.testng.SuiteRunnerWorker.runSuite(SuiteRunnerWorker.java:53)
at org.testng.SuiteRunnerWorker.run(SuiteRunnerWorker.java:96)
at org.testng.TestNG.runSuitesSequentially(TestNG.java:1212)
at org.testng.TestNG.runSuitesLocally(TestNG.java:1134)
at org.testng.TestNG.runSuites(TestNG.java:1063)
at org.testng.TestNG.run(TestNG.java:1031)
at com.intellij.rt.testng.IDEARemoteTestNG.run(IDEARemoteTestNG.java:66)
at com.intellij.rt.testng.RemoteTestNGStarter.main(RemoteTestNGStarter.java:109)
]]>
            </full-stacktrace>
          </exception> <!-- dev.chirp.customexceptions.InvalidInputException -->
          <reporter-output>
          </reporter-output>
        </test-method> <!-- testServiceGetUserByIdNegativeId -->
      </class> <!-- service.UserServiceTests -->
      <class name="dao.CommentDAOTests">
        <test-method signature="createComment()[pri:0, instance:dao.CommentDAOTests@6f3b5d16]" started-at="2022-01-12T11:34:05 PST" name="createComment" finished-at="2022-01-12T11:34:06 PST" duration-ms="1233" status="PASS">
          <reporter-output>
          </reporter-output>
        </test-method> <!-- createComment -->
        <test-method signature="deleteCommentById()[pri:0, instance:dao.CommentDAOTests@6f3b5d16]" started-at="2022-01-12T11:34:06 PST" name="deleteCommentById" finished-at="2022-01-12T11:34:07 PST" duration-ms="1010" status="PASS">
          <reporter-output>
          </reporter-output>
        </test-method> <!-- deleteCommentById -->
        <test-method signature="getAllComments()[pri:0, instance:dao.CommentDAOTests@6f3b5d16]" started-at="2022-01-12T11:34:07 PST" name="getAllComments" finished-at="2022-01-12T11:34:08 PST" duration-ms="976" status="PASS">
          <reporter-output>
          </reporter-output>
        </test-method> <!-- getAllComments -->
        <test-method signature="getCommentsByPostId()[pri:0, instance:dao.CommentDAOTests@6f3b5d16]" started-at="2022-01-12T11:34:08 PST" name="getCommentsByPostId" finished-at="2022-01-12T11:34:09 PST" duration-ms="976" status="PASS">
          <reporter-output>
          </reporter-output>
        </test-method> <!-- getCommentsByPostId -->
        <test-method signature="selectCommentById()[pri:0, instance:dao.CommentDAOTests@6f3b5d16]" started-at="2022-01-12T11:34:09 PST" name="selectCommentById" finished-at="2022-01-12T11:34:10 PST" duration-ms="969" status="PASS">
          <reporter-output>
          </reporter-output>
        </test-method> <!-- selectCommentById -->
        <test-method signature="selectCommentByIdFail()[pri:0, instance:dao.CommentDAOTests@6f3b5d16]" started-at="2022-01-12T11:34:10 PST" name="selectCommentByIdFail" finished-at="2022-01-12T11:34:11 PST" duration-ms="991" status="PASS">
          <exception class="dev.chirp.customexceptions.CommentNotFound">
            <message>
              <![CDATA[Comment not found]]>
            </message>
            <full-stacktrace>
              <![CDATA[dev.chirp.customexceptions.CommentNotFound: Comment not found
at dev.chirp.dao.implementations.CommentDAO.getCommentById(CommentDAO.java:51)
at dao.CommentDAOTests.selectCommentByIdFail(CommentDAOTests.java:30)
at java.base/jdk.internal.reflect.NativeMethodAccessorImpl.invoke0(Native Method)
at java.base/jdk.internal.reflect.NativeMethodAccessorImpl.invoke(NativeMethodAccessorImpl.java:77)
at java.base/jdk.internal.reflect.DelegatingMethodAccessorImpl.invoke(DelegatingMethodAccessorImpl.java:43)
at java.base/java.lang.reflect.Method.invoke(Method.java:568)
at org.testng.internal.MethodInvocationHelper.invokeMethod(MethodInvocationHelper.java:133)
at org.testng.internal.TestInvoker.invokeMethod(TestInvoker.java:598)
at org.testng.internal.TestInvoker.invokeTestMethod(TestInvoker.java:173)
at org.testng.internal.MethodRunner.runInSequence(MethodRunner.java:46)
at org.testng.internal.TestInvoker$MethodInvocationAgent.invoke(TestInvoker.java:824)
at org.testng.internal.TestInvoker.invokeTestMethods(TestInvoker.java:146)
at org.testng.internal.TestMethodWorker.invokeTestMethods(TestMethodWorker.java:146)
at org.testng.internal.TestMethodWorker.run(TestMethodWorker.java:128)
at java.base/java.util.ArrayList.forEach(ArrayList.java:1511)
at org.testng.TestRunner.privateRun(TestRunner.java:794)
at org.testng.TestRunner.run(TestRunner.java:596)
at org.testng.SuiteRunner.runTest(SuiteRunner.java:377)
at org.testng.SuiteRunner.runSequentially(SuiteRunner.java:371)
at org.testng.SuiteRunner.privateRun(SuiteRunner.java:332)
at org.testng.SuiteRunner.run(SuiteRunner.java:276)
at org.testng.SuiteRunnerWorker.runSuite(SuiteRunnerWorker.java:53)
at org.testng.SuiteRunnerWorker.run(SuiteRunnerWorker.java:96)
at org.testng.TestNG.runSuitesSequentially(TestNG.java:1212)
at org.testng.TestNG.runSuitesLocally(TestNG.java:1134)
at org.testng.TestNG.runSuites(TestNG.java:1063)
at org.testng.TestNG.run(TestNG.java:1031)
at com.intellij.rt.testng.IDEARemoteTestNG.run(IDEARemoteTestNG.java:66)
at com.intellij.rt.testng.RemoteTestNGStarter.main(RemoteTestNGStarter.java:109)
]]>
            </full-stacktrace>
          </exception> <!-- dev.chirp.customexceptions.CommentNotFound -->
          <reporter-output>
          </reporter-output>
        </test-method> <!-- selectCommentByIdFail -->
      </class> <!-- dao.CommentDAOTests -->
      <class name="dao.UserDAOTests">
        <test-method signature="testCreateAccountExistingEmail()[pri:0, instance:dao.UserDAOTests@2133814f]" started-at="2022-01-12T11:34:28 PST" name="testCreateAccountExistingEmail" finished-at="2022-01-12T11:34:29 PST" duration-ms="954" status="PASS">
          <exception class="dev.chirp.customexceptions.DuplicateException">
            <message>
              <![CDATA[duplicate email]]>
            </message>
            <full-stacktrace>
              <![CDATA[dev.chirp.customexceptions.DuplicateException: duplicate email
at dev.chirp.dao.implementations.UserDAO.createAccount(UserDAO.java:62)
at dao.UserDAOTests.testCreateAccountExistingEmail(UserDAOTests.java:81)
at java.base/jdk.internal.reflect.NativeMethodAccessorImpl.invoke0(Native Method)
at java.base/jdk.internal.reflect.NativeMethodAccessorImpl.invoke(NativeMethodAccessorImpl.java:77)
at java.base/jdk.internal.reflect.DelegatingMethodAccessorImpl.invoke(DelegatingMethodAccessorImpl.java:43)
at java.base/java.lang.reflect.Method.invoke(Method.java:568)
at org.testng.internal.MethodInvocationHelper.invokeMethod(MethodInvocationHelper.java:133)
at org.testng.internal.TestInvoker.invokeMethod(TestInvoker.java:598)
at org.testng.internal.TestInvoker.invokeTestMethod(TestInvoker.java:173)
at org.testng.internal.MethodRunner.runInSequence(MethodRunner.java:46)
at org.testng.internal.TestInvoker$MethodInvocationAgent.invoke(TestInvoker.java:824)
at org.testng.internal.TestInvoker.invokeTestMethods(TestInvoker.java:146)
at org.testng.internal.TestMethodWorker.invokeTestMethods(TestMethodWorker.java:146)
at org.testng.internal.TestMethodWorker.run(TestMethodWorker.java:128)
at java.base/java.util.ArrayList.forEach(ArrayList.java:1511)
at org.testng.TestRunner.privateRun(TestRunner.java:794)
at org.testng.TestRunner.run(TestRunner.java:596)
at org.testng.SuiteRunner.runTest(SuiteRunner.java:377)
at org.testng.SuiteRunner.runSequentially(SuiteRunner.java:371)
at org.testng.SuiteRunner.privateRun(SuiteRunner.java:332)
at org.testng.SuiteRunner.run(SuiteRunner.java:276)
at org.testng.SuiteRunnerWorker.runSuite(SuiteRunnerWorker.java:53)
at org.testng.SuiteRunnerWorker.run(SuiteRunnerWorker.java:96)
at org.testng.TestNG.runSuitesSequentially(TestNG.java:1212)
at org.testng.TestNG.runSuitesLocally(TestNG.java:1134)
at org.testng.TestNG.runSuites(TestNG.java:1063)
at org.testng.TestNG.run(TestNG.java:1031)
at com.intellij.rt.testng.IDEARemoteTestNG.run(IDEARemoteTestNG.java:66)
at com.intellij.rt.testng.RemoteTestNGStarter.main(RemoteTestNGStarter.java:109)
]]>
            </full-stacktrace>
          </exception> <!-- dev.chirp.customexceptions.DuplicateException -->
          <reporter-output>
          </reporter-output>
        </test-method> <!-- testCreateAccountExistingEmail -->
        <test-method signature="testCreateAccountExistingUserName()[pri:0, instance:dao.UserDAOTests@2133814f]" started-at="2022-01-12T11:34:29 PST" name="testCreateAccountExistingUserName" finished-at="2022-01-12T11:34:30 PST" duration-ms="963" status="PASS">
          <exception class="dev.chirp.customexceptions.DuplicateException">
            <message>
              <![CDATA[duplicate user name]]>
            </message>
            <full-stacktrace>
              <![CDATA[dev.chirp.customexceptions.DuplicateException: duplicate user name
at dev.chirp.dao.implementations.UserDAO.createAccount(UserDAO.java:60)
at dao.UserDAOTests.testCreateAccountExistingUserName(UserDAOTests.java:86)
at java.base/jdk.internal.reflect.NativeMethodAccessorImpl.invoke0(Native Method)
at java.base/jdk.internal.reflect.NativeMethodAccessorImpl.invoke(NativeMethodAccessorImpl.java:77)
at java.base/jdk.internal.reflect.DelegatingMethodAccessorImpl.invoke(DelegatingMethodAccessorImpl.java:43)
at java.base/java.lang.reflect.Method.invoke(Method.java:568)
at org.testng.internal.MethodInvocationHelper.invokeMethod(MethodInvocationHelper.java:133)
at org.testng.internal.TestInvoker.invokeMethod(TestInvoker.java:598)
at org.testng.internal.TestInvoker.invokeTestMethod(TestInvoker.java:173)
at org.testng.internal.MethodRunner.runInSequence(MethodRunner.java:46)
at org.testng.internal.TestInvoker$MethodInvocationAgent.invoke(TestInvoker.java:824)
at org.testng.internal.TestInvoker.invokeTestMethods(TestInvoker.java:146)
at org.testng.internal.TestMethodWorker.invokeTestMethods(TestMethodWorker.java:146)
at org.testng.internal.TestMethodWorker.run(TestMethodWorker.java:128)
at java.base/java.util.ArrayList.forEach(ArrayList.java:1511)
at org.testng.TestRunner.privateRun(TestRunner.java:794)
at org.testng.TestRunner.run(TestRunner.java:596)
at org.testng.SuiteRunner.runTest(SuiteRunner.java:377)
at org.testng.SuiteRunner.runSequentially(SuiteRunner.java:371)
at org.testng.SuiteRunner.privateRun(SuiteRunner.java:332)
at org.testng.SuiteRunner.run(SuiteRunner.java:276)
at org.testng.SuiteRunnerWorker.runSuite(SuiteRunnerWorker.java:53)
at org.testng.SuiteRunnerWorker.run(SuiteRunnerWorker.java:96)
at org.testng.TestNG.runSuitesSequentially(TestNG.java:1212)
at org.testng.TestNG.runSuitesLocally(TestNG.java:1134)
at org.testng.TestNG.runSuites(TestNG.java:1063)
at org.testng.TestNG.run(TestNG.java:1031)
at com.intellij.rt.testng.IDEARemoteTestNG.run(IDEARemoteTestNG.java:66)
at com.intellij.rt.testng.RemoteTestNGStarter.main(RemoteTestNGStarter.java:109)
]]>
            </full-stacktrace>
          </exception> <!-- dev.chirp.customexceptions.DuplicateException -->
          <reporter-output>
          </reporter-output>
        </test-method> <!-- testCreateAccountExistingUserName -->
        <test-method signature="testCreateAccountSuccess()[pri:0, instance:dao.UserDAOTests@2133814f]" started-at="2022-01-12T11:34:30 PST" name="testCreateAccountSuccess" finished-at="2022-01-12T11:34:31 PST" duration-ms="969" status="PASS">
          <reporter-output>
          </reporter-output>
        </test-method> <!-- testCreateAccountSuccess -->
        <test-method signature="testDeleteUserByIdNonExistingId()[pri:0, instance:dao.UserDAOTests@2133814f]" started-at="2022-01-12T11:34:31 PST" name="testDeleteUserByIdNonExistingId" finished-at="2022-01-12T11:34:32 PST" duration-ms="980" status="PASS">
          <reporter-output>
          </reporter-output>
        </test-method> <!-- testDeleteUserByIdNonExistingId -->
        <test-method signature="testEditUserInformationByIdExistingEmail()[pri:0, instance:dao.UserDAOTests@2133814f]" started-at="2022-01-12T11:34:32 PST" name="testEditUserInformationByIdExistingEmail" finished-at="2022-01-12T11:34:33 PST" duration-ms="962" status="PASS">
          <exception class="dev.chirp.customexceptions.DuplicateException">
            <message>
              <![CDATA[duplicate email]]>
            </message>
            <full-stacktrace>
              <![CDATA[dev.chirp.customexceptions.DuplicateException: duplicate email
at dev.chirp.dao.implementations.UserDAO.editUserInformationById(UserDAO.java:184)
at dao.UserDAOTests.testEditUserInformationByIdExistingEmail(UserDAOTests.java:194)
at java.base/jdk.internal.reflect.NativeMethodAccessorImpl.invoke0(Native Method)
at java.base/jdk.internal.reflect.NativeMethodAccessorImpl.invoke(NativeMethodAccessorImpl.java:77)
at java.base/jdk.internal.reflect.DelegatingMethodAccessorImpl.invoke(DelegatingMethodAccessorImpl.java:43)
at java.base/java.lang.reflect.Method.invoke(Method.java:568)
at org.testng.internal.MethodInvocationHelper.invokeMethod(MethodInvocationHelper.java:133)
at org.testng.internal.TestInvoker.invokeMethod(TestInvoker.java:598)
at org.testng.internal.TestInvoker.invokeTestMethod(TestInvoker.java:173)
at org.testng.internal.MethodRunner.runInSequence(MethodRunner.java:46)
at org.testng.internal.TestInvoker$MethodInvocationAgent.invoke(TestInvoker.java:824)
at org.testng.internal.TestInvoker.invokeTestMethods(TestInvoker.java:146)
at org.testng.internal.TestMethodWorker.invokeTestMethods(TestMethodWorker.java:146)
at org.testng.internal.TestMethodWorker.run(TestMethodWorker.java:128)
at java.base/java.util.ArrayList.forEach(ArrayList.java:1511)
at org.testng.TestRunner.privateRun(TestRunner.java:794)
at org.testng.TestRunner.run(TestRunner.java:596)
at org.testng.SuiteRunner.runTest(SuiteRunner.java:377)
at org.testng.SuiteRunner.runSequentially(SuiteRunner.java:371)
at org.testng.SuiteRunner.privateRun(SuiteRunner.java:332)
at org.testng.SuiteRunner.run(SuiteRunner.java:276)
at org.testng.SuiteRunnerWorker.runSuite(SuiteRunnerWorker.java:53)
at org.testng.SuiteRunnerWorker.run(SuiteRunnerWorker.java:96)
at org.testng.TestNG.runSuitesSequentially(TestNG.java:1212)
at org.testng.TestNG.runSuitesLocally(TestNG.java:1134)
at org.testng.TestNG.runSuites(TestNG.java:1063)
at org.testng.TestNG.run(TestNG.java:1031)
at com.intellij.rt.testng.IDEARemoteTestNG.run(IDEARemoteTestNG.java:66)
at com.intellij.rt.testng.RemoteTestNGStarter.main(RemoteTestNGStarter.java:109)
]]>
            </full-stacktrace>
          </exception> <!-- dev.chirp.customexceptions.DuplicateException -->
          <reporter-output>
          </reporter-output>
        </test-method> <!-- testEditUserInformationByIdExistingEmail -->
        <test-method signature="testEditUserInformationByIdExistingName()[pri:0, instance:dao.UserDAOTests@2133814f]" started-at="2022-01-12T11:34:33 PST" name="testEditUserInformationByIdExistingName" finished-at="2022-01-12T11:34:34 PST" duration-ms="969" status="PASS">
          <exception class="dev.chirp.customexceptions.DuplicateException">
            <message>
              <![CDATA[duplicate user name]]>
            </message>
            <full-stacktrace>
              <![CDATA[dev.chirp.customexceptions.DuplicateException: duplicate user name
at dev.chirp.dao.implementations.UserDAO.editUserInformationById(UserDAO.java:182)
at dao.UserDAOTests.testEditUserInformationByIdExistingName(UserDAOTests.java:182)
at java.base/jdk.internal.reflect.NativeMethodAccessorImpl.invoke0(Native Method)
at java.base/jdk.internal.reflect.NativeMethodAccessorImpl.invoke(NativeMethodAccessorImpl.java:77)
at java.base/jdk.internal.reflect.DelegatingMethodAccessorImpl.invoke(DelegatingMethodAccessorImpl.java:43)
at java.base/java.lang.reflect.Method.invoke(Method.java:568)
at org.testng.internal.MethodInvocationHelper.invokeMethod(MethodInvocationHelper.java:133)
at org.testng.internal.TestInvoker.invokeMethod(TestInvoker.java:598)
at org.testng.internal.TestInvoker.invokeTestMethod(TestInvoker.java:173)
at org.testng.internal.MethodRunner.runInSequence(MethodRunner.java:46)
at org.testng.internal.TestInvoker$MethodInvocationAgent.invoke(TestInvoker.java:824)
at org.testng.internal.TestInvoker.invokeTestMethods(TestInvoker.java:146)
at org.testng.internal.TestMethodWorker.invokeTestMethods(TestMethodWorker.java:146)
at org.testng.internal.TestMethodWorker.run(TestMethodWorker.java:128)
at java.base/java.util.ArrayList.forEach(ArrayList.java:1511)
at org.testng.TestRunner.privateRun(TestRunner.java:794)
at org.testng.TestRunner.run(TestRunner.java:596)
at org.testng.SuiteRunner.runTest(SuiteRunner.java:377)
at org.testng.SuiteRunner.runSequentially(SuiteRunner.java:371)
at org.testng.SuiteRunner.privateRun(SuiteRunner.java:332)
at org.testng.SuiteRunner.run(SuiteRunner.java:276)
at org.testng.SuiteRunnerWorker.runSuite(SuiteRunnerWorker.java:53)
at org.testng.SuiteRunnerWorker.run(SuiteRunnerWorker.java:96)
at org.testng.TestNG.runSuitesSequentially(TestNG.java:1212)
at org.testng.TestNG.runSuitesLocally(TestNG.java:1134)
at org.testng.TestNG.runSuites(TestNG.java:1063)
at org.testng.TestNG.run(TestNG.java:1031)
at com.intellij.rt.testng.IDEARemoteTestNG.run(IDEARemoteTestNG.java:66)
at com.intellij.rt.testng.RemoteTestNGStarter.main(RemoteTestNGStarter.java:109)
]]>
            </full-stacktrace>
          </exception> <!-- dev.chirp.customexceptions.DuplicateException -->
          <reporter-output>
          </reporter-output>
        </test-method> <!-- testEditUserInformationByIdExistingName -->
        <test-method signature="testEditUserInformationByIdNonExistingId()[pri:0, instance:dao.UserDAOTests@2133814f]" started-at="2022-01-12T11:34:34 PST" name="testEditUserInformationByIdNonExistingId" finished-at="2022-01-12T11:34:35 PST" duration-ms="1006" status="PASS">
          <reporter-output>
          </reporter-output>
        </test-method> <!-- testEditUserInformationByIdNonExistingId -->
        <test-method signature="testEditUserInformationByIdSuccess()[pri:0, instance:dao.UserDAOTests@2133814f]" started-at="2022-01-12T11:34:35 PST" name="testEditUserInformationByIdSuccess" finished-at="2022-01-12T11:34:36 PST" duration-ms="950" status="PASS">
          <reporter-output>
          </reporter-output>
        </test-method> <!-- testEditUserInformationByIdSuccess -->
        <test-method signature="testGetUserByIdNonExistingId()[pri:0, instance:dao.UserDAOTests@2133814f]" started-at="2022-01-12T11:34:36 PST" name="testGetUserByIdNonExistingId" finished-at="2022-01-12T11:34:37 PST" duration-ms="1051" status="PASS">
          <reporter-output>
          </reporter-output>
        </test-method> <!-- testGetUserByIdNonExistingId -->
        <test-method signature="testGetUserByIdSuccess()[pri:0, instance:dao.UserDAOTests@2133814f]" started-at="2022-01-12T11:34:37 PST" name="testGetUserByIdSuccess" finished-at="2022-01-12T11:34:38 PST" duration-ms="954" status="PASS">
          <reporter-output>
          </reporter-output>
        </test-method> <!-- testGetUserByIdSuccess -->
        <test-method signature="testGetUsers()[pri:0, instance:dao.UserDAOTests@2133814f]" started-at="2022-01-12T11:34:38 PST" name="testGetUsers" finished-at="2022-01-12T11:34:39 PST" duration-ms="967" status="PASS">
          <reporter-output>
          </reporter-output>
        </test-method> <!-- testGetUsers -->
        <test-method signature="testGetUsersByFirstNameNonExistingFirstName()[pri:0, instance:dao.UserDAOTests@2133814f]" started-at="2022-01-12T11:34:39 PST" name="testGetUsersByFirstNameNonExistingFirstName" finished-at="2022-01-12T11:34:40 PST" duration-ms="964" status="PASS">
          <reporter-output>
          </reporter-output>
        </test-method> <!-- testGetUsersByFirstNameNonExistingFirstName -->
        <test-method signature="testGetUsersByFirstNameSuccess()[pri:0, instance:dao.UserDAOTests@2133814f]" started-at="2022-01-12T11:34:40 PST" name="testGetUsersByFirstNameSuccess" finished-at="2022-01-12T11:34:41 PST" duration-ms="949" status="PASS">
          <reporter-output>
          </reporter-output>
        </test-method> <!-- testGetUsersByFirstNameSuccess -->
        <test-method signature="testRequestLoginIncorrectCredentialsCase1()[pri:0, instance:dao.UserDAOTests@2133814f]" started-at="2022-01-12T11:34:41 PST" name="testRequestLoginIncorrectCredentialsCase1" finished-at="2022-01-12T11:34:42 PST" duration-ms="958" status="PASS">
          <reporter-output>
          </reporter-output>
        </test-method> <!-- testRequestLoginIncorrectCredentialsCase1 -->
        <test-method signature="testRequestLoginIncorrectCredentialsCase2()[pri:0, instance:dao.UserDAOTests@2133814f]" started-at="2022-01-12T11:34:42 PST" name="testRequestLoginIncorrectCredentialsCase2" finished-at="2022-01-12T11:34:43 PST" duration-ms="954" status="PASS">
          <reporter-output>
          </reporter-output>
        </test-method> <!-- testRequestLoginIncorrectCredentialsCase2 -->
        <test-method signature="testRequestLoginIncorrectCredentialsCase3()[pri:0, instance:dao.UserDAOTests@2133814f]" started-at="2022-01-12T11:34:43 PST" name="testRequestLoginIncorrectCredentialsCase3" finished-at="2022-01-12T11:34:43 PST" duration-ms="959" status="PASS">
          <reporter-output>
          </reporter-output>
        </test-method> <!-- testRequestLoginIncorrectCredentialsCase3 -->
        <test-method signature="testRequestLoginSuccess()[pri:0, instance:dao.UserDAOTests@2133814f]" started-at="2022-01-12T11:34:43 PST" name="testRequestLoginSuccess" finished-at="2022-01-12T11:34:44 PST" duration-ms="960" status="PASS">
          <reporter-output>
          </reporter-output>
        </test-method> <!-- testRequestLoginSuccess -->
        <test-method signature="testDeleteUserByIdSuccess()[pri:2, instance:dao.UserDAOTests@2133814f]" started-at="2022-01-12T11:34:44 PST" name="testDeleteUserByIdSuccess" finished-at="2022-01-12T11:34:46 PST" duration-ms="1084" status="PASS">
          <reporter-output>
          </reporter-output>
        </test-method> <!-- testDeleteUserByIdSuccess -->
      </class> <!-- dao.UserDAOTests -->
      <class name="dao.PostDAOTests">
        <test-method signature="createPost()[pri:0, instance:dao.PostDAOTests@1e730495]" started-at="2022-01-12T11:34:46 PST" name="createPost" finished-at="2022-01-12T11:34:47 PST" duration-ms="955" status="PASS">
          <reporter-output>
          </reporter-output>
        </test-method> <!-- createPost -->
        <test-method signature="createPostWrongUserId()[pri:0, instance:dao.PostDAOTests@1e730495]" started-at="2022-01-12T11:34:47 PST" name="createPostWrongUserId" finished-at="2022-01-12T11:34:48 PST" duration-ms="1022" status="PASS">
          <reporter-output>
          </reporter-output>
        </test-method> <!-- createPostWrongUserId -->
        <test-method signature="deletePostsByPostId()[pri:0, instance:dao.PostDAOTests@1e730495]" started-at="2022-01-12T11:34:48 PST" name="deletePostsByPostId" finished-at="2022-01-12T11:34:49 PST" duration-ms="1103" status="PASS">
          <reporter-output>
          </reporter-output>
        </test-method> <!-- deletePostsByPostId -->
        <test-method signature="getAllPosts()[pri:0, instance:dao.PostDAOTests@1e730495]" started-at="2022-01-12T11:34:49 PST" name="getAllPosts" finished-at="2022-01-12T11:34:50 PST" duration-ms="1142" status="PASS">
          <reporter-output>
          </reporter-output>
        </test-method> <!-- getAllPosts -->
        <test-method signature="getPostById()[pri:0, instance:dao.PostDAOTests@1e730495]" started-at="2022-01-12T11:34:50 PST" name="getPostById" finished-at="2022-01-12T11:34:51 PST" duration-ms="1061" status="PASS">
          <reporter-output>
          </reporter-output>
        </test-method> <!-- getPostById -->
        <test-method signature="getPostByNonExistingId()[pri:0, instance:dao.PostDAOTests@1e730495]" started-at="2022-01-12T11:34:51 PST" name="getPostByNonExistingId" finished-at="2022-01-12T11:34:52 PST" duration-ms="964" status="PASS">
          <reporter-output>
          </reporter-output>
        </test-method> <!-- getPostByNonExistingId -->
        <test-method signature="getPostsByNonExistingUserId()[pri:0, instance:dao.PostDAOTests@1e730495]" started-at="2022-01-12T11:34:52 PST" name="getPostsByNonExistingUserId" finished-at="2022-01-12T11:34:53 PST" duration-ms="970" status="PASS">
          <reporter-output>
          </reporter-output>
        </test-method> <!-- getPostsByNonExistingUserId -->
        <test-method signature="getPostsByUserId()[pri:0, instance:dao.PostDAOTests@1e730495]" started-at="2022-01-12T11:34:53 PST" name="getPostsByUserId" finished-at="2022-01-12T11:34:54 PST" duration-ms="954" status="PASS">
          <reporter-output>
          </reporter-output>
        </test-method> <!-- getPostsByUserId -->
      </class> <!-- dao.PostDAOTests -->
      <class name="service.RelationshipsServiceTests">
        <test-method is-config="true" signature="setup()[pri:0, instance:service.RelationshipsServiceTests@7fc2413d]" started-at="2022-01-12T11:34:28 PST" name="setup" finished-at="2022-01-12T11:34:28 PST" duration-ms="18" status="PASS">
          <reporter-output>
          </reporter-output>
        </test-method> <!-- setup -->
        <test-method signature="serviceFollowByIdsNegativeMyId()[pri:0, instance:service.RelationshipsServiceTests@7fc2413d]" started-at="2022-01-12T11:34:28 PST" name="serviceFollowByIdsNegativeMyId" finished-at="2022-01-12T11:34:28 PST" duration-ms="1" status="PASS">
          <exception class="dev.chirp.customexceptions.InvalidInputException">
            <message>
              <![CDATA[Invalid Input]]>
            </message>
            <full-stacktrace>
              <![CDATA[dev.chirp.customexceptions.InvalidInputException: Invalid Input
at dev.chirp.service.implementations.RelationshipsService.serviceFollowByIds(RelationshipsService.java:60)
at service.RelationshipsServiceTests.serviceFollowByIdsNegativeMyId(RelationshipsServiceTests.java:122)
at java.base/jdk.internal.reflect.NativeMethodAccessorImpl.invoke0(Native Method)
at java.base/jdk.internal.reflect.NativeMethodAccessorImpl.invoke(NativeMethodAccessorImpl.java:77)
at java.base/jdk.internal.reflect.DelegatingMethodAccessorImpl.invoke(DelegatingMethodAccessorImpl.java:43)
at java.base/java.lang.reflect.Method.invoke(Method.java:568)
at org.testng.internal.MethodInvocationHelper.invokeMethod(MethodInvocationHelper.java:133)
at org.testng.internal.TestInvoker.invokeMethod(TestInvoker.java:598)
at org.testng.internal.TestInvoker.invokeTestMethod(TestInvoker.java:173)
at org.testng.internal.MethodRunner.runInSequence(MethodRunner.java:46)
at org.testng.internal.TestInvoker$MethodInvocationAgent.invoke(TestInvoker.java:824)
at org.testng.internal.TestInvoker.invokeTestMethods(TestInvoker.java:146)
at org.testng.internal.TestMethodWorker.invokeTestMethods(TestMethodWorker.java:146)
at org.testng.internal.TestMethodWorker.run(TestMethodWorker.java:128)
at java.base/java.util.ArrayList.forEach(ArrayList.java:1511)
at org.testng.TestRunner.privateRun(TestRunner.java:794)
at org.testng.TestRunner.run(TestRunner.java:596)
at org.testng.SuiteRunner.runTest(SuiteRunner.java:377)
at org.testng.SuiteRunner.runSequentially(SuiteRunner.java:371)
at org.testng.SuiteRunner.privateRun(SuiteRunner.java:332)
at org.testng.SuiteRunner.run(SuiteRunner.java:276)
at org.testng.SuiteRunnerWorker.runSuite(SuiteRunnerWorker.java:53)
at org.testng.SuiteRunnerWorker.run(SuiteRunnerWorker.java:96)
at org.testng.TestNG.runSuitesSequentially(TestNG.java:1212)
at org.testng.TestNG.runSuitesLocally(TestNG.java:1134)
at org.testng.TestNG.runSuites(TestNG.java:1063)
at org.testng.TestNG.run(TestNG.java:1031)
at com.intellij.rt.testng.IDEARemoteTestNG.run(IDEARemoteTestNG.java:66)
at com.intellij.rt.testng.RemoteTestNGStarter.main(RemoteTestNGStarter.java:109)
]]>
            </full-stacktrace>
          </exception> <!-- dev.chirp.customexceptions.InvalidInputException -->
          <reporter-output>
          </reporter-output>
        </test-method> <!-- serviceFollowByIdsNegativeMyId -->
        <test-method signature="serviceFollowByIdsNegativeIds()[pri:0, instance:service.RelationshipsServiceTests@7fc2413d]" started-at="2022-01-12T11:34:28 PST" name="serviceFollowByIdsNegativeIds" finished-at="2022-01-12T11:34:28 PST" duration-ms="0" status="PASS">
          <exception class="dev.chirp.customexceptions.InvalidInputException">
            <message>
              <![CDATA[Invalid Input]]>
            </message>
            <full-stacktrace>
              <![CDATA[dev.chirp.customexceptions.InvalidInputException: Invalid Input
at dev.chirp.service.implementations.RelationshipsService.serviceFollowByIds(RelationshipsService.java:60)
at service.RelationshipsServiceTests.serviceFollowByIdsNegativeIds(RelationshipsServiceTests.java:132)
at java.base/jdk.internal.reflect.NativeMethodAccessorImpl.invoke0(Native Method)
at java.base/jdk.internal.reflect.NativeMethodAccessorImpl.invoke(NativeMethodAccessorImpl.java:77)
at java.base/jdk.internal.reflect.DelegatingMethodAccessorImpl.invoke(DelegatingMethodAccessorImpl.java:43)
at java.base/java.lang.reflect.Method.invoke(Method.java:568)
at org.testng.internal.MethodInvocationHelper.invokeMethod(MethodInvocationHelper.java:133)
at org.testng.internal.TestInvoker.invokeMethod(TestInvoker.java:598)
at org.testng.internal.TestInvoker.invokeTestMethod(TestInvoker.java:173)
at org.testng.internal.MethodRunner.runInSequence(MethodRunner.java:46)
at org.testng.internal.TestInvoker$MethodInvocationAgent.invoke(TestInvoker.java:824)
at org.testng.internal.TestInvoker.invokeTestMethods(TestInvoker.java:146)
at org.testng.internal.TestMethodWorker.invokeTestMethods(TestMethodWorker.java:146)
at org.testng.internal.TestMethodWorker.run(TestMethodWorker.java:128)
at java.base/java.util.ArrayList.forEach(ArrayList.java:1511)
at org.testng.TestRunner.privateRun(TestRunner.java:794)
at org.testng.TestRunner.run(TestRunner.java:596)
at org.testng.SuiteRunner.runTest(SuiteRunner.java:377)
at org.testng.SuiteRunner.runSequentially(SuiteRunner.java:371)
at org.testng.SuiteRunner.privateRun(SuiteRunner.java:332)
at org.testng.SuiteRunner.run(SuiteRunner.java:276)
at org.testng.SuiteRunnerWorker.runSuite(SuiteRunnerWorker.java:53)
at org.testng.SuiteRunnerWorker.run(SuiteRunnerWorker.java:96)
at org.testng.TestNG.runSuitesSequentially(TestNG.java:1212)
at org.testng.TestNG.runSuitesLocally(TestNG.java:1134)
at org.testng.TestNG.runSuites(TestNG.java:1063)
at org.testng.TestNG.run(TestNG.java:1031)
at com.intellij.rt.testng.IDEARemoteTestNG.run(IDEARemoteTestNG.java:66)
at com.intellij.rt.testng.RemoteTestNGStarter.main(RemoteTestNGStarter.java:109)
]]>
            </full-stacktrace>
          </exception> <!-- dev.chirp.customexceptions.InvalidInputException -->
          <reporter-output>
          </reporter-output>
        </test-method> <!-- serviceFollowByIdsNegativeIds -->
        <test-method signature="serviceFollowByIdsNegativeTargetId()[pri:0, instance:service.RelationshipsServiceTests@7fc2413d]" started-at="2022-01-12T11:34:28 PST" name="serviceFollowByIdsNegativeTargetId" finished-at="2022-01-12T11:34:28 PST" duration-ms="0" status="PASS">
          <exception class="dev.chirp.customexceptions.InvalidInputException">
            <message>
              <![CDATA[Invalid Input]]>
            </message>
            <full-stacktrace>
              <![CDATA[dev.chirp.customexceptions.InvalidInputException: Invalid Input
at dev.chirp.service.implementations.RelationshipsService.serviceFollowByIds(RelationshipsService.java:60)
at service.RelationshipsServiceTests.serviceFollowByIdsNegativeTargetId(RelationshipsServiceTests.java:127)
at java.base/jdk.internal.reflect.NativeMethodAccessorImpl.invoke0(Native Method)
at java.base/jdk.internal.reflect.NativeMethodAccessorImpl.invoke(NativeMethodAccessorImpl.java:77)
at java.base/jdk.internal.reflect.DelegatingMethodAccessorImpl.invoke(DelegatingMethodAccessorImpl.java:43)
at java.base/java.lang.reflect.Method.invoke(Method.java:568)
at org.testng.internal.MethodInvocationHelper.invokeMethod(MethodInvocationHelper.java:133)
at org.testng.internal.TestInvoker.invokeMethod(TestInvoker.java:598)
at org.testng.internal.TestInvoker.invokeTestMethod(TestInvoker.java:173)
at org.testng.internal.MethodRunner.runInSequence(MethodRunner.java:46)
at org.testng.internal.TestInvoker$MethodInvocationAgent.invoke(TestInvoker.java:824)
at org.testng.internal.TestInvoker.invokeTestMethods(TestInvoker.java:146)
at org.testng.internal.TestMethodWorker.invokeTestMethods(TestMethodWorker.java:146)
at org.testng.internal.TestMethodWorker.run(TestMethodWorker.java:128)
at java.base/java.util.ArrayList.forEach(ArrayList.java:1511)
at org.testng.TestRunner.privateRun(TestRunner.java:794)
at org.testng.TestRunner.run(TestRunner.java:596)
at org.testng.SuiteRunner.runTest(SuiteRunner.java:377)
at org.testng.SuiteRunner.runSequentially(SuiteRunner.java:371)
at org.testng.SuiteRunner.privateRun(SuiteRunner.java:332)
at org.testng.SuiteRunner.run(SuiteRunner.java:276)
at org.testng.SuiteRunnerWorker.runSuite(SuiteRunnerWorker.java:53)
at org.testng.SuiteRunnerWorker.run(SuiteRunnerWorker.java:96)
at org.testng.TestNG.runSuitesSequentially(TestNG.java:1212)
at org.testng.TestNG.runSuitesLocally(TestNG.java:1134)
at org.testng.TestNG.runSuites(TestNG.java:1063)
at org.testng.TestNG.run(TestNG.java:1031)
at com.intellij.rt.testng.IDEARemoteTestNG.run(IDEARemoteTestNG.java:66)
at com.intellij.rt.testng.RemoteTestNGStarter.main(RemoteTestNGStarter.java:109)
]]>
            </full-stacktrace>
          </exception> <!-- dev.chirp.customexceptions.InvalidInputException -->
          <reporter-output>
          </reporter-output>
        </test-method> <!-- serviceFollowByIdsNegativeTargetId -->
        <test-method signature="serviceFollowByIdsValid()[pri:0, instance:service.RelationshipsServiceTests@7fc2413d]" started-at="2022-01-12T11:34:28 PST" name="serviceFollowByIdsValid" finished-at="2022-01-12T11:34:28 PST" duration-ms="1" status="PASS">
          <reporter-output>
          </reporter-output>
        </test-method> <!-- serviceFollowByIdsValid -->
        <test-method signature="serviceGetFollowersByUserIdValid()[pri:0, instance:service.RelationshipsServiceTests@7fc2413d]" started-at="2022-01-12T11:34:28 PST" name="serviceGetFollowersByUserIdValid" finished-at="2022-01-12T11:34:28 PST" duration-ms="1" status="PASS">
          <reporter-output>
          </reporter-output>
        </test-method> <!-- serviceGetFollowersByUserIdValid -->
        <test-method signature="serviceGetFollowersByUserIdNegativeUserId()[pri:0, instance:service.RelationshipsServiceTests@7fc2413d]" started-at="2022-01-12T11:34:28 PST" name="serviceGetFollowersByUserIdNegativeUserId" finished-at="2022-01-12T11:34:28 PST" duration-ms="0" status="PASS">
          <exception class="dev.chirp.customexceptions.InvalidInputException">
            <message>
              <![CDATA[Invalid Input]]>
            </message>
            <full-stacktrace>
              <![CDATA[dev.chirp.customexceptions.InvalidInputException: Invalid Input
at dev.chirp.service.implementations.RelationshipsService.serviceGetFollowersByUserId(RelationshipsService.java:52)
at service.RelationshipsServiceTests.serviceGetFollowersByUserIdNegativeUserId(RelationshipsServiceTests.java:107)
at java.base/jdk.internal.reflect.NativeMethodAccessorImpl.invoke0(Native Method)
at java.base/jdk.internal.reflect.NativeMethodAccessorImpl.invoke(NativeMethodAccessorImpl.java:77)
at java.base/jdk.internal.reflect.DelegatingMethodAccessorImpl.invoke(DelegatingMethodAccessorImpl.java:43)
at java.base/java.lang.reflect.Method.invoke(Method.java:568)
at org.testng.internal.MethodInvocationHelper.invokeMethod(MethodInvocationHelper.java:133)
at org.testng.internal.TestInvoker.invokeMethod(TestInvoker.java:598)
at org.testng.internal.TestInvoker.invokeTestMethod(TestInvoker.java:173)
at org.testng.internal.MethodRunner.runInSequence(MethodRunner.java:46)
at org.testng.internal.TestInvoker$MethodInvocationAgent.invoke(TestInvoker.java:824)
at org.testng.internal.TestInvoker.invokeTestMethods(TestInvoker.java:146)
at org.testng.internal.TestMethodWorker.invokeTestMethods(TestMethodWorker.java:146)
at org.testng.internal.TestMethodWorker.run(TestMethodWorker.java:128)
at java.base/java.util.ArrayList.forEach(ArrayList.java:1511)
at org.testng.TestRunner.privateRun(TestRunner.java:794)
at org.testng.TestRunner.run(TestRunner.java:596)
at org.testng.SuiteRunner.runTest(SuiteRunner.java:377)
at org.testng.SuiteRunner.runSequentially(SuiteRunner.java:371)
at org.testng.SuiteRunner.privateRun(SuiteRunner.java:332)
at org.testng.SuiteRunner.run(SuiteRunner.java:276)
at org.testng.SuiteRunnerWorker.runSuite(SuiteRunnerWorker.java:53)
at org.testng.SuiteRunnerWorker.run(SuiteRunnerWorker.java:96)
at org.testng.TestNG.runSuitesSequentially(TestNG.java:1212)
at org.testng.TestNG.runSuitesLocally(TestNG.java:1134)
at org.testng.TestNG.runSuites(TestNG.java:1063)
at org.testng.TestNG.run(TestNG.java:1031)
at com.intellij.rt.testng.IDEARemoteTestNG.run(IDEARemoteTestNG.java:66)
at com.intellij.rt.testng.RemoteTestNGStarter.main(RemoteTestNGStarter.java:109)
]]>
            </full-stacktrace>
          </exception> <!-- dev.chirp.customexceptions.InvalidInputException -->
          <reporter-output>
          </reporter-output>
        </test-method> <!-- serviceGetFollowersByUserIdNegativeUserId -->
        <test-method signature="serviceGetFollowingByUserIdNegativeUserId()[pri:0, instance:service.RelationshipsServiceTests@7fc2413d]" started-at="2022-01-12T11:34:28 PST" name="serviceGetFollowingByUserIdNegativeUserId" finished-at="2022-01-12T11:34:28 PST" duration-ms="0" status="PASS">
          <exception class="dev.chirp.customexceptions.InvalidInputException">
            <message>
              <![CDATA[Invalid Input]]>
            </message>
            <full-stacktrace>
              <![CDATA[dev.chirp.customexceptions.InvalidInputException: Invalid Input
at dev.chirp.service.implementations.RelationshipsService.serviceGetFollowingByUserId(RelationshipsService.java:44)
at service.RelationshipsServiceTests.serviceGetFollowingByUserIdNegativeUserId(RelationshipsServiceTests.java:91)
at java.base/jdk.internal.reflect.NativeMethodAccessorImpl.invoke0(Native Method)
at java.base/jdk.internal.reflect.NativeMethodAccessorImpl.invoke(NativeMethodAccessorImpl.java:77)
at java.base/jdk.internal.reflect.DelegatingMethodAccessorImpl.invoke(DelegatingMethodAccessorImpl.java:43)
at java.base/java.lang.reflect.Method.invoke(Method.java:568)
at org.testng.internal.MethodInvocationHelper.invokeMethod(MethodInvocationHelper.java:133)
at org.testng.internal.TestInvoker.invokeMethod(TestInvoker.java:598)
at org.testng.internal.TestInvoker.invokeTestMethod(TestInvoker.java:173)
at org.testng.internal.MethodRunner.runInSequence(MethodRunner.java:46)
at org.testng.internal.TestInvoker$MethodInvocationAgent.invoke(TestInvoker.java:824)
at org.testng.internal.TestInvoker.invokeTestMethods(TestInvoker.java:146)
at org.testng.internal.TestMethodWorker.invokeTestMethods(TestMethodWorker.java:146)
at org.testng.internal.TestMethodWorker.run(TestMethodWorker.java:128)
at java.base/java.util.ArrayList.forEach(ArrayList.java:1511)
at org.testng.TestRunner.privateRun(TestRunner.java:794)
at org.testng.TestRunner.run(TestRunner.java:596)
at org.testng.SuiteRunner.runTest(SuiteRunner.java:377)
at org.testng.SuiteRunner.runSequentially(SuiteRunner.java:371)
at org.testng.SuiteRunner.privateRun(SuiteRunner.java:332)
at org.testng.SuiteRunner.run(SuiteRunner.java:276)
at org.testng.SuiteRunnerWorker.runSuite(SuiteRunnerWorker.java:53)
at org.testng.SuiteRunnerWorker.run(SuiteRunnerWorker.java:96)
at org.testng.TestNG.runSuitesSequentially(TestNG.java:1212)
at org.testng.TestNG.runSuitesLocally(TestNG.java:1134)
at org.testng.TestNG.runSuites(TestNG.java:1063)
at org.testng.TestNG.run(TestNG.java:1031)
at com.intellij.rt.testng.IDEARemoteTestNG.run(IDEARemoteTestNG.java:66)
at com.intellij.rt.testng.RemoteTestNGStarter.main(RemoteTestNGStarter.java:109)
]]>
            </full-stacktrace>
          </exception> <!-- dev.chirp.customexceptions.InvalidInputException -->
          <reporter-output>
          </reporter-output>
        </test-method> <!-- serviceGetFollowingByUserIdNegativeUserId -->
        <test-method signature="serviceGetFollowingByUserIdValid()[pri:0, instance:service.RelationshipsServiceTests@7fc2413d]" started-at="2022-01-12T11:34:28 PST" name="serviceGetFollowingByUserIdValid" finished-at="2022-01-12T11:34:28 PST" duration-ms="0" status="PASS">
          <reporter-output>
          </reporter-output>
        </test-method> <!-- serviceGetFollowingByUserIdValid -->
        <test-method signature="serviceLikeByIdsNegativePostId()[pri:0, instance:service.RelationshipsServiceTests@7fc2413d]" started-at="2022-01-12T11:34:28 PST" name="serviceLikeByIdsNegativePostId" finished-at="2022-01-12T11:34:28 PST" duration-ms="0" status="PASS">
          <exception class="dev.chirp.customexceptions.InvalidInputException">
            <message>
              <![CDATA[Invalid Input]]>
            </message>
            <full-stacktrace>
              <![CDATA[dev.chirp.customexceptions.InvalidInputException: Invalid Input
at dev.chirp.service.implementations.RelationshipsService.serviceLikeByIds(RelationshipsService.java:28)
at service.RelationshipsServiceTests.serviceLikeByIdsNegativePostId(RelationshipsServiceTests.java:44)
at java.base/jdk.internal.reflect.NativeMethodAccessorImpl.invoke0(Native Method)
at java.base/jdk.internal.reflect.NativeMethodAccessorImpl.invoke(NativeMethodAccessorImpl.java:77)
at java.base/jdk.internal.reflect.DelegatingMethodAccessorImpl.invoke(DelegatingMethodAccessorImpl.java:43)
at java.base/java.lang.reflect.Method.invoke(Method.java:568)
at org.testng.internal.MethodInvocationHelper.invokeMethod(MethodInvocationHelper.java:133)
at org.testng.internal.TestInvoker.invokeMethod(TestInvoker.java:598)
at org.testng.internal.TestInvoker.invokeTestMethod(TestInvoker.java:173)
at org.testng.internal.MethodRunner.runInSequence(MethodRunner.java:46)
at org.testng.internal.TestInvoker$MethodInvocationAgent.invoke(TestInvoker.java:824)
at org.testng.internal.TestInvoker.invokeTestMethods(TestInvoker.java:146)
at org.testng.internal.TestMethodWorker.invokeTestMethods(TestMethodWorker.java:146)
at org.testng.internal.TestMethodWorker.run(TestMethodWorker.java:128)
at java.base/java.util.ArrayList.forEach(ArrayList.java:1511)
at org.testng.TestRunner.privateRun(TestRunner.java:794)
at org.testng.TestRunner.run(TestRunner.java:596)
at org.testng.SuiteRunner.runTest(SuiteRunner.java:377)
at org.testng.SuiteRunner.runSequentially(SuiteRunner.java:371)
at org.testng.SuiteRunner.privateRun(SuiteRunner.java:332)
at org.testng.SuiteRunner.run(SuiteRunner.java:276)
at org.testng.SuiteRunnerWorker.runSuite(SuiteRunnerWorker.java:53)
at org.testng.SuiteRunnerWorker.run(SuiteRunnerWorker.java:96)
at org.testng.TestNG.runSuitesSequentially(TestNG.java:1212)
at org.testng.TestNG.runSuitesLocally(TestNG.java:1134)
at org.testng.TestNG.runSuites(TestNG.java:1063)
at org.testng.TestNG.run(TestNG.java:1031)
at com.intellij.rt.testng.IDEARemoteTestNG.run(IDEARemoteTestNG.java:66)
at com.intellij.rt.testng.RemoteTestNGStarter.main(RemoteTestNGStarter.java:109)
]]>
            </full-stacktrace>
          </exception> <!-- dev.chirp.customexceptions.InvalidInputException -->
          <reporter-output>
          </reporter-output>
        </test-method> <!-- serviceLikeByIdsNegativePostId -->
        <test-method signature="serviceLikeByIdsNegativeIds()[pri:0, instance:service.RelationshipsServiceTests@7fc2413d]" started-at="2022-01-12T11:34:28 PST" name="serviceLikeByIdsNegativeIds" finished-at="2022-01-12T11:34:28 PST" duration-ms="0" status="PASS">
          <exception class="dev.chirp.customexceptions.InvalidInputException">
            <message>
              <![CDATA[Invalid Input]]>
            </message>
            <full-stacktrace>
              <![CDATA[dev.chirp.customexceptions.InvalidInputException: Invalid Input
at dev.chirp.service.implementations.RelationshipsService.serviceLikeByIds(RelationshipsService.java:28)
at service.RelationshipsServiceTests.serviceLikeByIdsNegativeIds(RelationshipsServiceTests.java:49)
at java.base/jdk.internal.reflect.NativeMethodAccessorImpl.invoke0(Native Method)
at java.base/jdk.internal.reflect.NativeMethodAccessorImpl.invoke(NativeMethodAccessorImpl.java:77)
at java.base/jdk.internal.reflect.DelegatingMethodAccessorImpl.invoke(DelegatingMethodAccessorImpl.java:43)
at java.base/java.lang.reflect.Method.invoke(Method.java:568)
at org.testng.internal.MethodInvocationHelper.invokeMethod(MethodInvocationHelper.java:133)
at org.testng.internal.TestInvoker.invokeMethod(TestInvoker.java:598)
at org.testng.internal.TestInvoker.invokeTestMethod(TestInvoker.java:173)
at org.testng.internal.MethodRunner.runInSequence(MethodRunner.java:46)
at org.testng.internal.TestInvoker$MethodInvocationAgent.invoke(TestInvoker.java:824)
at org.testng.internal.TestInvoker.invokeTestMethods(TestInvoker.java:146)
at org.testng.internal.TestMethodWorker.invokeTestMethods(TestMethodWorker.java:146)
at org.testng.internal.TestMethodWorker.run(TestMethodWorker.java:128)
at java.base/java.util.ArrayList.forEach(ArrayList.java:1511)
at org.testng.TestRunner.privateRun(TestRunner.java:794)
at org.testng.TestRunner.run(TestRunner.java:596)
at org.testng.SuiteRunner.runTest(SuiteRunner.java:377)
at org.testng.SuiteRunner.runSequentially(SuiteRunner.java:371)
at org.testng.SuiteRunner.privateRun(SuiteRunner.java:332)
at org.testng.SuiteRunner.run(SuiteRunner.java:276)
at org.testng.SuiteRunnerWorker.runSuite(SuiteRunnerWorker.java:53)
at org.testng.SuiteRunnerWorker.run(SuiteRunnerWorker.java:96)
at org.testng.TestNG.runSuitesSequentially(TestNG.java:1212)
at org.testng.TestNG.runSuitesLocally(TestNG.java:1134)
at org.testng.TestNG.runSuites(TestNG.java:1063)
at org.testng.TestNG.run(TestNG.java:1031)
at com.intellij.rt.testng.IDEARemoteTestNG.run(IDEARemoteTestNG.java:66)
at com.intellij.rt.testng.RemoteTestNGStarter.main(RemoteTestNGStarter.java:109)
]]>
            </full-stacktrace>
          </exception> <!-- dev.chirp.customexceptions.InvalidInputException -->
          <reporter-output>
          </reporter-output>
        </test-method> <!-- serviceLikeByIdsNegativeIds -->
        <test-method signature="serviceLikeByIdsValid()[pri:0, instance:service.RelationshipsServiceTests@7fc2413d]" started-at="2022-01-12T11:34:28 PST" name="serviceLikeByIdsValid" finished-at="2022-01-12T11:34:28 PST" duration-ms="1" status="PASS">
          <reporter-output>
          </reporter-output>
        </test-method> <!-- serviceLikeByIdsValid -->
        <test-method signature="serviceLikeByIdsNegativeUserId()[pri:0, instance:service.RelationshipsServiceTests@7fc2413d]" started-at="2022-01-12T11:34:28 PST" name="serviceLikeByIdsNegativeUserId" finished-at="2022-01-12T11:34:28 PST" duration-ms="0" status="PASS">
          <exception class="dev.chirp.customexceptions.InvalidInputException">
            <message>
              <![CDATA[Invalid Input]]>
            </message>
            <full-stacktrace>
              <![CDATA[dev.chirp.customexceptions.InvalidInputException: Invalid Input
at dev.chirp.service.implementations.RelationshipsService.serviceLikeByIds(RelationshipsService.java:28)
at service.RelationshipsServiceTests.serviceLikeByIdsNegativeUserId(RelationshipsServiceTests.java:39)
at java.base/jdk.internal.reflect.NativeMethodAccessorImpl.invoke0(Native Method)
at java.base/jdk.internal.reflect.NativeMethodAccessorImpl.invoke(NativeMethodAccessorImpl.java:77)
at java.base/jdk.internal.reflect.DelegatingMethodAccessorImpl.invoke(DelegatingMethodAccessorImpl.java:43)
at java.base/java.lang.reflect.Method.invoke(Method.java:568)
at org.testng.internal.MethodInvocationHelper.invokeMethod(MethodInvocationHelper.java:133)
at org.testng.internal.TestInvoker.invokeMethod(TestInvoker.java:598)
at org.testng.internal.TestInvoker.invokeTestMethod(TestInvoker.java:173)
at org.testng.internal.MethodRunner.runInSequence(MethodRunner.java:46)
at org.testng.internal.TestInvoker$MethodInvocationAgent.invoke(TestInvoker.java:824)
at org.testng.internal.TestInvoker.invokeTestMethods(TestInvoker.java:146)
at org.testng.internal.TestMethodWorker.invokeTestMethods(TestMethodWorker.java:146)
at org.testng.internal.TestMethodWorker.run(TestMethodWorker.java:128)
at java.base/java.util.ArrayList.forEach(ArrayList.java:1511)
at org.testng.TestRunner.privateRun(TestRunner.java:794)
at org.testng.TestRunner.run(TestRunner.java:596)
at org.testng.SuiteRunner.runTest(SuiteRunner.java:377)
at org.testng.SuiteRunner.runSequentially(SuiteRunner.java:371)
at org.testng.SuiteRunner.privateRun(SuiteRunner.java:332)
at org.testng.SuiteRunner.run(SuiteRunner.java:276)
at org.testng.SuiteRunnerWorker.runSuite(SuiteRunnerWorker.java:53)
at org.testng.SuiteRunnerWorker.run(SuiteRunnerWorker.java:96)
at org.testng.TestNG.runSuitesSequentially(TestNG.java:1212)
at org.testng.TestNG.runSuitesLocally(TestNG.java:1134)
at org.testng.TestNG.runSuites(TestNG.java:1063)
at org.testng.TestNG.run(TestNG.java:1031)
at com.intellij.rt.testng.IDEARemoteTestNG.run(IDEARemoteTestNG.java:66)
at com.intellij.rt.testng.RemoteTestNGStarter.main(RemoteTestNGStarter.java:109)
]]>
            </full-stacktrace>
          </exception> <!-- dev.chirp.customexceptions.InvalidInputException -->
          <reporter-output>
          </reporter-output>
        </test-method> <!-- serviceLikeByIdsNegativeUserId -->
        <test-method signature="serviceUnfollowByIdsNegativeIds()[pri:0, instance:service.RelationshipsServiceTests@7fc2413d]" started-at="2022-01-12T11:34:28 PST" name="serviceUnfollowByIdsNegativeIds" finished-at="2022-01-12T11:34:28 PST" duration-ms="0" status="PASS">
          <exception class="dev.chirp.customexceptions.InvalidInputException">
            <message>
              <![CDATA[Invalid Input]]>
            </message>
            <full-stacktrace>
              <![CDATA[dev.chirp.customexceptions.InvalidInputException: Invalid Input
at dev.chirp.service.implementations.RelationshipsService.serviceUnfollowByIds(RelationshipsService.java:68)
at service.RelationshipsServiceTests.serviceUnfollowByIdsNegativeIds(RelationshipsServiceTests.java:157)
at java.base/jdk.internal.reflect.NativeMethodAccessorImpl.invoke0(Native Method)
at java.base/jdk.internal.reflect.NativeMethodAccessorImpl.invoke(NativeMethodAccessorImpl.java:77)
at java.base/jdk.internal.reflect.DelegatingMethodAccessorImpl.invoke(DelegatingMethodAccessorImpl.java:43)
at java.base/java.lang.reflect.Method.invoke(Method.java:568)
at org.testng.internal.MethodInvocationHelper.invokeMethod(MethodInvocationHelper.java:133)
at org.testng.internal.TestInvoker.invokeMethod(TestInvoker.java:598)
at org.testng.internal.TestInvoker.invokeTestMethod(TestInvoker.java:173)
at org.testng.internal.MethodRunner.runInSequence(MethodRunner.java:46)
at org.testng.internal.TestInvoker$MethodInvocationAgent.invoke(TestInvoker.java:824)
at org.testng.internal.TestInvoker.invokeTestMethods(TestInvoker.java:146)
at org.testng.internal.TestMethodWorker.invokeTestMethods(TestMethodWorker.java:146)
at org.testng.internal.TestMethodWorker.run(TestMethodWorker.java:128)
at java.base/java.util.ArrayList.forEach(ArrayList.java:1511)
at org.testng.TestRunner.privateRun(TestRunner.java:794)
at org.testng.TestRunner.run(TestRunner.java:596)
at org.testng.SuiteRunner.runTest(SuiteRunner.java:377)
at org.testng.SuiteRunner.runSequentially(SuiteRunner.java:371)
at org.testng.SuiteRunner.privateRun(SuiteRunner.java:332)
at org.testng.SuiteRunner.run(SuiteRunner.java:276)
at org.testng.SuiteRunnerWorker.runSuite(SuiteRunnerWorker.java:53)
at org.testng.SuiteRunnerWorker.run(SuiteRunnerWorker.java:96)
at org.testng.TestNG.runSuitesSequentially(TestNG.java:1212)
at org.testng.TestNG.runSuitesLocally(TestNG.java:1134)
at org.testng.TestNG.runSuites(TestNG.java:1063)
at org.testng.TestNG.run(TestNG.java:1031)
at com.intellij.rt.testng.IDEARemoteTestNG.run(IDEARemoteTestNG.java:66)
at com.intellij.rt.testng.RemoteTestNGStarter.main(RemoteTestNGStarter.java:109)
]]>
            </full-stacktrace>
          </exception> <!-- dev.chirp.customexceptions.InvalidInputException -->
          <reporter-output>
          </reporter-output>
        </test-method> <!-- serviceUnfollowByIdsNegativeIds -->
        <test-method signature="serviceUnfollowByIdsNegativeMyId()[pri:0, instance:service.RelationshipsServiceTests@7fc2413d]" started-at="2022-01-12T11:34:28 PST" name="serviceUnfollowByIdsNegativeMyId" finished-at="2022-01-12T11:34:28 PST" duration-ms="1" status="PASS">
          <exception class="dev.chirp.customexceptions.InvalidInputException">
            <message>
              <![CDATA[Invalid Input]]>
            </message>
            <full-stacktrace>
              <![CDATA[dev.chirp.customexceptions.InvalidInputException: Invalid Input
at dev.chirp.service.implementations.RelationshipsService.serviceUnfollowByIds(RelationshipsService.java:68)
at service.RelationshipsServiceTests.serviceUnfollowByIdsNegativeMyId(RelationshipsServiceTests.java:147)
at java.base/jdk.internal.reflect.NativeMethodAccessorImpl.invoke0(Native Method)
at java.base/jdk.internal.reflect.NativeMethodAccessorImpl.invoke(NativeMethodAccessorImpl.java:77)
at java.base/jdk.internal.reflect.DelegatingMethodAccessorImpl.invoke(DelegatingMethodAccessorImpl.java:43)
at java.base/java.lang.reflect.Method.invoke(Method.java:568)
at org.testng.internal.MethodInvocationHelper.invokeMethod(MethodInvocationHelper.java:133)
at org.testng.internal.TestInvoker.invokeMethod(TestInvoker.java:598)
at org.testng.internal.TestInvoker.invokeTestMethod(TestInvoker.java:173)
at org.testng.internal.MethodRunner.runInSequence(MethodRunner.java:46)
at org.testng.internal.TestInvoker$MethodInvocationAgent.invoke(TestInvoker.java:824)
at org.testng.internal.TestInvoker.invokeTestMethods(TestInvoker.java:146)
at org.testng.internal.TestMethodWorker.invokeTestMethods(TestMethodWorker.java:146)
at org.testng.internal.TestMethodWorker.run(TestMethodWorker.java:128)
at java.base/java.util.ArrayList.forEach(ArrayList.java:1511)
at org.testng.TestRunner.privateRun(TestRunner.java:794)
at org.testng.TestRunner.run(TestRunner.java:596)
at org.testng.SuiteRunner.runTest(SuiteRunner.java:377)
at org.testng.SuiteRunner.runSequentially(SuiteRunner.java:371)
at org.testng.SuiteRunner.privateRun(SuiteRunner.java:332)
at org.testng.SuiteRunner.run(SuiteRunner.java:276)
at org.testng.SuiteRunnerWorker.runSuite(SuiteRunnerWorker.java:53)
at org.testng.SuiteRunnerWorker.run(SuiteRunnerWorker.java:96)
at org.testng.TestNG.runSuitesSequentially(TestNG.java:1212)
at org.testng.TestNG.runSuitesLocally(TestNG.java:1134)
at org.testng.TestNG.runSuites(TestNG.java:1063)
at org.testng.TestNG.run(TestNG.java:1031)
at com.intellij.rt.testng.IDEARemoteTestNG.run(IDEARemoteTestNG.java:66)
at com.intellij.rt.testng.RemoteTestNGStarter.main(RemoteTestNGStarter.java:109)
]]>
            </full-stacktrace>
          </exception> <!-- dev.chirp.customexceptions.InvalidInputException -->
          <reporter-output>
          </reporter-output>
        </test-method> <!-- serviceUnfollowByIdsNegativeMyId -->
        <test-method signature="serviceUnfollowByIdsValid()[pri:0, instance:service.RelationshipsServiceTests@7fc2413d]" started-at="2022-01-12T11:34:28 PST" name="serviceUnfollowByIdsValid" finished-at="2022-01-12T11:34:28 PST" duration-ms="0" status="PASS">
          <reporter-output>
          </reporter-output>
        </test-method> <!-- serviceUnfollowByIdsValid -->
        <test-method signature="serviceUnfollowByIdsNegativeTargetId()[pri:0, instance:service.RelationshipsServiceTests@7fc2413d]" started-at="2022-01-12T11:34:28 PST" name="serviceUnfollowByIdsNegativeTargetId" finished-at="2022-01-12T11:34:28 PST" duration-ms="0" status="PASS">
          <exception class="dev.chirp.customexceptions.InvalidInputException">
            <message>
              <![CDATA[Invalid Input]]>
            </message>
            <full-stacktrace>
              <![CDATA[dev.chirp.customexceptions.InvalidInputException: Invalid Input
at dev.chirp.service.implementations.RelationshipsService.serviceUnfollowByIds(RelationshipsService.java:68)
at service.RelationshipsServiceTests.serviceUnfollowByIdsNegativeTargetId(RelationshipsServiceTests.java:152)
at java.base/jdk.internal.reflect.NativeMethodAccessorImpl.invoke0(Native Method)
at java.base/jdk.internal.reflect.NativeMethodAccessorImpl.invoke(NativeMethodAccessorImpl.java:77)
at java.base/jdk.internal.reflect.DelegatingMethodAccessorImpl.invoke(DelegatingMethodAccessorImpl.java:43)
at java.base/java.lang.reflect.Method.invoke(Method.java:568)
at org.testng.internal.MethodInvocationHelper.invokeMethod(MethodInvocationHelper.java:133)
at org.testng.internal.TestInvoker.invokeMethod(TestInvoker.java:598)
at org.testng.internal.TestInvoker.invokeTestMethod(TestInvoker.java:173)
at org.testng.internal.MethodRunner.runInSequence(MethodRunner.java:46)
at org.testng.internal.TestInvoker$MethodInvocationAgent.invoke(TestInvoker.java:824)
at org.testng.internal.TestInvoker.invokeTestMethods(TestInvoker.java:146)
at org.testng.internal.TestMethodWorker.invokeTestMethods(TestMethodWorker.java:146)
at org.testng.internal.TestMethodWorker.run(TestMethodWorker.java:128)
at java.base/java.util.ArrayList.forEach(ArrayList.java:1511)
at org.testng.TestRunner.privateRun(TestRunner.java:794)
at org.testng.TestRunner.run(TestRunner.java:596)
at org.testng.SuiteRunner.runTest(SuiteRunner.java:377)
at org.testng.SuiteRunner.runSequentially(SuiteRunner.java:371)
at org.testng.SuiteRunner.privateRun(SuiteRunner.java:332)
at org.testng.SuiteRunner.run(SuiteRunner.java:276)
at org.testng.SuiteRunnerWorker.runSuite(SuiteRunnerWorker.java:53)
at org.testng.SuiteRunnerWorker.run(SuiteRunnerWorker.java:96)
at org.testng.TestNG.runSuitesSequentially(TestNG.java:1212)
at org.testng.TestNG.runSuitesLocally(TestNG.java:1134)
at org.testng.TestNG.runSuites(TestNG.java:1063)
at org.testng.TestNG.run(TestNG.java:1031)
at com.intellij.rt.testng.IDEARemoteTestNG.run(IDEARemoteTestNG.java:66)
at com.intellij.rt.testng.RemoteTestNGStarter.main(RemoteTestNGStarter.java:109)
]]>
            </full-stacktrace>
          </exception> <!-- dev.chirp.customexceptions.InvalidInputException -->
          <reporter-output>
          </reporter-output>
        </test-method> <!-- serviceUnfollowByIdsNegativeTargetId -->
        <test-method signature="serviceUnlikeByIdsNegativeUserId()[pri:0, instance:service.RelationshipsServiceTests@7fc2413d]" started-at="2022-01-12T11:34:28 PST" name="serviceUnlikeByIdsNegativeUserId" finished-at="2022-01-12T11:34:28 PST" duration-ms="0" status="PASS">
          <exception class="dev.chirp.customexceptions.InvalidInputException">
            <message>
              <![CDATA[Invalid Input]]>
            </message>
            <full-stacktrace>
              <![CDATA[dev.chirp.customexceptions.InvalidInputException: Invalid Input
at dev.chirp.service.implementations.RelationshipsService.serviceUnlikeByIds(RelationshipsService.java:36)
at service.RelationshipsServiceTests.serviceUnlikeByIdsNegativeUserId(RelationshipsServiceTests.java:64)
at java.base/jdk.internal.reflect.NativeMethodAccessorImpl.invoke0(Native Method)
at java.base/jdk.internal.reflect.NativeMethodAccessorImpl.invoke(NativeMethodAccessorImpl.java:77)
at java.base/jdk.internal.reflect.DelegatingMethodAccessorImpl.invoke(DelegatingMethodAccessorImpl.java:43)
at java.base/java.lang.reflect.Method.invoke(Method.java:568)
at org.testng.internal.MethodInvocationHelper.invokeMethod(MethodInvocationHelper.java:133)
at org.testng.internal.TestInvoker.invokeMethod(TestInvoker.java:598)
at org.testng.internal.TestInvoker.invokeTestMethod(TestInvoker.java:173)
at org.testng.internal.MethodRunner.runInSequence(MethodRunner.java:46)
at org.testng.internal.TestInvoker$MethodInvocationAgent.invoke(TestInvoker.java:824)
at org.testng.internal.TestInvoker.invokeTestMethods(TestInvoker.java:146)
at org.testng.internal.TestMethodWorker.invokeTestMethods(TestMethodWorker.java:146)
at org.testng.internal.TestMethodWorker.run(TestMethodWorker.java:128)
at java.base/java.util.ArrayList.forEach(ArrayList.java:1511)
at org.testng.TestRunner.privateRun(TestRunner.java:794)
at org.testng.TestRunner.run(TestRunner.java:596)
at org.testng.SuiteRunner.runTest(SuiteRunner.java:377)
at org.testng.SuiteRunner.runSequentially(SuiteRunner.java:371)
at org.testng.SuiteRunner.privateRun(SuiteRunner.java:332)
at org.testng.SuiteRunner.run(SuiteRunner.java:276)
at org.testng.SuiteRunnerWorker.runSuite(SuiteRunnerWorker.java:53)
at org.testng.SuiteRunnerWorker.run(SuiteRunnerWorker.java:96)
at org.testng.TestNG.runSuitesSequentially(TestNG.java:1212)
at org.testng.TestNG.runSuitesLocally(TestNG.java:1134)
at org.testng.TestNG.runSuites(TestNG.java:1063)
at org.testng.TestNG.run(TestNG.java:1031)
at com.intellij.rt.testng.IDEARemoteTestNG.run(IDEARemoteTestNG.java:66)
at com.intellij.rt.testng.RemoteTestNGStarter.main(RemoteTestNGStarter.java:109)
]]>
            </full-stacktrace>
          </exception> <!-- dev.chirp.customexceptions.InvalidInputException -->
          <reporter-output>
          </reporter-output>
        </test-method> <!-- serviceUnlikeByIdsNegativeUserId -->
        <test-method signature="serviceUnlikeByIdsNegativeIds()[pri:0, instance:service.RelationshipsServiceTests@7fc2413d]" started-at="2022-01-12T11:34:28 PST" name="serviceUnlikeByIdsNegativeIds" finished-at="2022-01-12T11:34:28 PST" duration-ms="0" status="PASS">
          <exception class="dev.chirp.customexceptions.InvalidInputException">
            <message>
              <![CDATA[Invalid Input]]>
            </message>
            <full-stacktrace>
              <![CDATA[dev.chirp.customexceptions.InvalidInputException: Invalid Input
at dev.chirp.service.implementations.RelationshipsService.serviceUnlikeByIds(RelationshipsService.java:36)
at service.RelationshipsServiceTests.serviceUnlikeByIdsNegativeIds(RelationshipsServiceTests.java:74)
at java.base/jdk.internal.reflect.NativeMethodAccessorImpl.invoke0(Native Method)
at java.base/jdk.internal.reflect.NativeMethodAccessorImpl.invoke(NativeMethodAccessorImpl.java:77)
at java.base/jdk.internal.reflect.DelegatingMethodAccessorImpl.invoke(DelegatingMethodAccessorImpl.java:43)
at java.base/java.lang.reflect.Method.invoke(Method.java:568)
at org.testng.internal.MethodInvocationHelper.invokeMethod(MethodInvocationHelper.java:133)
at org.testng.internal.TestInvoker.invokeMethod(TestInvoker.java:598)
at org.testng.internal.TestInvoker.invokeTestMethod(TestInvoker.java:173)
at org.testng.internal.MethodRunner.runInSequence(MethodRunner.java:46)
at org.testng.internal.TestInvoker$MethodInvocationAgent.invoke(TestInvoker.java:824)
at org.testng.internal.TestInvoker.invokeTestMethods(TestInvoker.java:146)
at org.testng.internal.TestMethodWorker.invokeTestMethods(TestMethodWorker.java:146)
at org.testng.internal.TestMethodWorker.run(TestMethodWorker.java:128)
at java.base/java.util.ArrayList.forEach(ArrayList.java:1511)
at org.testng.TestRunner.privateRun(TestRunner.java:794)
at org.testng.TestRunner.run(TestRunner.java:596)
at org.testng.SuiteRunner.runTest(SuiteRunner.java:377)
at org.testng.SuiteRunner.runSequentially(SuiteRunner.java:371)
at org.testng.SuiteRunner.privateRun(SuiteRunner.java:332)
at org.testng.SuiteRunner.run(SuiteRunner.java:276)
at org.testng.SuiteRunnerWorker.runSuite(SuiteRunnerWorker.java:53)
at org.testng.SuiteRunnerWorker.run(SuiteRunnerWorker.java:96)
at org.testng.TestNG.runSuitesSequentially(TestNG.java:1212)
at org.testng.TestNG.runSuitesLocally(TestNG.java:1134)
at org.testng.TestNG.runSuites(TestNG.java:1063)
at org.testng.TestNG.run(TestNG.java:1031)
at com.intellij.rt.testng.IDEARemoteTestNG.run(IDEARemoteTestNG.java:66)
at com.intellij.rt.testng.RemoteTestNGStarter.main(RemoteTestNGStarter.java:109)
]]>
            </full-stacktrace>
          </exception> <!-- dev.chirp.customexceptions.InvalidInputException -->
          <reporter-output>
          </reporter-output>
        </test-method> <!-- serviceUnlikeByIdsNegativeIds -->
        <test-method signature="serviceUnlikeByIdsNegativePostId()[pri:0, instance:service.RelationshipsServiceTests@7fc2413d]" started-at="2022-01-12T11:34:28 PST" name="serviceUnlikeByIdsNegativePostId" finished-at="2022-01-12T11:34:28 PST" duration-ms="0" status="PASS">
          <exception class="dev.chirp.customexceptions.InvalidInputException">
            <message>
              <![CDATA[Invalid Input]]>
            </message>
            <full-stacktrace>
              <![CDATA[dev.chirp.customexceptions.InvalidInputException: Invalid Input
at dev.chirp.service.implementations.RelationshipsService.serviceUnlikeByIds(RelationshipsService.java:36)
at service.RelationshipsServiceTests.serviceUnlikeByIdsNegativePostId(RelationshipsServiceTests.java:69)
at java.base/jdk.internal.reflect.NativeMethodAccessorImpl.invoke0(Native Method)
at java.base/jdk.internal.reflect.NativeMethodAccessorImpl.invoke(NativeMethodAccessorImpl.java:77)
at java.base/jdk.internal.reflect.DelegatingMethodAccessorImpl.invoke(DelegatingMethodAccessorImpl.java:43)
at java.base/java.lang.reflect.Method.invoke(Method.java:568)
at org.testng.internal.MethodInvocationHelper.invokeMethod(MethodInvocationHelper.java:133)
at org.testng.internal.TestInvoker.invokeMethod(TestInvoker.java:598)
at org.testng.internal.TestInvoker.invokeTestMethod(TestInvoker.java:173)
at org.testng.internal.MethodRunner.runInSequence(MethodRunner.java:46)
at org.testng.internal.TestInvoker$MethodInvocationAgent.invoke(TestInvoker.java:824)
at org.testng.internal.TestInvoker.invokeTestMethods(TestInvoker.java:146)
at org.testng.internal.TestMethodWorker.invokeTestMethods(TestMethodWorker.java:146)
at org.testng.internal.TestMethodWorker.run(TestMethodWorker.java:128)
at java.base/java.util.ArrayList.forEach(ArrayList.java:1511)
at org.testng.TestRunner.privateRun(TestRunner.java:794)
at org.testng.TestRunner.run(TestRunner.java:596)
at org.testng.SuiteRunner.runTest(SuiteRunner.java:377)
at org.testng.SuiteRunner.runSequentially(SuiteRunner.java:371)
at org.testng.SuiteRunner.privateRun(SuiteRunner.java:332)
at org.testng.SuiteRunner.run(SuiteRunner.java:276)
at org.testng.SuiteRunnerWorker.runSuite(SuiteRunnerWorker.java:53)
at org.testng.SuiteRunnerWorker.run(SuiteRunnerWorker.java:96)
at org.testng.TestNG.runSuitesSequentially(TestNG.java:1212)
at org.testng.TestNG.runSuitesLocally(TestNG.java:1134)
at org.testng.TestNG.runSuites(TestNG.java:1063)
at org.testng.TestNG.run(TestNG.java:1031)
at com.intellij.rt.testng.IDEARemoteTestNG.run(IDEARemoteTestNG.java:66)
at com.intellij.rt.testng.RemoteTestNGStarter.main(RemoteTestNGStarter.java:109)
]]>
            </full-stacktrace>
          </exception> <!-- dev.chirp.customexceptions.InvalidInputException -->
          <reporter-output>
          </reporter-output>
        </test-method> <!-- serviceUnlikeByIdsNegativePostId -->
        <test-method signature="serviceUnlikeByIdsValid()[pri:0, instance:service.RelationshipsServiceTests@7fc2413d]" started-at="2022-01-12T11:34:28 PST" name="serviceUnlikeByIdsValid" finished-at="2022-01-12T11:34:28 PST" duration-ms="0" status="PASS">
          <reporter-output>
          </reporter-output>
        </test-method> <!-- serviceUnlikeByIdsValid -->
      </class> <!-- service.RelationshipsServiceTests -->
      <class name="dao.RelationshipsDAOTests">
        <test-method signature="followByIds()[pri:0, instance:dao.RelationshipsDAOTests@7995092a]" started-at="2022-01-12T11:34:11 PST" name="followByIds" finished-at="2022-01-12T11:34:12 PST" duration-ms="986" status="PASS">
          <reporter-output>
          </reporter-output>
        </test-method> <!-- followByIds -->
        <test-method signature="followByIdsNonExistingMyId()[pri:0, instance:dao.RelationshipsDAOTests@7995092a]" started-at="2022-01-12T11:34:12 PST" name="followByIdsNonExistingMyId" finished-at="2022-01-12T11:34:13 PST" duration-ms="976" status="PASS">
          <reporter-output>
          </reporter-output>
        </test-method> <!-- followByIdsNonExistingMyId -->
        <test-method signature="followByIdsNonExistingTargetId()[pri:0, instance:dao.RelationshipsDAOTests@7995092a]" started-at="2022-01-12T11:34:13 PST" name="followByIdsNonExistingTargetId" finished-at="2022-01-12T11:34:14 PST" duration-ms="968" status="PASS">
          <reporter-output>
          </reporter-output>
        </test-method> <!-- followByIdsNonExistingTargetId -->
        <test-method signature="getFollowersByNonExistingUserId()[pri:0, instance:dao.RelationshipsDAOTests@7995092a]" started-at="2022-01-12T11:34:14 PST" name="getFollowersByNonExistingUserId" finished-at="2022-01-12T11:34:15 PST" duration-ms="955" status="PASS">
          <reporter-output>
          </reporter-output>
        </test-method> <!-- getFollowersByNonExistingUserId -->
        <test-method signature="getFollowersByUserId()[pri:0, instance:dao.RelationshipsDAOTests@7995092a]" started-at="2022-01-12T11:34:15 PST" name="getFollowersByUserId" finished-at="2022-01-12T11:34:16 PST" duration-ms="978" status="FAIL">
          <exception class="java.lang.AssertionError">
            <message>
              <![CDATA[expected [true] but found [false]]]>
            </message>
            <full-stacktrace>
              <![CDATA[java.lang.AssertionError: expected [true] but found [false]
at org.testng.Assert.fail(Assert.java:99)
at org.testng.Assert.failNotEquals(Assert.java:1037)
at org.testng.Assert.assertTrue(Assert.java:45)
at org.testng.Assert.assertTrue(Assert.java:55)
at dao.RelationshipsDAOTests.getFollowersByUserId(RelationshipsDAOTests.java:69)
at java.base/jdk.internal.reflect.NativeMethodAccessorImpl.invoke0(Native Method)
at java.base/jdk.internal.reflect.NativeMethodAccessorImpl.invoke(NativeMethodAccessorImpl.java:77)
at java.base/jdk.internal.reflect.DelegatingMethodAccessorImpl.invoke(DelegatingMethodAccessorImpl.java:43)
at java.base/java.lang.reflect.Method.invoke(Method.java:568)
at org.testng.internal.MethodInvocationHelper.invokeMethod(MethodInvocationHelper.java:133)
at org.testng.internal.TestInvoker.invokeMethod(TestInvoker.java:598)
at org.testng.internal.TestInvoker.invokeTestMethod(TestInvoker.java:173)
at org.testng.internal.MethodRunner.runInSequence(MethodRunner.java:46)
at org.testng.internal.TestInvoker$MethodInvocationAgent.invoke(TestInvoker.java:824)
at org.testng.internal.TestInvoker.invokeTestMethods(TestInvoker.java:146)
at org.testng.internal.TestMethodWorker.invokeTestMethods(TestMethodWorker.java:146)
at org.testng.internal.TestMethodWorker.run(TestMethodWorker.java:128)
at java.base/java.util.ArrayList.forEach(ArrayList.java:1511)
at org.testng.TestRunner.privateRun(TestRunner.java:794)
at org.testng.TestRunner.run(TestRunner.java:596)
at org.testng.SuiteRunner.runTest(SuiteRunner.java:377)
at org.testng.SuiteRunner.runSequentially(SuiteRunner.java:371)
at org.testng.SuiteRunner.privateRun(SuiteRunner.java:332)
at org.testng.SuiteRunner.run(SuiteRunner.java:276)
at org.testng.SuiteRunnerWorker.runSuite(SuiteRunnerWorker.java:53)
at org.testng.SuiteRunnerWorker.run(SuiteRunnerWorker.java:96)
at org.testng.TestNG.runSuitesSequentially(TestNG.java:1212)
at org.testng.TestNG.runSuitesLocally(TestNG.java:1134)
at org.testng.TestNG.runSuites(TestNG.java:1063)
at org.testng.TestNG.run(TestNG.java:1031)
at com.intellij.rt.testng.IDEARemoteTestNG.run(IDEARemoteTestNG.java:66)
at com.intellij.rt.testng.RemoteTestNGStarter.main(RemoteTestNGStarter.java:109)
]]>
            </full-stacktrace>
          </exception> <!-- java.lang.AssertionError -->
          <reporter-output>
          </reporter-output>
        </test-method> <!-- getFollowersByUserId -->
        <test-method signature="getFollowingByNonExistingUserId()[pri:0, instance:dao.RelationshipsDAOTests@7995092a]" started-at="2022-01-12T11:34:16 PST" name="getFollowingByNonExistingUserId" finished-at="2022-01-12T11:34:17 PST" duration-ms="978" status="PASS">
          <reporter-output>
          </reporter-output>
        </test-method> <!-- getFollowingByNonExistingUserId -->
        <test-method signature="getFollowingByUserId()[pri:0, instance:dao.RelationshipsDAOTests@7995092a]" started-at="2022-01-12T11:34:17 PST" name="getFollowingByUserId" finished-at="2022-01-12T11:34:18 PST" duration-ms="983" status="PASS">
          <reporter-output>
          </reporter-output>
        </test-method> <!-- getFollowingByUserId -->
        <test-method signature="getLikesByNonExistingPostId()[pri:0, instance:dao.RelationshipsDAOTests@7995092a]" started-at="2022-01-12T11:34:18 PST" name="getLikesByNonExistingPostId" finished-at="2022-01-12T11:34:19 PST" duration-ms="966" status="PASS">
          <reporter-output>
          </reporter-output>
        </test-method> <!-- getLikesByNonExistingPostId -->
        <test-method signature="getLikesByPostId()[pri:0, instance:dao.RelationshipsDAOTests@7995092a]" started-at="2022-01-12T11:34:19 PST" name="getLikesByPostId" finished-at="2022-01-12T11:34:20 PST" duration-ms="1056" status="FAIL">
          <exception class="java.lang.AssertionError">
            <message>
              <![CDATA[expected [true] but found [false]]]>
            </message>
            <full-stacktrace>
              <![CDATA[java.lang.AssertionError: expected [true] but found [false]
at org.testng.Assert.fail(Assert.java:99)
at org.testng.Assert.failNotEquals(Assert.java:1037)
at org.testng.Assert.assertTrue(Assert.java:45)
at org.testng.Assert.assertTrue(Assert.java:55)
at dao.RelationshipsDAOTests.getLikesByPostId(RelationshipsDAOTests.java:15)
at java.base/jdk.internal.reflect.NativeMethodAccessorImpl.invoke0(Native Method)
at java.base/jdk.internal.reflect.NativeMethodAccessorImpl.invoke(NativeMethodAccessorImpl.java:77)
at java.base/jdk.internal.reflect.DelegatingMethodAccessorImpl.invoke(DelegatingMethodAccessorImpl.java:43)
at java.base/java.lang.reflect.Method.invoke(Method.java:568)
at org.testng.internal.MethodInvocationHelper.invokeMethod(MethodInvocationHelper.java:133)
at org.testng.internal.TestInvoker.invokeMethod(TestInvoker.java:598)
at org.testng.internal.TestInvoker.invokeTestMethod(TestInvoker.java:173)
at org.testng.internal.MethodRunner.runInSequence(MethodRunner.java:46)
at org.testng.internal.TestInvoker$MethodInvocationAgent.invoke(TestInvoker.java:824)
at org.testng.internal.TestInvoker.invokeTestMethods(TestInvoker.java:146)
at org.testng.internal.TestMethodWorker.invokeTestMethods(TestMethodWorker.java:146)
at org.testng.internal.TestMethodWorker.run(TestMethodWorker.java:128)
at java.base/java.util.ArrayList.forEach(ArrayList.java:1511)
at org.testng.TestRunner.privateRun(TestRunner.java:794)
at org.testng.TestRunner.run(TestRunner.java:596)
at org.testng.SuiteRunner.runTest(SuiteRunner.java:377)
at org.testng.SuiteRunner.runSequentially(SuiteRunner.java:371)
at org.testng.SuiteRunner.privateRun(SuiteRunner.java:332)
at org.testng.SuiteRunner.run(SuiteRunner.java:276)
at org.testng.SuiteRunnerWorker.runSuite(SuiteRunnerWorker.java:53)
at org.testng.SuiteRunnerWorker.run(SuiteRunnerWorker.java:96)
at org.testng.TestNG.runSuitesSequentially(TestNG.java:1212)
at org.testng.TestNG.runSuitesLocally(TestNG.java:1134)
at org.testng.TestNG.runSuites(TestNG.java:1063)
at org.testng.TestNG.run(TestNG.java:1031)
at com.intellij.rt.testng.IDEARemoteTestNG.run(IDEARemoteTestNG.java:66)
at com.intellij.rt.testng.RemoteTestNGStarter.main(RemoteTestNGStarter.java:109)
]]>
            </full-stacktrace>
          </exception> <!-- java.lang.AssertionError -->
          <reporter-output>
          </reporter-output>
        </test-method> <!-- getLikesByPostId -->
        <test-method signature="likeByIdsNonExistingPostId()[pri:0, instance:dao.RelationshipsDAOTests@7995092a]" started-at="2022-01-12T11:34:20 PST" name="likeByIdsNonExistingPostId" finished-at="2022-01-12T11:34:21 PST" duration-ms="961" status="PASS">
          <reporter-output>
          </reporter-output>
        </test-method> <!-- likeByIdsNonExistingPostId -->
        <test-method signature="likeByIdsNonExistingUserId()[pri:0, instance:dao.RelationshipsDAOTests@7995092a]" started-at="2022-01-12T11:34:21 PST" name="likeByIdsNonExistingUserId" finished-at="2022-01-12T11:34:22 PST" duration-ms="952" status="PASS">
          <reporter-output>
          </reporter-output>
        </test-method> <!-- likeByIdsNonExistingUserId -->
        <test-method signature="unfollowByIds()[pri:0, instance:dao.RelationshipsDAOTests@7995092a]" started-at="2022-01-12T11:34:22 PST" name="unfollowByIds" finished-at="2022-01-12T11:34:23 PST" duration-ms="969" status="PASS">
          <reporter-output>
          </reporter-output>
        </test-method> <!-- unfollowByIds -->
        <test-method signature="unfollowByIdsNonExistingMyId()[pri:0, instance:dao.RelationshipsDAOTests@7995092a]" started-at="2022-01-12T11:34:23 PST" name="unfollowByIdsNonExistingMyId" finished-at="2022-01-12T11:34:24 PST" duration-ms="969" status="PASS">
          <reporter-output>
          </reporter-output>
        </test-method> <!-- unfollowByIdsNonExistingMyId -->
        <test-method signature="unfollowByIdsNonExistingTargetId()[pri:0, instance:dao.RelationshipsDAOTests@7995092a]" started-at="2022-01-12T11:34:24 PST" name="unfollowByIdsNonExistingTargetId" finished-at="2022-01-12T11:34:25 PST" duration-ms="956" status="PASS">
          <reporter-output>
          </reporter-output>
        </test-method> <!-- unfollowByIdsNonExistingTargetId -->
        <test-method signature="unlikeByIds()[pri:0, instance:dao.RelationshipsDAOTests@7995092a]" started-at="2022-01-12T11:34:25 PST" name="unlikeByIds" finished-at="2022-01-12T11:34:26 PST" duration-ms="962" status="FAIL">
          <exception class="java.lang.AssertionError">
            <message>
              <![CDATA[expected [true] but found [false]]]>
            </message>
            <full-stacktrace>
              <![CDATA[java.lang.AssertionError: expected [true] but found [false]
at org.testng.Assert.fail(Assert.java:99)
at org.testng.Assert.failNotEquals(Assert.java:1037)
at org.testng.Assert.assertTrue(Assert.java:45)
at org.testng.Assert.assertTrue(Assert.java:55)
at dao.RelationshipsDAOTests.unlikeByIds(RelationshipsDAOTests.java:39)
at java.base/jdk.internal.reflect.NativeMethodAccessorImpl.invoke0(Native Method)
at java.base/jdk.internal.reflect.NativeMethodAccessorImpl.invoke(NativeMethodAccessorImpl.java:77)
at java.base/jdk.internal.reflect.DelegatingMethodAccessorImpl.invoke(DelegatingMethodAccessorImpl.java:43)
at java.base/java.lang.reflect.Method.invoke(Method.java:568)
at org.testng.internal.MethodInvocationHelper.invokeMethod(MethodInvocationHelper.java:133)
at org.testng.internal.TestInvoker.invokeMethod(TestInvoker.java:598)
at org.testng.internal.TestInvoker.invokeTestMethod(TestInvoker.java:173)
at org.testng.internal.MethodRunner.runInSequence(MethodRunner.java:46)
at org.testng.internal.TestInvoker$MethodInvocationAgent.invoke(TestInvoker.java:824)
at org.testng.internal.TestInvoker.invokeTestMethods(TestInvoker.java:146)
at org.testng.internal.TestMethodWorker.invokeTestMethods(TestMethodWorker.java:146)
at org.testng.internal.TestMethodWorker.run(TestMethodWorker.java:128)
at java.base/java.util.ArrayList.forEach(ArrayList.java:1511)
at org.testng.TestRunner.privateRun(TestRunner.java:794)
at org.testng.TestRunner.run(TestRunner.java:596)
at org.testng.SuiteRunner.runTest(SuiteRunner.java:377)
at org.testng.SuiteRunner.runSequentially(SuiteRunner.java:371)
at org.testng.SuiteRunner.privateRun(SuiteRunner.java:332)
at org.testng.SuiteRunner.run(SuiteRunner.java:276)
at org.testng.SuiteRunnerWorker.runSuite(SuiteRunnerWorker.java:53)
at org.testng.SuiteRunnerWorker.run(SuiteRunnerWorker.java:96)
at org.testng.TestNG.runSuitesSequentially(TestNG.java:1212)
at org.testng.TestNG.runSuitesLocally(TestNG.java:1134)
at org.testng.TestNG.runSuites(TestNG.java:1063)
at org.testng.TestNG.run(TestNG.java:1031)
at com.intellij.rt.testng.IDEARemoteTestNG.run(IDEARemoteTestNG.java:66)
at com.intellij.rt.testng.RemoteTestNGStarter.main(RemoteTestNGStarter.java:109)
]]>
            </full-stacktrace>
          </exception> <!-- java.lang.AssertionError -->
          <reporter-output>
          </reporter-output>
        </test-method> <!-- unlikeByIds -->
        <test-method signature="unlikeByIdsNonExistingPostId()[pri:0, instance:dao.RelationshipsDAOTests@7995092a]" started-at="2022-01-12T11:34:26 PST" name="unlikeByIdsNonExistingPostId" finished-at="2022-01-12T11:34:27 PST" duration-ms="970" status="PASS">
          <reporter-output>
          </reporter-output>
        </test-method> <!-- unlikeByIdsNonExistingPostId -->
        <test-method signature="unlikeByIdsNonExistingUserId()[pri:0, instance:dao.RelationshipsDAOTests@7995092a]" started-at="2022-01-12T11:34:27 PST" name="unlikeByIdsNonExistingUserId" finished-at="2022-01-12T11:34:28 PST" duration-ms="955" status="PASS">
          <reporter-output>
          </reporter-output>
        </test-method> <!-- unlikeByIdsNonExistingUserId -->
      </class> <!-- dao.RelationshipsDAOTests -->
    </test> <!-- Revature_project2 -->
  </suite> <!-- Default Suite -->
</testng-results>
